<state xmlns="http://www.bit-sys.com/mist/state/v4" source="OpenSphere (Unknown Version)" version="v4"><title>test-state-geoserver</title><map><kml:Camera xmlns:kml="http://www.opengis.net/kml/2.2"><kml:longitude>16.73044470676947</kml:longitude><kml:latitude>-2.797683591937144</kml:latitude><kml:altitude>2382818.1708392724</kml:altitude><kml:heading>0</kml:heading><kml:tilt>0</kml:tilt><kml:roll>0</kml:roll><kml:altitudeMode>clampToGround</kml:altitudeMode></kml:Camera><projection>Equirectangular</projection></map><dataLayers type="data"><layer type="WFS"><id>qp3ga14c4gks#OSDS:VIIRS_Detection#features</id><colorControl>colorControl:pickerReset</colorControl><exclusions>true</exclusions><filter>true</filter><layerType>Tile and Feature Groups</layerType><load>true</load><params><service>WFS</service><version>1.1.0</version><request>GetFeature</request><srsname>EPSG:4326</srsname><outputformat>application/json</outputformat><typename>OSDS:VIIRS_Detection</typename><namespace>xmlns:OSDS="http://mil.nga.osd"</namespace></params><dataProvider>GEOINT GeoServer</dataProvider><spatial>true</spatial><tags><tag>viirs_detection</tag><tag>features</tag></tags><temporal>true</temporal><title>VIIRS Detection</title><url>https://gdp-geoserver.dev.dev.east.paas.geointservices.io/geoserver/wfs</url><usePost>true</usePost><formats><format>text/xml; subtype=gml/3.2</format><format>GML2</format><format>KML</format><format>SHAPE-ZIP</format><format>application/gml+xml; version=3.2</format><format>application/json</format><format>application/vnd.google-earth.kml xml</format><format>application/vnd.google-earth.kml+xml</format><format>csv</format><format>gml3</format><format>gml32</format><format>json</format><format>text/xml; subtype=gml/2.1.2</format><format>text/xml; subtype=gml/3.1.1</format></formats><visible>true</visible><minResolution>0</minResolution><maxResolution>Infinity</maxResolution><arrowSize>100</arrowSize><arrowUnits>m</arrowUnits><lobColumnLength>1000</lobColumnLength><lobLength>1000</lobLength><lobLengthType>manual</lobLengthType><lobLengthColumn></lobLengthColumn><lobLengthError>1</lobLengthError><lobLengthErrorColumn></lobLengthErrorColumn><lobLengthErrorUnits>m</lobLengthErrorUnits><lobLengthUnits>m</lobLengthUnits><lobBearingColumn></lobBearingColumn><lobBearingError>1</lobBearingError><lobBearingErrorColumn></lobBearingErrorColumn><rotationColumn></rotationColumn><showLabels>false</showLabels><shapeName>Default</shapeName><centerShapeName>Point</centerShapeName><animate>true</animate><altitudeMode>absolute</altitudeMode><refreshRate>0</refreshRate><basicFeatureStyle><pointColor>0xFFFFFF</pointColor><pointOpacity>255</pointOpacity><pointSize>6</pointSize><labelSize>14</labelSize></basicFeatureStyle></layer><layer type="WMS"><id>qp3ga14c4gks#OSDS:VIIRS_Detection#tiles</id><colorControl>colorControl:pickerReset</colorControl><animate>true</animate><dateFormat>YYYY-MM-DDTHH:mm:ss[Z]</dateFormat><extents><north xmlns="http://www.opengis.net/kml/2.2">9309453.043264396</north><south xmlns="http://www.opengis.net/kml/2.2">-5678566.367080838</south><east xmlns="http://www.opengis.net/kml/2.2">19638364.372687884</east><west xmlns="http://www.opengis.net/kml/2.2">-18351066.29752896</west></extents><layerType>Tile and Feature Groups</layerType><legends><legend><Format>image/png</Format><OnlineResource>https://gdp-geoserver.dev.dev.east.paas.geointservices.io/geoserver/ows?service=WMS&amp;request=GetLegendGraphic&amp;format=image%2Fpng&amp;width=20&amp;height=20&amp;layer=OSDS%3AVIIRS_Detection</OnlineResource><size><size>20</size><size>20</size></size></legend><legend><Format>image/png</Format><OnlineResource>https://gdp-geoserver.dev.dev.east.paas.geointservices.io/geoserver/ows?service=WMS&amp;request=GetLegendGraphic&amp;format=image%2Fpng&amp;width=20&amp;height=20&amp;layer=OSDS%3AVIIRS_Detection&amp;style=VIIRS%20Detection</OnlineResource><size><size>20</size><size>20</size></size></legend></legends><params><LAYERS>OSDS:VIIRS_Detection</LAYERS><VERSION>1.3.0</VERSION></params><dataProvider>GEOINT GeoServer</dataProvider><styles><style><name>VIIRS_Detection:VIIRS Detection</name><title>VIIRS Detection Event</title></style><style><name>VIIRS_Detection:VIIRS Detection</name><title>VIIRS Detection Event</title></style></styles><tags><tag>viirs_detection</tag><tag>features</tag></tags><timeFormat>{start}/{end}</timeFormat><title>VIIRS Detection</title><projections><projection>EPSG:3857</projection><projection>EPSG:4326</projection><projection>CRS:84</projection><projection>EPSG:900913</projection><projection>AUTO:42001</projection><projection>AUTO:42002</projection><projection>AUTO:42003</projection><projection>AUTO:42004</projection><projection>AUTO:97001</projection><projection>AUTO:97002</projection><projection>EPSG:WGS84(DD)</projection><projection>EPSG:2000</projection><projection>EPSG:2001</projection><projection>EPSG:2002</projection><projection>EPSG:2003</projection><projection>EPSG:2004</projection><projection>EPSG:2005</projection><projection>EPSG:2006</projection><projection>EPSG:2007</projection><projection>EPSG:2008</projection><projection>EPSG:2009</projection><projection>EPSG:2010</projection><projection>EPSG:2011</projection><projection>EPSG:2012</projection><projection>EPSG:2013</projection><projection>EPSG:2014</projection><projection>EPSG:2015</projection><projection>EPSG:2016</projection><projection>EPSG:2017</projection><projection>EPSG:2018</projection><projection>EPSG:2019</projection><projection>EPSG:2020</projection><projection>EPSG:2021</projection><projection>EPSG:2022</projection><projection>EPSG:2023</projection><projection>EPSG:2024</projection><projection>EPSG:2025</projection><projection>EPSG:2026</projection><projection>EPSG:2027</projection><projection>EPSG:2028</projection><projection>EPSG:2029</projection><projection>EPSG:2030</projection><projection>EPSG:2031</projection><projection>EPSG:2032</projection><projection>EPSG:2033</projection><projection>EPSG:2034</projection><projection>EPSG:2035</projection><projection>EPSG:2036</projection><projection>EPSG:2037</projection><projection>EPSG:2038</projection><projection>EPSG:2039</projection><projection>EPSG:2040</projection><projection>EPSG:2041</projection><projection>EPSG:2042</projection><projection>EPSG:2043</projection><projection>EPSG:2044</projection><projection>EPSG:2045</projection><projection>EPSG:2046</projection><projection>EPSG:2047</projection><projection>EPSG:2048</projection><projection>EPSG:2049</projection><projection>EPSG:2050</projection><projection>EPSG:2051</projection><projection>EPSG:2052</projection><projection>EPSG:2053</projection><projection>EPSG:2054</projection><projection>EPSG:2055</projection><projection>EPSG:2056</projection><projection>EPSG:2057</projection><projection>EPSG:2058</projection><projection>EPSG:2059</projection><projection>EPSG:2060</projection><projection>EPSG:2061</projection><projection>EPSG:2062</projection><projection>EPSG:2063</projection><projection>EPSG:2064</projection><projection>EPSG:2065</projection><projection>EPSG:2066</projection><projection>EPSG:2067</projection><projection>EPSG:2068</projection><projection>EPSG:2069</projection><projection>EPSG:2070</projection><projection>EPSG:2071</projection><projection>EPSG:2072</projection><projection>EPSG:2073</projection><projection>EPSG:2074</projection><projection>EPSG:2075</projection><projection>EPSG:2076</projection><projection>EPSG:2077</projection><projection>EPSG:2078</projection><projection>EPSG:2079</projection><projection>EPSG:2080</projection><projection>EPSG:2081</projection><projection>EPSG:2082</projection><projection>EPSG:2083</projection><projection>EPSG:2084</projection><projection>EPSG:2085</projection><projection>EPSG:2086</projection><projection>EPSG:2087</projection><projection>EPSG:2088</projection><projection>EPSG:2089</projection><projection>EPSG:2090</projection><projection>EPSG:2091</projection><projection>EPSG:2092</projection><projection>EPSG:2093</projection><projection>EPSG:2094</projection><projection>EPSG:2095</projection><projection>EPSG:2096</projection><projection>EPSG:2097</projection><projection>EPSG:2098</projection><projection>EPSG:2099</projection><projection>EPSG:2100</projection><projection>EPSG:2101</projection><projection>EPSG:2102</projection><projection>EPSG:2103</projection><projection>EPSG:2104</projection><projection>EPSG:2105</projection><projection>EPSG:2106</projection><projection>EPSG:2107</projection><projection>EPSG:2108</projection><projection>EPSG:2109</projection><projection>EPSG:2110</projection><projection>EPSG:2111</projection><projection>EPSG:2112</projection><projection>EPSG:2113</projection><projection>EPSG:2114</projection><projection>EPSG:2115</projection><projection>EPSG:2116</projection><projection>EPSG:2117</projection><projection>EPSG:2118</projection><projection>EPSG:2119</projection><projection>EPSG:2120</projection><projection>EPSG:2121</projection><projection>EPSG:2122</projection><projection>EPSG:2123</projection><projection>EPSG:2124</projection><projection>EPSG:2125</projection><projection>EPSG:2126</projection><projection>EPSG:2127</projection><projection>EPSG:2128</projection><projection>EPSG:2129</projection><projection>EPSG:2130</projection><projection>EPSG:2131</projection><projection>EPSG:2132</projection><projection>EPSG:2133</projection><projection>EPSG:2134</projection><projection>EPSG:2135</projection><projection>EPSG:2136</projection><projection>EPSG:2137</projection><projection>EPSG:2138</projection><projection>EPSG:2139</projection><projection>EPSG:2140</projection><projection>EPSG:2141</projection><projection>EPSG:2142</projection><projection>EPSG:2143</projection><projection>EPSG:2144</projection><projection>EPSG:2145</projection><projection>EPSG:2146</projection><projection>EPSG:2147</projection><projection>EPSG:2148</projection><projection>EPSG:2149</projection><projection>EPSG:2150</projection><projection>EPSG:2151</projection><projection>EPSG:2152</projection><projection>EPSG:2153</projection><projection>EPSG:2154</projection><projection>EPSG:2155</projection><projection>EPSG:2156</projection><projection>EPSG:2157</projection><projection>EPSG:2158</projection><projection>EPSG:2159</projection><projection>EPSG:2160</projection><projection>EPSG:2161</projection><projection>EPSG:2162</projection><projection>EPSG:2163</projection><projection>EPSG:2164</projection><projection>EPSG:2165</projection><projection>EPSG:2166</projection><projection>EPSG:2167</projection><projection>EPSG:2168</projection><projection>EPSG:2169</projection><projection>EPSG:2170</projection><projection>EPSG:2171</projection><projection>EPSG:2172</projection><projection>EPSG:2173</projection><projection>EPSG:2174</projection><projection>EPSG:2175</projection><projection>EPSG:2176</projection><projection>EPSG:2177</projection><projection>EPSG:2178</projection><projection>EPSG:2179</projection><projection>EPSG:2180</projection><projection>EPSG:2188</projection><projection>EPSG:2189</projection><projection>EPSG:2190</projection><projection>EPSG:2191</projection><projection>EPSG:2192</projection><projection>EPSG:2193</projection><projection>EPSG:2194</projection><projection>EPSG:2195</projection><projection>EPSG:2196</projection><projection>EPSG:2197</projection><projection>EPSG:2198</projection><projection>EPSG:2199</projection><projection>EPSG:2200</projection><projection>EPSG:2201</projection><projection>EPSG:2202</projection><projection>EPSG:2203</projection><projection>EPSG:2204</projection><projection>EPSG:2205</projection><projection>EPSG:2206</projection><projection>EPSG:2207</projection><projection>EPSG:2208</projection><projection>EPSG:2209</projection><projection>EPSG:2210</projection><projection>EPSG:2211</projection><projection>EPSG:2212</projection><projection>EPSG:2213</projection><projection>EPSG:2214</projection><projection>EPSG:2215</projection><projection>EPSG:2216</projection><projection>EPSG:2217</projection><projection>EPSG:2218</projection><projection>EPSG:2219</projection><projection>EPSG:2220</projection><projection>EPSG:2221</projection><projection>EPSG:2222</projection><projection>EPSG:2223</projection><projection>EPSG:2224</projection><projection>EPSG:2225</projection><projection>EPSG:2226</projection><projection>EPSG:2227</projection><projection>EPSG:2228</projection><projection>EPSG:2229</projection><projection>EPSG:2230</projection><projection>EPSG:2231</projection><projection>EPSG:2232</projection><projection>EPSG:2233</projection><projection>EPSG:2234</projection><projection>EPSG:2235</projection><projection>EPSG:2236</projection><projection>EPSG:2237</projection><projection>EPSG:2238</projection><projection>EPSG:2239</projection><projection>EPSG:2240</projection><projection>EPSG:2241</projection><projection>EPSG:2242</projection><projection>EPSG:2243</projection><projection>EPSG:2244</projection><projection>EPSG:2245</projection><projection>EPSG:2246</projection><projection>EPSG:2247</projection><projection>EPSG:2248</projection><projection>EPSG:2249</projection><projection>EPSG:2250</projection><projection>EPSG:2251</projection><projection>EPSG:2252</projection><projection>EPSG:2253</projection><projection>EPSG:2254</projection><projection>EPSG:2255</projection><projection>EPSG:2256</projection><projection>EPSG:2257</projection><projection>EPSG:2258</projection><projection>EPSG:2259</projection><projection>EPSG:2260</projection><projection>EPSG:2261</projection><projection>EPSG:2262</projection><projection>EPSG:2263</projection><projection>EPSG:2264</projection><projection>EPSG:2265</projection><projection>EPSG:2266</projection><projection>EPSG:2267</projection><projection>EPSG:2268</projection><projection>EPSG:2269</projection><projection>EPSG:2270</projection><projection>EPSG:2271</projection><projection>EPSG:2272</projection><projection>EPSG:2273</projection><projection>EPSG:2274</projection><projection>EPSG:2275</projection><projection>EPSG:2276</projection><projection>EPSG:2277</projection><projection>EPSG:2278</projection><projection>EPSG:2279</projection><projection>EPSG:2280</projection><projection>EPSG:2281</projection><projection>EPSG:2282</projection><projection>EPSG:2283</projection><projection>EPSG:2284</projection><projection>EPSG:2285</projection><projection>EPSG:2286</projection><projection>EPSG:2287</projection><projection>EPSG:2288</projection><projection>EPSG:2289</projection><projection>EPSG:2290</projection><projection>EPSG:2291</projection><projection>EPSG:2292</projection><projection>EPSG:2294</projection><projection>EPSG:2295</projection><projection>EPSG:2296</projection><projection>EPSG:2297</projection><projection>EPSG:2298</projection><projection>EPSG:2299</projection><projection>EPSG:2300</projection><projection>EPSG:2301</projection><projection>EPSG:2302</projection><projection>EPSG:2303</projection><projection>EPSG:2304</projection><projection>EPSG:2305</projection><projection>EPSG:2306</projection><projection>EPSG:2307</projection><projection>EPSG:2308</projection><projection>EPSG:2309</projection><projection>EPSG:2310</projection><projection>EPSG:2311</projection><projection>EPSG:2312</projection><projection>EPSG:2313</projection><projection>EPSG:2314</projection><projection>EPSG:2315</projection><projection>EPSG:2316</projection><projection>EPSG:2317</projection><projection>EPSG:2318</projection><projection>EPSG:2319</projection><projection>EPSG:2320</projection><projection>EPSG:2321</projection><projection>EPSG:2322</projection><projection>EPSG:2323</projection><projection>EPSG:2324</projection><projection>EPSG:2325</projection><projection>EPSG:2326</projection><projection>EPSG:2327</projection><projection>EPSG:2328</projection><projection>EPSG:2329</projection><projection>EPSG:2330</projection><projection>EPSG:2331</projection><projection>EPSG:2332</projection><projection>EPSG:2333</projection><projection>EPSG:2334</projection><projection>EPSG:2335</projection><projection>EPSG:2336</projection><projection>EPSG:2337</projection><projection>EPSG:2338</projection><projection>EPSG:2339</projection><projection>EPSG:2340</projection><projection>EPSG:2341</projection><projection>EPSG:2342</projection><projection>EPSG:2343</projection><projection>EPSG:2344</projection><projection>EPSG:2345</projection><projection>EPSG:2346</projection><projection>EPSG:2347</projection><projection>EPSG:2348</projection><projection>EPSG:2349</projection><projection>EPSG:2350</projection><projection>EPSG:2351</projection><projection>EPSG:2352</projection><projection>EPSG:2353</projection><projection>EPSG:2354</projection><projection>EPSG:2355</projection><projection>EPSG:2356</projection><projection>EPSG:2357</projection><projection>EPSG:2358</projection><projection>EPSG:2359</projection><projection>EPSG:2360</projection><projection>EPSG:2361</projection><projection>EPSG:2362</projection><projection>EPSG:2363</projection><projection>EPSG:2364</projection><projection>EPSG:2365</projection><projection>EPSG:2366</projection><projection>EPSG:2367</projection><projection>EPSG:2368</projection><projection>EPSG:2369</projection><projection>EPSG:2370</projection><projection>EPSG:2371</projection><projection>EPSG:2372</projection><projection>EPSG:2373</projection><projection>EPSG:2374</projection><projection>EPSG:2375</projection><projection>EPSG:2376</projection><projection>EPSG:2377</projection><projection>EPSG:2378</projection><projection>EPSG:2379</projection><projection>EPSG:2380</projection><projection>EPSG:2381</projection><projection>EPSG:2382</projection><projection>EPSG:2383</projection><projection>EPSG:2384</projection><projection>EPSG:2385</projection><projection>EPSG:2386</projection><projection>EPSG:2387</projection><projection>EPSG:2388</projection><projection>EPSG:2389</projection><projection>EPSG:2390</projection><projection>EPSG:2391</projection><projection>EPSG:2392</projection><projection>EPSG:2393</projection><projection>EPSG:2394</projection><projection>EPSG:2395</projection><projection>EPSG:2396</projection><projection>EPSG:2397</projection><projection>EPSG:2398</projection><projection>EPSG:2399</projection><projection>EPSG:2400</projection><projection>EPSG:2401</projection><projection>EPSG:2402</projection><projection>EPSG:2403</projection><projection>EPSG:2404</projection><projection>EPSG:2405</projection><projection>EPSG:2406</projection><projection>EPSG:2407</projection><projection>EPSG:2408</projection><projection>EPSG:2409</projection><projection>EPSG:2410</projection><projection>EPSG:2411</projection><projection>EPSG:2412</projection><projection>EPSG:2413</projection><projection>EPSG:2414</projection><projection>EPSG:2415</projection><projection>EPSG:2416</projection><projection>EPSG:2417</projection><projection>EPSG:2418</projection><projection>EPSG:2419</projection><projection>EPSG:2420</projection><projection>EPSG:2421</projection><projection>EPSG:2422</projection><projection>EPSG:2423</projection><projection>EPSG:2424</projection><projection>EPSG:2425</projection><projection>EPSG:2426</projection><projection>EPSG:2427</projection><projection>EPSG:2428</projection><projection>EPSG:2429</projection><projection>EPSG:2430</projection><projection>EPSG:2431</projection><projection>EPSG:2432</projection><projection>EPSG:2433</projection><projection>EPSG:2434</projection><projection>EPSG:2435</projection><projection>EPSG:2436</projection><projection>EPSG:2437</projection><projection>EPSG:2438</projection><projection>EPSG:2439</projection><projection>EPSG:2440</projection><projection>EPSG:2441</projection><projection>EPSG:2442</projection><projection>EPSG:2443</projection><projection>EPSG:2444</projection><projection>EPSG:2445</projection><projection>EPSG:2446</projection><projection>EPSG:2447</projection><projection>EPSG:2448</projection><projection>EPSG:2449</projection><projection>EPSG:2450</projection><projection>EPSG:2451</projection><projection>EPSG:2452</projection><projection>EPSG:2453</projection><projection>EPSG:2454</projection><projection>EPSG:2455</projection><projection>EPSG:2456</projection><projection>EPSG:2457</projection><projection>EPSG:2458</projection><projection>EPSG:2459</projection><projection>EPSG:2460</projection><projection>EPSG:2461</projection><projection>EPSG:2462</projection><projection>EPSG:2463</projection><projection>EPSG:2464</projection><projection>EPSG:2465</projection><projection>EPSG:2466</projection><projection>EPSG:2467</projection><projection>EPSG:2468</projection><projection>EPSG:2469</projection><projection>EPSG:2470</projection><projection>EPSG:2471</projection><projection>EPSG:2472</projection><projection>EPSG:2473</projection><projection>EPSG:2474</projection><projection>EPSG:2475</projection><projection>EPSG:2476</projection><projection>EPSG:2477</projection><projection>EPSG:2478</projection><projection>EPSG:2479</projection><projection>EPSG:2480</projection><projection>EPSG:2481</projection><projection>EPSG:2482</projection><projection>EPSG:2483</projection><projection>EPSG:2484</projection><projection>EPSG:2485</projection><projection>EPSG:2486</projection><projection>EPSG:2487</projection><projection>EPSG:2488</projection><projection>EPSG:2489</projection><projection>EPSG:2490</projection><projection>EPSG:2491</projection><projection>EPSG:2492</projection><projection>EPSG:2493</projection><projection>EPSG:2494</projection><projection>EPSG:2495</projection><projection>EPSG:2496</projection><projection>EPSG:2497</projection><projection>EPSG:2498</projection><projection>EPSG:2499</projection><projection>EPSG:2500</projection><projection>EPSG:2501</projection><projection>EPSG:2502</projection><projection>EPSG:2503</projection><projection>EPSG:2504</projection><projection>EPSG:2505</projection><projection>EPSG:2506</projection><projection>EPSG:2507</projection><projection>EPSG:2508</projection><projection>EPSG:2509</projection><projection>EPSG:2510</projection><projection>EPSG:2511</projection><projection>EPSG:2512</projection><projection>EPSG:2513</projection><projection>EPSG:2514</projection><projection>EPSG:2515</projection><projection>EPSG:2516</projection><projection>EPSG:2517</projection><projection>EPSG:2518</projection><projection>EPSG:2519</projection><projection>EPSG:2520</projection><projection>EPSG:2521</projection><projection>EPSG:2522</projection><projection>EPSG:2523</projection><projection>EPSG:2524</projection><projection>EPSG:2525</projection><projection>EPSG:2526</projection><projection>EPSG:2527</projection><projection>EPSG:2528</projection><projection>EPSG:2529</projection><projection>EPSG:2530</projection><projection>EPSG:2531</projection><projection>EPSG:2532</projection><projection>EPSG:2533</projection><projection>EPSG:2534</projection><projection>EPSG:2535</projection><projection>EPSG:2536</projection><projection>EPSG:2537</projection><projection>EPSG:2538</projection><projection>EPSG:2539</projection><projection>EPSG:2540</projection><projection>EPSG:2541</projection><projection>EPSG:2542</projection><projection>EPSG:2543</projection><projection>EPSG:2544</projection><projection>EPSG:2545</projection><projection>EPSG:2546</projection><projection>EPSG:2547</projection><projection>EPSG:2548</projection><projection>EPSG:2549</projection><projection>EPSG:2550</projection><projection>EPSG:2551</projection><projection>EPSG:2552</projection><projection>EPSG:2553</projection><projection>EPSG:2554</projection><projection>EPSG:2555</projection><projection>EPSG:2556</projection><projection>EPSG:2557</projection><projection>EPSG:2558</projection><projection>EPSG:2559</projection><projection>EPSG:2560</projection><projection>EPSG:2561</projection><projection>EPSG:2562</projection><projection>EPSG:2563</projection><projection>EPSG:2564</projection><projection>EPSG:2565</projection><projection>EPSG:2566</projection><projection>EPSG:2567</projection><projection>EPSG:2568</projection><projection>EPSG:2569</projection><projection>EPSG:2570</projection><projection>EPSG:2571</projection><projection>EPSG:2572</projection><projection>EPSG:2573</projection><projection>EPSG:2574</projection><projection>EPSG:2575</projection><projection>EPSG:2576</projection><projection>EPSG:2577</projection><projection>EPSG:2578</projection><projection>EPSG:2579</projection><projection>EPSG:2580</projection><projection>EPSG:2581</projection><projection>EPSG:2582</projection><projection>EPSG:2583</projection><projection>EPSG:2584</projection><projection>EPSG:2585</projection><projection>EPSG:2586</projection><projection>EPSG:2587</projection><projection>EPSG:2588</projection><projection>EPSG:2589</projection><projection>EPSG:2590</projection><projection>EPSG:2591</projection><projection>EPSG:2592</projection><projection>EPSG:2593</projection><projection>EPSG:2594</projection><projection>EPSG:2595</projection><projection>EPSG:2596</projection><projection>EPSG:2597</projection><projection>EPSG:2598</projection><projection>EPSG:2599</projection><projection>EPSG:2600</projection><projection>EPSG:2601</projection><projection>EPSG:2602</projection><projection>EPSG:2603</projection><projection>EPSG:2604</projection><projection>EPSG:2605</projection><projection>EPSG:2606</projection><projection>EPSG:2607</projection><projection>EPSG:2608</projection><projection>EPSG:2609</projection><projection>EPSG:2610</projection><projection>EPSG:2611</projection><projection>EPSG:2612</projection><projection>EPSG:2613</projection><projection>EPSG:2614</projection><projection>EPSG:2615</projection><projection>EPSG:2616</projection><projection>EPSG:2617</projection><projection>EPSG:2618</projection><projection>EPSG:2619</projection><projection>EPSG:2620</projection><projection>EPSG:2621</projection><projection>EPSG:2622</projection><projection>EPSG:2623</projection><projection>EPSG:2624</projection><projection>EPSG:2625</projection><projection>EPSG:2626</projection><projection>EPSG:2627</projection><projection>EPSG:2628</projection><projection>EPSG:2629</projection><projection>EPSG:2630</projection><projection>EPSG:2631</projection><projection>EPSG:2632</projection><projection>EPSG:2633</projection><projection>EPSG:2634</projection><projection>EPSG:2635</projection><projection>EPSG:2636</projection><projection>EPSG:2637</projection><projection>EPSG:2638</projection><projection>EPSG:2639</projection><projection>EPSG:2640</projection><projection>EPSG:2641</projection><projection>EPSG:2642</projection><projection>EPSG:2643</projection><projection>EPSG:2644</projection><projection>EPSG:2645</projection><projection>EPSG:2646</projection><projection>EPSG:2647</projection><projection>EPSG:2648</projection><projection>EPSG:2649</projection><projection>EPSG:2650</projection><projection>EPSG:2651</projection><projection>EPSG:2652</projection><projection>EPSG:2653</projection><projection>EPSG:2654</projection><projection>EPSG:2655</projection><projection>EPSG:2656</projection><projection>EPSG:2657</projection><projection>EPSG:2658</projection><projection>EPSG:2659</projection><projection>EPSG:2660</projection><projection>EPSG:2661</projection><projection>EPSG:2662</projection><projection>EPSG:2663</projection><projection>EPSG:2664</projection><projection>EPSG:2665</projection><projection>EPSG:2666</projection><projection>EPSG:2667</projection><projection>EPSG:2668</projection><projection>EPSG:2669</projection><projection>EPSG:2670</projection><projection>EPSG:2671</projection><projection>EPSG:2672</projection><projection>EPSG:2673</projection><projection>EPSG:2674</projection><projection>EPSG:2675</projection><projection>EPSG:2676</projection><projection>EPSG:2677</projection><projection>EPSG:2678</projection><projection>EPSG:2679</projection><projection>EPSG:2680</projection><projection>EPSG:2681</projection><projection>EPSG:2682</projection><projection>EPSG:2683</projection><projection>EPSG:2684</projection><projection>EPSG:2685</projection><projection>EPSG:2686</projection><projection>EPSG:2687</projection><projection>EPSG:2688</projection><projection>EPSG:2689</projection><projection>EPSG:2690</projection><projection>EPSG:2691</projection><projection>EPSG:2692</projection><projection>EPSG:2693</projection><projection>EPSG:2694</projection><projection>EPSG:2695</projection><projection>EPSG:2696</projection><projection>EPSG:2697</projection><projection>EPSG:2698</projection><projection>EPSG:2699</projection><projection>EPSG:2700</projection><projection>EPSG:2701</projection><projection>EPSG:2702</projection><projection>EPSG:2703</projection><projection>EPSG:2704</projection><projection>EPSG:2705</projection><projection>EPSG:2706</projection><projection>EPSG:2707</projection><projection>EPSG:2708</projection><projection>EPSG:2709</projection><projection>EPSG:2710</projection><projection>EPSG:2711</projection><projection>EPSG:2712</projection><projection>EPSG:2713</projection><projection>EPSG:2714</projection><projection>EPSG:2715</projection><projection>EPSG:2716</projection><projection>EPSG:2717</projection><projection>EPSG:2718</projection><projection>EPSG:2719</projection><projection>EPSG:2720</projection><projection>EPSG:2721</projection><projection>EPSG:2722</projection><projection>EPSG:2723</projection><projection>EPSG:2724</projection><projection>EPSG:2725</projection><projection>EPSG:2726</projection><projection>EPSG:2727</projection><projection>EPSG:2728</projection><projection>EPSG:2729</projection><projection>EPSG:2730</projection><projection>EPSG:2731</projection><projection>EPSG:2732</projection><projection>EPSG:2733</projection><projection>EPSG:2734</projection><projection>EPSG:2735</projection><projection>EPSG:2736</projection><projection>EPSG:2737</projection><projection>EPSG:2738</projection><projection>EPSG:2739</projection><projection>EPSG:2740</projection><projection>EPSG:2741</projection><projection>EPSG:2742</projection><projection>EPSG:2743</projection><projection>EPSG:2744</projection><projection>EPSG:2745</projection><projection>EPSG:2746</projection><projection>EPSG:2747</projection><projection>EPSG:2748</projection><projection>EPSG:2749</projection><projection>EPSG:2750</projection><projection>EPSG:2751</projection><projection>EPSG:2752</projection><projection>EPSG:2753</projection><projection>EPSG:2754</projection><projection>EPSG:2755</projection><projection>EPSG:2756</projection><projection>EPSG:2757</projection><projection>EPSG:2758</projection><projection>EPSG:2759</projection><projection>EPSG:2760</projection><projection>EPSG:2761</projection><projection>EPSG:2762</projection><projection>EPSG:2763</projection><projection>EPSG:2764</projection><projection>EPSG:2765</projection><projection>EPSG:2766</projection><projection>EPSG:2767</projection><projection>EPSG:2768</projection><projection>EPSG:2769</projection><projection>EPSG:2770</projection><projection>EPSG:2771</projection><projection>EPSG:2772</projection><projection>EPSG:2773</projection><projection>EPSG:2774</projection><projection>EPSG:2775</projection><projection>EPSG:2776</projection><projection>EPSG:2777</projection><projection>EPSG:2778</projection><projection>EPSG:2779</projection><projection>EPSG:2780</projection><projection>EPSG:2781</projection><projection>EPSG:2782</projection><projection>EPSG:2783</projection><projection>EPSG:2784</projection><projection>EPSG:2785</projection><projection>EPSG:2786</projection><projection>EPSG:2787</projection><projection>EPSG:2788</projection><projection>EPSG:2789</projection><projection>EPSG:2790</projection><projection>EPSG:2791</projection><projection>EPSG:2792</projection><projection>EPSG:2793</projection><projection>EPSG:2794</projection><projection>EPSG:2795</projection><projection>EPSG:2796</projection><projection>EPSG:2797</projection><projection>EPSG:2798</projection><projection>EPSG:2799</projection><projection>EPSG:2800</projection><projection>EPSG:2801</projection><projection>EPSG:2802</projection><projection>EPSG:2803</projection><projection>EPSG:2804</projection><projection>EPSG:2805</projection><projection>EPSG:2806</projection><projection>EPSG:2807</projection><projection>EPSG:2808</projection><projection>EPSG:2809</projection><projection>EPSG:2810</projection><projection>EPSG:2811</projection><projection>EPSG:2812</projection><projection>EPSG:2813</projection><projection>EPSG:2814</projection><projection>EPSG:2815</projection><projection>EPSG:2816</projection><projection>EPSG:2817</projection><projection>EPSG:2818</projection><projection>EPSG:2819</projection><projection>EPSG:2820</projection><projection>EPSG:2821</projection><projection>EPSG:2822</projection><projection>EPSG:2823</projection><projection>EPSG:2824</projection><projection>EPSG:2825</projection><projection>EPSG:2826</projection><projection>EPSG:2827</projection><projection>EPSG:2828</projection><projection>EPSG:2829</projection><projection>EPSG:2830</projection><projection>EPSG:2831</projection><projection>EPSG:2832</projection><projection>EPSG:2833</projection><projection>EPSG:2834</projection><projection>EPSG:2835</projection><projection>EPSG:2836</projection><projection>EPSG:2837</projection><projection>EPSG:2838</projection><projection>EPSG:2839</projection><projection>EPSG:2840</projection><projection>EPSG:2841</projection><projection>EPSG:2842</projection><projection>EPSG:2843</projection><projection>EPSG:2844</projection><projection>EPSG:2845</projection><projection>EPSG:2846</projection><projection>EPSG:2847</projection><projection>EPSG:2848</projection><projection>EPSG:2849</projection><projection>EPSG:2850</projection><projection>EPSG:2851</projection><projection>EPSG:2852</projection><projection>EPSG:2853</projection><projection>EPSG:2854</projection><projection>EPSG:2855</projection><projection>EPSG:2856</projection><projection>EPSG:2857</projection><projection>EPSG:2858</projection><projection>EPSG:2859</projection><projection>EPSG:2860</projection><projection>EPSG:2861</projection><projection>EPSG:2862</projection><projection>EPSG:2863</projection><projection>EPSG:2864</projection><projection>EPSG:2865</projection><projection>EPSG:2866</projection><projection>EPSG:2867</projection><projection>EPSG:2868</projection><projection>EPSG:2869</projection><projection>EPSG:2870</projection><projection>EPSG:2871</projection><projection>EPSG:2872</projection><projection>EPSG:2873</projection><projection>EPSG:2874</projection><projection>EPSG:2875</projection><projection>EPSG:2876</projection><projection>EPSG:2877</projection><projection>EPSG:2878</projection><projection>EPSG:2879</projection><projection>EPSG:2880</projection><projection>EPSG:2881</projection><projection>EPSG:2882</projection><projection>EPSG:2883</projection><projection>EPSG:2884</projection><projection>EPSG:2885</projection><projection>EPSG:2886</projection><projection>EPSG:2887</projection><projection>EPSG:2888</projection><projection>EPSG:2889</projection><projection>EPSG:2890</projection><projection>EPSG:2891</projection><projection>EPSG:2892</projection><projection>EPSG:2893</projection><projection>EPSG:2894</projection><projection>EPSG:2895</projection><projection>EPSG:2896</projection><projection>EPSG:2897</projection><projection>EPSG:2898</projection><projection>EPSG:2899</projection><projection>EPSG:2900</projection><projection>EPSG:2901</projection><projection>EPSG:2902</projection><projection>EPSG:2903</projection><projection>EPSG:2904</projection><projection>EPSG:2905</projection><projection>EPSG:2906</projection><projection>EPSG:2907</projection><projection>EPSG:2908</projection><projection>EPSG:2909</projection><projection>EPSG:2910</projection><projection>EPSG:2911</projection><projection>EPSG:2912</projection><projection>EPSG:2913</projection><projection>EPSG:2914</projection><projection>EPSG:2915</projection><projection>EPSG:2916</projection><projection>EPSG:2917</projection><projection>EPSG:2918</projection><projection>EPSG:2919</projection><projection>EPSG:2920</projection><projection>EPSG:2921</projection><projection>EPSG:2922</projection><projection>EPSG:2923</projection><projection>EPSG:2924</projection><projection>EPSG:2925</projection><projection>EPSG:2926</projection><projection>EPSG:2927</projection><projection>EPSG:2928</projection><projection>EPSG:2929</projection><projection>EPSG:2930</projection><projection>EPSG:2931</projection><projection>EPSG:2932</projection><projection>EPSG:2933</projection><projection>EPSG:2934</projection><projection>EPSG:2935</projection><projection>EPSG:2936</projection><projection>EPSG:2937</projection><projection>EPSG:2938</projection><projection>EPSG:2939</projection><projection>EPSG:2940</projection><projection>EPSG:2941</projection><projection>EPSG:2942</projection><projection>EPSG:2943</projection><projection>EPSG:2944</projection><projection>EPSG:2945</projection><projection>EPSG:2946</projection><projection>EPSG:2947</projection><projection>EPSG:2948</projection><projection>EPSG:2949</projection><projection>EPSG:2950</projection><projection>EPSG:2951</projection><projection>EPSG:2952</projection><projection>EPSG:2953</projection><projection>EPSG:2954</projection><projection>EPSG:2955</projection><projection>EPSG:2956</projection><projection>EPSG:2957</projection><projection>EPSG:2958</projection><projection>EPSG:2959</projection><projection>EPSG:2960</projection><projection>EPSG:2961</projection><projection>EPSG:2962</projection><projection>EPSG:2963</projection><projection>EPSG:2964</projection><projection>EPSG:2965</projection><projection>EPSG:2966</projection><projection>EPSG:2967</projection><projection>EPSG:2968</projection><projection>EPSG:2969</projection><projection>EPSG:2970</projection><projection>EPSG:2971</projection><projection>EPSG:2972</projection><projection>EPSG:2973</projection><projection>EPSG:2975</projection><projection>EPSG:2976</projection><projection>EPSG:2977</projection><projection>EPSG:2978</projection><projection>EPSG:2979</projection><projection>EPSG:2980</projection><projection>EPSG:2981</projection><projection>EPSG:2982</projection><projection>EPSG:2983</projection><projection>EPSG:2984</projection><projection>EPSG:2985</projection><projection>EPSG:2986</projection><projection>EPSG:2987</projection><projection>EPSG:2988</projection><projection>EPSG:2989</projection><projection>EPSG:2990</projection><projection>EPSG:2991</projection><projection>EPSG:2992</projection><projection>EPSG:2993</projection><projection>EPSG:2994</projection><projection>EPSG:2995</projection><projection>EPSG:2996</projection><projection>EPSG:2997</projection><projection>EPSG:2998</projection><projection>EPSG:2999</projection><projection>EPSG:3000</projection><projection>EPSG:3001</projection><projection>EPSG:3002</projection><projection>EPSG:3003</projection><projection>EPSG:3004</projection><projection>EPSG:3005</projection><projection>EPSG:3006</projection><projection>EPSG:3007</projection><projection>EPSG:3008</projection><projection>EPSG:3009</projection><projection>EPSG:3010</projection><projection>EPSG:3011</projection><projection>EPSG:3012</projection><projection>EPSG:3013</projection><projection>EPSG:3014</projection><projection>EPSG:3015</projection><projection>EPSG:3016</projection><projection>EPSG:3017</projection><projection>EPSG:3018</projection><projection>EPSG:3019</projection><projection>EPSG:3020</projection><projection>EPSG:3021</projection><projection>EPSG:3022</projection><projection>EPSG:3023</projection><projection>EPSG:3024</projection><projection>EPSG:3025</projection><projection>EPSG:3026</projection><projection>EPSG:3027</projection><projection>EPSG:3028</projection><projection>EPSG:3029</projection><projection>EPSG:3030</projection><projection>EPSG:3031</projection><projection>EPSG:3032</projection><projection>EPSG:3033</projection><projection>EPSG:3034</projection><projection>EPSG:3035</projection><projection>EPSG:3036</projection><projection>EPSG:3037</projection><projection>EPSG:3038</projection><projection>EPSG:3039</projection><projection>EPSG:3040</projection><projection>EPSG:3041</projection><projection>EPSG:3042</projection><projection>EPSG:3043</projection><projection>EPSG:3044</projection><projection>EPSG:3045</projection><projection>EPSG:3046</projection><projection>EPSG:3047</projection><projection>EPSG:3048</projection><projection>EPSG:3049</projection><projection>EPSG:3050</projection><projection>EPSG:3051</projection><projection>EPSG:3052</projection><projection>EPSG:3053</projection><projection>EPSG:3054</projection><projection>EPSG:3055</projection><projection>EPSG:3056</projection><projection>EPSG:3057</projection><projection>EPSG:3058</projection><projection>EPSG:3059</projection><projection>EPSG:3060</projection><projection>EPSG:3061</projection><projection>EPSG:3062</projection><projection>EPSG:3063</projection><projection>EPSG:3064</projection><projection>EPSG:3065</projection><projection>EPSG:3066</projection><projection>EPSG:3067</projection><projection>EPSG:3068</projection><projection>EPSG:3069</projection><projection>EPSG:3070</projection><projection>EPSG:3071</projection><projection>EPSG:3072</projection><projection>EPSG:3073</projection><projection>EPSG:3074</projection><projection>EPSG:3075</projection><projection>EPSG:3076</projection><projection>EPSG:3077</projection><projection>EPSG:3078</projection><projection>EPSG:3079</projection><projection>EPSG:3080</projection><projection>EPSG:3081</projection><projection>EPSG:3082</projection><projection>EPSG:3083</projection><projection>EPSG:3084</projection><projection>EPSG:3085</projection><projection>EPSG:3086</projection><projection>EPSG:3087</projection><projection>EPSG:3088</projection><projection>EPSG:3089</projection><projection>EPSG:3090</projection><projection>EPSG:3091</projection><projection>EPSG:3092</projection><projection>EPSG:3093</projection><projection>EPSG:3094</projection><projection>EPSG:3095</projection><projection>EPSG:3096</projection><projection>EPSG:3097</projection><projection>EPSG:3098</projection><projection>EPSG:3099</projection><projection>EPSG:3100</projection><projection>EPSG:3101</projection><projection>EPSG:3102</projection><projection>EPSG:3103</projection><projection>EPSG:3104</projection><projection>EPSG:3105</projection><projection>EPSG:3106</projection><projection>EPSG:3107</projection><projection>EPSG:3108</projection><projection>EPSG:3109</projection><projection>EPSG:3110</projection><projection>EPSG:3111</projection><projection>EPSG:3112</projection><projection>EPSG:3113</projection><projection>EPSG:3114</projection><projection>EPSG:3115</projection><projection>EPSG:3116</projection><projection>EPSG:3117</projection><projection>EPSG:3118</projection><projection>EPSG:3119</projection><projection>EPSG:3120</projection><projection>EPSG:3121</projection><projection>EPSG:3122</projection><projection>EPSG:3123</projection><projection>EPSG:3124</projection><projection>EPSG:3125</projection><projection>EPSG:3126</projection><projection>EPSG:3127</projection><projection>EPSG:3128</projection><projection>EPSG:3129</projection><projection>EPSG:3130</projection><projection>EPSG:3131</projection><projection>EPSG:3132</projection><projection>EPSG:3133</projection><projection>EPSG:3134</projection><projection>EPSG:3135</projection><projection>EPSG:3136</projection><projection>EPSG:3137</projection><projection>EPSG:3138</projection><projection>EPSG:3139</projection><projection>EPSG:3140</projection><projection>EPSG:3141</projection><projection>EPSG:3142</projection><projection>EPSG:3143</projection><projection>EPSG:3144</projection><projection>EPSG:3145</projection><projection>EPSG:3146</projection><projection>EPSG:3147</projection><projection>EPSG:3148</projection><projection>EPSG:3149</projection><projection>EPSG:3150</projection><projection>EPSG:3151</projection><projection>EPSG:3152</projection><projection>EPSG:3153</projection><projection>EPSG:3154</projection><projection>EPSG:3155</projection><projection>EPSG:3156</projection><projection>EPSG:3157</projection><projection>EPSG:3158</projection><projection>EPSG:3159</projection><projection>EPSG:3160</projection><projection>EPSG:3161</projection><projection>EPSG:3162</projection><projection>EPSG:3163</projection><projection>EPSG:3164</projection><projection>EPSG:3165</projection><projection>EPSG:3166</projection><projection>EPSG:3167</projection><projection>EPSG:3168</projection><projection>EPSG:3169</projection><projection>EPSG:3170</projection><projection>EPSG:3171</projection><projection>EPSG:3172</projection><projection>EPSG:3173</projection><projection>EPSG:3174</projection><projection>EPSG:3175</projection><projection>EPSG:3176</projection><projection>EPSG:3177</projection><projection>EPSG:3178</projection><projection>EPSG:3179</projection><projection>EPSG:3180</projection><projection>EPSG:3181</projection><projection>EPSG:3182</projection><projection>EPSG:3183</projection><projection>EPSG:3184</projection><projection>EPSG:3185</projection><projection>EPSG:3186</projection><projection>EPSG:3187</projection><projection>EPSG:3188</projection><projection>EPSG:3189</projection><projection>EPSG:3190</projection><projection>EPSG:3191</projection><projection>EPSG:3192</projection><projection>EPSG:3193</projection><projection>EPSG:3194</projection><projection>EPSG:3195</projection><projection>EPSG:3196</projection><projection>EPSG:3197</projection><projection>EPSG:3198</projection><projection>EPSG:3199</projection><projection>EPSG:3200</projection><projection>EPSG:3201</projection><projection>EPSG:3202</projection><projection>EPSG:3203</projection><projection>EPSG:3204</projection><projection>EPSG:3205</projection><projection>EPSG:3206</projection><projection>EPSG:3207</projection><projection>EPSG:3208</projection><projection>EPSG:3209</projection><projection>EPSG:3210</projection><projection>EPSG:3211</projection><projection>EPSG:3212</projection><projection>EPSG:3213</projection><projection>EPSG:3214</projection><projection>EPSG:3215</projection><projection>EPSG:3216</projection><projection>EPSG:3217</projection><projection>EPSG:3218</projection><projection>EPSG:3219</projection><projection>EPSG:3220</projection><projection>EPSG:3221</projection><projection>EPSG:3222</projection><projection>EPSG:3223</projection><projection>EPSG:3224</projection><projection>EPSG:3225</projection><projection>EPSG:3226</projection><projection>EPSG:3227</projection><projection>EPSG:3228</projection><projection>EPSG:3229</projection><projection>EPSG:3230</projection><projection>EPSG:3231</projection><projection>EPSG:3232</projection><projection>EPSG:3233</projection><projection>EPSG:3234</projection><projection>EPSG:3235</projection><projection>EPSG:3236</projection><projection>EPSG:3237</projection><projection>EPSG:3238</projection><projection>EPSG:3239</projection><projection>EPSG:3240</projection><projection>EPSG:3241</projection><projection>EPSG:3242</projection><projection>EPSG:3243</projection><projection>EPSG:3244</projection><projection>EPSG:3245</projection><projection>EPSG:3246</projection><projection>EPSG:3247</projection><projection>EPSG:3248</projection><projection>EPSG:3249</projection><projection>EPSG:3250</projection><projection>EPSG:3251</projection><projection>EPSG:3252</projection><projection>EPSG:3253</projection><projection>EPSG:3254</projection><projection>EPSG:3255</projection><projection>EPSG:3256</projection><projection>EPSG:3257</projection><projection>EPSG:3258</projection><projection>EPSG:3259</projection><projection>EPSG:3260</projection><projection>EPSG:3261</projection><projection>EPSG:3262</projection><projection>EPSG:3263</projection><projection>EPSG:3264</projection><projection>EPSG:3265</projection><projection>EPSG:3266</projection><projection>EPSG:3267</projection><projection>EPSG:3268</projection><projection>EPSG:3269</projection><projection>EPSG:3270</projection><projection>EPSG:3271</projection><projection>EPSG:3272</projection><projection>EPSG:3273</projection><projection>EPSG:3274</projection><projection>EPSG:3275</projection><projection>EPSG:3276</projection><projection>EPSG:3277</projection><projection>EPSG:3278</projection><projection>EPSG:3279</projection><projection>EPSG:3280</projection><projection>EPSG:3281</projection><projection>EPSG:3282</projection><projection>EPSG:3283</projection><projection>EPSG:3284</projection><projection>EPSG:3285</projection><projection>EPSG:3286</projection><projection>EPSG:3287</projection><projection>EPSG:3288</projection><projection>EPSG:3289</projection><projection>EPSG:3290</projection><projection>EPSG:3291</projection><projection>EPSG:3292</projection><projection>EPSG:3293</projection><projection>EPSG:3294</projection><projection>EPSG:3295</projection><projection>EPSG:3296</projection><projection>EPSG:3297</projection><projection>EPSG:3298</projection><projection>EPSG:3299</projection><projection>EPSG:3300</projection><projection>EPSG:3301</projection><projection>EPSG:3302</projection><projection>EPSG:3303</projection><projection>EPSG:3304</projection><projection>EPSG:3305</projection><projection>EPSG:3306</projection><projection>EPSG:3307</projection><projection>EPSG:3308</projection><projection>EPSG:3309</projection><projection>EPSG:3310</projection><projection>EPSG:3311</projection><projection>EPSG:3312</projection><projection>EPSG:3313</projection><projection>EPSG:3314</projection><projection>EPSG:3315</projection><projection>EPSG:3316</projection><projection>EPSG:3317</projection><projection>EPSG:3318</projection><projection>EPSG:3319</projection><projection>EPSG:3320</projection><projection>EPSG:3321</projection><projection>EPSG:3322</projection><projection>EPSG:3323</projection><projection>EPSG:3324</projection><projection>EPSG:3325</projection><projection>EPSG:3326</projection><projection>EPSG:3327</projection><projection>EPSG:3328</projection><projection>EPSG:3329</projection><projection>EPSG:3330</projection><projection>EPSG:3331</projection><projection>EPSG:3332</projection><projection>EPSG:3333</projection><projection>EPSG:3334</projection><projection>EPSG:3335</projection><projection>EPSG:3336</projection><projection>EPSG:3337</projection><projection>EPSG:3338</projection><projection>EPSG:3339</projection><projection>EPSG:3340</projection><projection>EPSG:3341</projection><projection>EPSG:3342</projection><projection>EPSG:3343</projection><projection>EPSG:3344</projection><projection>EPSG:3345</projection><projection>EPSG:3346</projection><projection>EPSG:3347</projection><projection>EPSG:3348</projection><projection>EPSG:3349</projection><projection>EPSG:3350</projection><projection>EPSG:3351</projection><projection>EPSG:3352</projection><projection>EPSG:3353</projection><projection>EPSG:3354</projection><projection>EPSG:3355</projection><projection>EPSG:3356</projection><projection>EPSG:3357</projection><projection>EPSG:3358</projection><projection>EPSG:3359</projection><projection>EPSG:3360</projection><projection>EPSG:3361</projection><projection>EPSG:3362</projection><projection>EPSG:3363</projection><projection>EPSG:3364</projection><projection>EPSG:3365</projection><projection>EPSG:3366</projection><projection>EPSG:3367</projection><projection>EPSG:3368</projection><projection>EPSG:3369</projection><projection>EPSG:3370</projection><projection>EPSG:3371</projection><projection>EPSG:3372</projection><projection>EPSG:3373</projection><projection>EPSG:3374</projection><projection>EPSG:3375</projection><projection>EPSG:3376</projection><projection>EPSG:3377</projection><projection>EPSG:3378</projection><projection>EPSG:3379</projection><projection>EPSG:3380</projection><projection>EPSG:3381</projection><projection>EPSG:3382</projection><projection>EPSG:3383</projection><projection>EPSG:3384</projection><projection>EPSG:3385</projection><projection>EPSG:3386</projection><projection>EPSG:3387</projection><projection>EPSG:3388</projection><projection>EPSG:3389</projection><projection>EPSG:3390</projection><projection>EPSG:3391</projection><projection>EPSG:3392</projection><projection>EPSG:3393</projection><projection>EPSG:3394</projection><projection>EPSG:3395</projection><projection>EPSG:3396</projection><projection>EPSG:3397</projection><projection>EPSG:3398</projection><projection>EPSG:3399</projection><projection>EPSG:3400</projection><projection>EPSG:3401</projection><projection>EPSG:3402</projection><projection>EPSG:3403</projection><projection>EPSG:3404</projection><projection>EPSG:3405</projection><projection>EPSG:3406</projection><projection>EPSG:3407</projection><projection>EPSG:3408</projection><projection>EPSG:3409</projection><projection>EPSG:3410</projection><projection>EPSG:3411</projection><projection>EPSG:3412</projection><projection>EPSG:3413</projection><projection>EPSG:3414</projection><projection>EPSG:3415</projection><projection>EPSG:3416</projection><projection>EPSG:3417</projection><projection>EPSG:3418</projection><projection>EPSG:3419</projection><projection>EPSG:3420</projection><projection>EPSG:3421</projection><projection>EPSG:3422</projection><projection>EPSG:3423</projection><projection>EPSG:3424</projection><projection>EPSG:3425</projection><projection>EPSG:3426</projection><projection>EPSG:3427</projection><projection>EPSG:3428</projection><projection>EPSG:3429</projection><projection>EPSG:3430</projection><projection>EPSG:3431</projection><projection>EPSG:3432</projection><projection>EPSG:3433</projection><projection>EPSG:3434</projection><projection>EPSG:3435</projection><projection>EPSG:3436</projection><projection>EPSG:3437</projection><projection>EPSG:3438</projection><projection>EPSG:3439</projection><projection>EPSG:3440</projection><projection>EPSG:3441</projection><projection>EPSG:3442</projection><projection>EPSG:3443</projection><projection>EPSG:3444</projection><projection>EPSG:3445</projection><projection>EPSG:3446</projection><projection>EPSG:3447</projection><projection>EPSG:3448</projection><projection>EPSG:3449</projection><projection>EPSG:3450</projection><projection>EPSG:3451</projection><projection>EPSG:3452</projection><projection>EPSG:3453</projection><projection>EPSG:3454</projection><projection>EPSG:3455</projection><projection>EPSG:3456</projection><projection>EPSG:3457</projection><projection>EPSG:3458</projection><projection>EPSG:3459</projection><projection>EPSG:3460</projection><projection>EPSG:3461</projection><projection>EPSG:3462</projection><projection>EPSG:3463</projection><projection>EPSG:3464</projection><projection>EPSG:3465</projection><projection>EPSG:3466</projection><projection>EPSG:3467</projection><projection>EPSG:3468</projection><projection>EPSG:3469</projection><projection>EPSG:3470</projection><projection>EPSG:3471</projection><projection>EPSG:3472</projection><projection>EPSG:3473</projection><projection>EPSG:3474</projection><projection>EPSG:3475</projection><projection>EPSG:3476</projection><projection>EPSG:3477</projection><projection>EPSG:3478</projection><projection>EPSG:3479</projection><projection>EPSG:3480</projection><projection>EPSG:3481</projection><projection>EPSG:3482</projection><projection>EPSG:3483</projection><projection>EPSG:3484</projection><projection>EPSG:3485</projection><projection>EPSG:3486</projection><projection>EPSG:3487</projection><projection>EPSG:3488</projection><projection>EPSG:3489</projection><projection>EPSG:3490</projection><projection>EPSG:3491</projection><projection>EPSG:3492</projection><projection>EPSG:3493</projection><projection>EPSG:3494</projection><projection>EPSG:3495</projection><projection>EPSG:3496</projection><projection>EPSG:3497</projection><projection>EPSG:3498</projection><projection>EPSG:3499</projection><projection>EPSG:3500</projection><projection>EPSG:3501</projection><projection>EPSG:3502</projection><projection>EPSG:3503</projection><projection>EPSG:3504</projection><projection>EPSG:3505</projection><projection>EPSG:3506</projection><projection>EPSG:3507</projection><projection>EPSG:3508</projection><projection>EPSG:3509</projection><projection>EPSG:3510</projection><projection>EPSG:3511</projection><projection>EPSG:3512</projection><projection>EPSG:3513</projection><projection>EPSG:3514</projection><projection>EPSG:3515</projection><projection>EPSG:3516</projection><projection>EPSG:3517</projection><projection>EPSG:3518</projection><projection>EPSG:3519</projection><projection>EPSG:3520</projection><projection>EPSG:3521</projection><projection>EPSG:3522</projection><projection>EPSG:3523</projection><projection>EPSG:3524</projection><projection>EPSG:3525</projection><projection>EPSG:3526</projection><projection>EPSG:3527</projection><projection>EPSG:3528</projection><projection>EPSG:3529</projection><projection>EPSG:3530</projection><projection>EPSG:3531</projection><projection>EPSG:3532</projection><projection>EPSG:3533</projection><projection>EPSG:3534</projection><projection>EPSG:3535</projection><projection>EPSG:3536</projection><projection>EPSG:3537</projection><projection>EPSG:3538</projection><projection>EPSG:3539</projection><projection>EPSG:3540</projection><projection>EPSG:3541</projection><projection>EPSG:3542</projection><projection>EPSG:3543</projection><projection>EPSG:3544</projection><projection>EPSG:3545</projection><projection>EPSG:3546</projection><projection>EPSG:3547</projection><projection>EPSG:3548</projection><projection>EPSG:3549</projection><projection>EPSG:3550</projection><projection>EPSG:3551</projection><projection>EPSG:3552</projection><projection>EPSG:3553</projection><projection>EPSG:3554</projection><projection>EPSG:3555</projection><projection>EPSG:3556</projection><projection>EPSG:3557</projection><projection>EPSG:3558</projection><projection>EPSG:3559</projection><projection>EPSG:3560</projection><projection>EPSG:3561</projection><projection>EPSG:3562</projection><projection>EPSG:3563</projection><projection>EPSG:3564</projection><projection>EPSG:3565</projection><projection>EPSG:3566</projection><projection>EPSG:3567</projection><projection>EPSG:3568</projection><projection>EPSG:3569</projection><projection>EPSG:3570</projection><projection>EPSG:3571</projection><projection>EPSG:3572</projection><projection>EPSG:3573</projection><projection>EPSG:3574</projection><projection>EPSG:3575</projection><projection>EPSG:3576</projection><projection>EPSG:3577</projection><projection>EPSG:3578</projection><projection>EPSG:3579</projection><projection>EPSG:3580</projection><projection>EPSG:3581</projection><projection>EPSG:3582</projection><projection>EPSG:3583</projection><projection>EPSG:3584</projection><projection>EPSG:3585</projection><projection>EPSG:3586</projection><projection>EPSG:3587</projection><projection>EPSG:3588</projection><projection>EPSG:3589</projection><projection>EPSG:3590</projection><projection>EPSG:3591</projection><projection>EPSG:3592</projection><projection>EPSG:3593</projection><projection>EPSG:3594</projection><projection>EPSG:3595</projection><projection>EPSG:3596</projection><projection>EPSG:3597</projection><projection>EPSG:3598</projection><projection>EPSG:3599</projection><projection>EPSG:3600</projection><projection>EPSG:3601</projection><projection>EPSG:3602</projection><projection>EPSG:3603</projection><projection>EPSG:3604</projection><projection>EPSG:3605</projection><projection>EPSG:3606</projection><projection>EPSG:3607</projection><projection>EPSG:3608</projection><projection>EPSG:3609</projection><projection>EPSG:3610</projection><projection>EPSG:3611</projection><projection>EPSG:3612</projection><projection>EPSG:3613</projection><projection>EPSG:3614</projection><projection>EPSG:3615</projection><projection>EPSG:3616</projection><projection>EPSG:3617</projection><projection>EPSG:3618</projection><projection>EPSG:3619</projection><projection>EPSG:3620</projection><projection>EPSG:3621</projection><projection>EPSG:3622</projection><projection>EPSG:3623</projection><projection>EPSG:3624</projection><projection>EPSG:3625</projection><projection>EPSG:3626</projection><projection>EPSG:3627</projection><projection>EPSG:3628</projection><projection>EPSG:3629</projection><projection>EPSG:3630</projection><projection>EPSG:3631</projection><projection>EPSG:3632</projection><projection>EPSG:3633</projection><projection>EPSG:3634</projection><projection>EPSG:3635</projection><projection>EPSG:3636</projection><projection>EPSG:3637</projection><projection>EPSG:3638</projection><projection>EPSG:3639</projection><projection>EPSG:3640</projection><projection>EPSG:3641</projection><projection>EPSG:3642</projection><projection>EPSG:3643</projection><projection>EPSG:3644</projection><projection>EPSG:3645</projection><projection>EPSG:3646</projection><projection>EPSG:3647</projection><projection>EPSG:3648</projection><projection>EPSG:3649</projection><projection>EPSG:3650</projection><projection>EPSG:3651</projection><projection>EPSG:3652</projection><projection>EPSG:3653</projection><projection>EPSG:3654</projection><projection>EPSG:3655</projection><projection>EPSG:3656</projection><projection>EPSG:3657</projection><projection>EPSG:3658</projection><projection>EPSG:3659</projection><projection>EPSG:3660</projection><projection>EPSG:3661</projection><projection>EPSG:3662</projection><projection>EPSG:3663</projection><projection>EPSG:3664</projection><projection>EPSG:3665</projection><projection>EPSG:3666</projection><projection>EPSG:3667</projection><projection>EPSG:3668</projection><projection>EPSG:3669</projection><projection>EPSG:3670</projection><projection>EPSG:3671</projection><projection>EPSG:3672</projection><projection>EPSG:3673</projection><projection>EPSG:3674</projection><projection>EPSG:3675</projection><projection>EPSG:3676</projection><projection>EPSG:3677</projection><projection>EPSG:3678</projection><projection>EPSG:3679</projection><projection>EPSG:3680</projection><projection>EPSG:3681</projection><projection>EPSG:3682</projection><projection>EPSG:3683</projection><projection>EPSG:3684</projection><projection>EPSG:3685</projection><projection>EPSG:3686</projection><projection>EPSG:3687</projection><projection>EPSG:3688</projection><projection>EPSG:3689</projection><projection>EPSG:3690</projection><projection>EPSG:3691</projection><projection>EPSG:3692</projection><projection>EPSG:3693</projection><projection>EPSG:3694</projection><projection>EPSG:3695</projection><projection>EPSG:3696</projection><projection>EPSG:3697</projection><projection>EPSG:3698</projection><projection>EPSG:3699</projection><projection>EPSG:3700</projection><projection>EPSG:3701</projection><projection>EPSG:3702</projection><projection>EPSG:3703</projection><projection>EPSG:3704</projection><projection>EPSG:3705</projection><projection>EPSG:3706</projection><projection>EPSG:3707</projection><projection>EPSG:3708</projection><projection>EPSG:3709</projection><projection>EPSG:3710</projection><projection>EPSG:3711</projection><projection>EPSG:3712</projection><projection>EPSG:3713</projection><projection>EPSG:3714</projection><projection>EPSG:3715</projection><projection>EPSG:3716</projection><projection>EPSG:3717</projection><projection>EPSG:3718</projection><projection>EPSG:3719</projection><projection>EPSG:3720</projection><projection>EPSG:3721</projection><projection>EPSG:3722</projection><projection>EPSG:3723</projection><projection>EPSG:3724</projection><projection>EPSG:3725</projection><projection>EPSG:3726</projection><projection>EPSG:3727</projection><projection>EPSG:3728</projection><projection>EPSG:3729</projection><projection>EPSG:3730</projection><projection>EPSG:3731</projection><projection>EPSG:3732</projection><projection>EPSG:3733</projection><projection>EPSG:3734</projection><projection>EPSG:3735</projection><projection>EPSG:3736</projection><projection>EPSG:3737</projection><projection>EPSG:3738</projection><projection>EPSG:3739</projection><projection>EPSG:3740</projection><projection>EPSG:3741</projection><projection>EPSG:3742</projection><projection>EPSG:3743</projection><projection>EPSG:3744</projection><projection>EPSG:3745</projection><projection>EPSG:3746</projection><projection>EPSG:3747</projection><projection>EPSG:3748</projection><projection>EPSG:3749</projection><projection>EPSG:3750</projection><projection>EPSG:3751</projection><projection>EPSG:3752</projection><projection>EPSG:3753</projection><projection>EPSG:3754</projection><projection>EPSG:3755</projection><projection>EPSG:3756</projection><projection>EPSG:3757</projection><projection>EPSG:3758</projection><projection>EPSG:3759</projection><projection>EPSG:3760</projection><projection>EPSG:3761</projection><projection>EPSG:3762</projection><projection>EPSG:3763</projection><projection>EPSG:3764</projection><projection>EPSG:3765</projection><projection>EPSG:3766</projection><projection>EPSG:3767</projection><projection>EPSG:3768</projection><projection>EPSG:3769</projection><projection>EPSG:3770</projection><projection>EPSG:3771</projection><projection>EPSG:3772</projection><projection>EPSG:3773</projection><projection>EPSG:3774</projection><projection>EPSG:3775</projection><projection>EPSG:3776</projection><projection>EPSG:3777</projection><projection>EPSG:3778</projection><projection>EPSG:3779</projection><projection>EPSG:3780</projection><projection>EPSG:3781</projection><projection>EPSG:3782</projection><projection>EPSG:3783</projection><projection>EPSG:3784</projection><projection>EPSG:3785</projection><projection>EPSG:3786</projection><projection>EPSG:3787</projection><projection>EPSG:3788</projection><projection>EPSG:3789</projection><projection>EPSG:3790</projection><projection>EPSG:3791</projection><projection>EPSG:3793</projection><projection>EPSG:3794</projection><projection>EPSG:3795</projection><projection>EPSG:3796</projection><projection>EPSG:3797</projection><projection>EPSG:3798</projection><projection>EPSG:3799</projection><projection>EPSG:3800</projection><projection>EPSG:3801</projection><projection>EPSG:3802</projection><projection>EPSG:3812</projection><projection>EPSG:3814</projection><projection>EPSG:3815</projection><projection>EPSG:3816</projection><projection>EPSG:3819</projection><projection>EPSG:3821</projection><projection>EPSG:3822</projection><projection>EPSG:3823</projection><projection>EPSG:3824</projection><projection>EPSG:3825</projection><projection>EPSG:3826</projection><projection>EPSG:3827</projection><projection>EPSG:3828</projection><projection>EPSG:3829</projection><projection>EPSG:3832</projection><projection>EPSG:3833</projection><projection>EPSG:3834</projection><projection>EPSG:3835</projection><projection>EPSG:3836</projection><projection>EPSG:3837</projection><projection>EPSG:3838</projection><projection>EPSG:3839</projection><projection>EPSG:3840</projection><projection>EPSG:3841</projection><projection>EPSG:3842</projection><projection>EPSG:3843</projection><projection>EPSG:3844</projection><projection>EPSG:3845</projection><projection>EPSG:3846</projection><projection>EPSG:3847</projection><projection>EPSG:3848</projection><projection>EPSG:3849</projection><projection>EPSG:3850</projection><projection>EPSG:3851</projection><projection>EPSG:3852</projection><projection>EPSG:3854</projection><projection>EPSG:3855</projection><projection>EPSG:3873</projection><projection>EPSG:3874</projection><projection>EPSG:3875</projection><projection>EPSG:3876</projection><projection>EPSG:3877</projection><projection>EPSG:3878</projection><projection>EPSG:3879</projection><projection>EPSG:3880</projection><projection>EPSG:3881</projection><projection>EPSG:3882</projection><projection>EPSG:3883</projection><projection>EPSG:3884</projection><projection>EPSG:3885</projection><projection>EPSG:3886</projection><projection>EPSG:3887</projection><projection>EPSG:3888</projection><projection>EPSG:3889</projection><projection>EPSG:3890</projection><projection>EPSG:3891</projection><projection>EPSG:3892</projection><projection>EPSG:3893</projection><projection>EPSG:3900</projection><projection>EPSG:3901</projection><projection>EPSG:3902</projection><projection>EPSG:3903</projection><projection>EPSG:3906</projection><projection>EPSG:3907</projection><projection>EPSG:3908</projection><projection>EPSG:3909</projection><projection>EPSG:3910</projection><projection>EPSG:3911</projection><projection>EPSG:3912</projection><projection>EPSG:3920</projection><projection>EPSG:3942</projection><projection>EPSG:3943</projection><projection>EPSG:3944</projection><projection>EPSG:3945</projection><projection>EPSG:3946</projection><projection>EPSG:3947</projection><projection>EPSG:3948</projection><projection>EPSG:3949</projection><projection>EPSG:3950</projection><projection>EPSG:3968</projection><projection>EPSG:3969</projection><projection>EPSG:3970</projection><projection>EPSG:3973</projection><projection>EPSG:3974</projection><projection>EPSG:3975</projection><projection>EPSG:3976</projection><projection>EPSG:3978</projection><projection>EPSG:3979</projection><projection>EPSG:3985</projection><projection>EPSG:3986</projection><projection>EPSG:3987</projection><projection>EPSG:3988</projection><projection>EPSG:3989</projection><projection>EPSG:3991</projection><projection>EPSG:3992</projection><projection>EPSG:3993</projection><projection>EPSG:3994</projection><projection>EPSG:3995</projection><projection>EPSG:3996</projection><projection>EPSG:3997</projection><projection>EPSG:4000</projection><projection>EPSG:4001</projection><projection>EPSG:4002</projection><projection>EPSG:4003</projection><projection>EPSG:4004</projection><projection>EPSG:4005</projection><projection>EPSG:4006</projection><projection>EPSG:4007</projection><projection>EPSG:4008</projection><projection>EPSG:4009</projection><projection>EPSG:4010</projection><projection>EPSG:4011</projection><projection>EPSG:4012</projection><projection>EPSG:4013</projection><projection>EPSG:4014</projection><projection>EPSG:4015</projection><projection>EPSG:4016</projection><projection>EPSG:4017</projection><projection>EPSG:4018</projection><projection>EPSG:4019</projection><projection>EPSG:4020</projection><projection>EPSG:4021</projection><projection>EPSG:4022</projection><projection>EPSG:4023</projection><projection>EPSG:4024</projection><projection>EPSG:4025</projection><projection>EPSG:4026</projection><projection>EPSG:4027</projection><projection>EPSG:4028</projection><projection>EPSG:4029</projection><projection>EPSG:4030</projection><projection>EPSG:4031</projection><projection>EPSG:4032</projection><projection>EPSG:4033</projection><projection>EPSG:4034</projection><projection>EPSG:4035</projection><projection>EPSG:4036</projection><projection>EPSG:4037</projection><projection>EPSG:4038</projection><projection>EPSG:4039</projection><projection>EPSG:4040</projection><projection>EPSG:4041</projection><projection>EPSG:4042</projection><projection>EPSG:4043</projection><projection>EPSG:4044</projection><projection>EPSG:4045</projection><projection>EPSG:4046</projection><projection>EPSG:4047</projection><projection>EPSG:4048</projection><projection>EPSG:4049</projection><projection>EPSG:4050</projection><projection>EPSG:4051</projection><projection>EPSG:4052</projection><projection>EPSG:4053</projection><projection>EPSG:4054</projection><projection>EPSG:4055</projection><projection>EPSG:4056</projection><projection>EPSG:4057</projection><projection>EPSG:4058</projection><projection>EPSG:4059</projection><projection>EPSG:4060</projection><projection>EPSG:4061</projection><projection>EPSG:4062</projection><projection>EPSG:4063</projection><projection>EPSG:4071</projection><projection>EPSG:4073</projection><projection>EPSG:4074</projection><projection>EPSG:4075</projection><projection>EPSG:4079</projection><projection>EPSG:4080</projection><projection>EPSG:4081</projection><projection>EPSG:4082</projection><projection>EPSG:4083</projection><projection>EPSG:4087</projection><projection>EPSG:4088</projection><projection>EPSG:4093</projection><projection>EPSG:4094</projection><projection>EPSG:4095</projection><projection>EPSG:4096</projection><projection>EPSG:4097</projection><projection>EPSG:4098</projection><projection>EPSG:4099</projection><projection>EPSG:4100</projection><projection>EPSG:4120</projection><projection>EPSG:4121</projection><projection>EPSG:4122</projection><projection>EPSG:4123</projection><projection>EPSG:4124</projection><projection>EPSG:4125</projection><projection>EPSG:4126</projection><projection>EPSG:4127</projection><projection>EPSG:4128</projection><projection>EPSG:4129</projection><projection>EPSG:4130</projection><projection>EPSG:4131</projection><projection>EPSG:4132</projection><projection>EPSG:4133</projection><projection>EPSG:4134</projection><projection>EPSG:4135</projection><projection>EPSG:4136</projection><projection>EPSG:4137</projection><projection>EPSG:4138</projection><projection>EPSG:4139</projection><projection>EPSG:4140</projection><projection>EPSG:4141</projection><projection>EPSG:4142</projection><projection>EPSG:4143</projection><projection>EPSG:4144</projection><projection>EPSG:4145</projection><projection>EPSG:4146</projection><projection>EPSG:4147</projection><projection>EPSG:4148</projection><projection>EPSG:4149</projection><projection>EPSG:4150</projection><projection>EPSG:4151</projection><projection>EPSG:4152</projection><projection>EPSG:4153</projection><projection>EPSG:4154</projection><projection>EPSG:4155</projection><projection>EPSG:4156</projection><projection>EPSG:4157</projection><projection>EPSG:4158</projection><projection>EPSG:4159</projection><projection>EPSG:4160</projection><projection>EPSG:4161</projection><projection>EPSG:4162</projection><projection>EPSG:4163</projection><projection>EPSG:4164</projection><projection>EPSG:4165</projection><projection>EPSG:4166</projection><projection>EPSG:4167</projection><projection>EPSG:4168</projection><projection>EPSG:4169</projection><projection>EPSG:4170</projection><projection>EPSG:4171</projection><projection>EPSG:4172</projection><projection>EPSG:4173</projection><projection>EPSG:4174</projection><projection>EPSG:4175</projection><projection>EPSG:4176</projection><projection>EPSG:4178</projection><projection>EPSG:4179</projection><projection>EPSG:4180</projection><projection>EPSG:4181</projection><projection>EPSG:4182</projection><projection>EPSG:4183</projection><projection>EPSG:4184</projection><projection>EPSG:4185</projection><projection>EPSG:4188</projection><projection>EPSG:4189</projection><projection>EPSG:4190</projection><projection>EPSG:4191</projection><projection>EPSG:4192</projection><projection>EPSG:4193</projection><projection>EPSG:4194</projection><projection>EPSG:4195</projection><projection>EPSG:4196</projection><projection>EPSG:4197</projection><projection>EPSG:4198</projection><projection>EPSG:4199</projection><projection>EPSG:4200</projection><projection>EPSG:4201</projection><projection>EPSG:4202</projection><projection>EPSG:4203</projection><projection>EPSG:4204</projection><projection>EPSG:4205</projection><projection>EPSG:4206</projection><projection>EPSG:4207</projection><projection>EPSG:4208</projection><projection>EPSG:4209</projection><projection>EPSG:4210</projection><projection>EPSG:4211</projection><projection>EPSG:4212</projection><projection>EPSG:4213</projection><projection>EPSG:4214</projection><projection>EPSG:4215</projection><projection>EPSG:4216</projection><projection>EPSG:4217</projection><projection>EPSG:4218</projection><projection>EPSG:4219</projection><projection>EPSG:4220</projection><projection>EPSG:4221</projection><projection>EPSG:4222</projection><projection>EPSG:4223</projection><projection>EPSG:4224</projection><projection>EPSG:4225</projection><projection>EPSG:4226</projection><projection>EPSG:4227</projection><projection>EPSG:4228</projection><projection>EPSG:4229</projection><projection>EPSG:4230</projection><projection>EPSG:4231</projection><projection>EPSG:4232</projection><projection>EPSG:4233</projection><projection>EPSG:4234</projection><projection>EPSG:4235</projection><projection>EPSG:4236</projection><projection>EPSG:4237</projection><projection>EPSG:4238</projection><projection>EPSG:4239</projection><projection>EPSG:4240</projection><projection>EPSG:4241</projection><projection>EPSG:4242</projection><projection>EPSG:4243</projection><projection>EPSG:4244</projection><projection>EPSG:4245</projection><projection>EPSG:4246</projection><projection>EPSG:4247</projection><projection>EPSG:4248</projection><projection>EPSG:4249</projection><projection>EPSG:4250</projection><projection>EPSG:4251</projection><projection>EPSG:4252</projection><projection>EPSG:4253</projection><projection>EPSG:4254</projection><projection>EPSG:4255</projection><projection>EPSG:4256</projection><projection>EPSG:4257</projection><projection>EPSG:4258</projection><projection>EPSG:4259</projection><projection>EPSG:4260</projection><projection>EPSG:4261</projection><projection>EPSG:4262</projection><projection>EPSG:4263</projection><projection>EPSG:4264</projection><projection>EPSG:4265</projection><projection>EPSG:4266</projection><projection>EPSG:4267</projection><projection>EPSG:4268</projection><projection>EPSG:4269</projection><projection>EPSG:4270</projection><projection>EPSG:4271</projection><projection>EPSG:4272</projection><projection>EPSG:4273</projection><projection>EPSG:4274</projection><projection>EPSG:4275</projection><projection>EPSG:4276</projection><projection>EPSG:4277</projection><projection>EPSG:4278</projection><projection>EPSG:4279</projection><projection>EPSG:4280</projection><projection>EPSG:4281</projection><projection>EPSG:4282</projection><projection>EPSG:4283</projection><projection>EPSG:4284</projection><projection>EPSG:4285</projection><projection>EPSG:4286</projection><projection>EPSG:4287</projection><projection>EPSG:4288</projection><projection>EPSG:4289</projection><projection>EPSG:4291</projection><projection>EPSG:4292</projection><projection>EPSG:4293</projection><projection>EPSG:4294</projection><projection>EPSG:4295</projection><projection>EPSG:4296</projection><projection>EPSG:4297</projection><projection>EPSG:4298</projection><projection>EPSG:4299</projection><projection>EPSG:4300</projection><projection>EPSG:4301</projection><projection>EPSG:4302</projection><projection>EPSG:4303</projection><projection>EPSG:4304</projection><projection>EPSG:4306</projection><projection>EPSG:4307</projection><projection>EPSG:4308</projection><projection>EPSG:4309</projection><projection>EPSG:4310</projection><projection>EPSG:4311</projection><projection>EPSG:4312</projection><projection>EPSG:4313</projection><projection>EPSG:4314</projection><projection>EPSG:4315</projection><projection>EPSG:4316</projection><projection>EPSG:4317</projection><projection>EPSG:4318</projection><projection>EPSG:4319</projection><projection>EPSG:4322</projection><projection>EPSG:4324</projection><projection>EPSG:4327</projection><projection>EPSG:4328</projection><projection>EPSG:4329</projection><projection>EPSG:4330</projection><projection>EPSG:4331</projection><projection>EPSG:4332</projection><projection>EPSG:4333</projection><projection>EPSG:4334</projection><projection>EPSG:4335</projection><projection>EPSG:4336</projection><projection>EPSG:4337</projection><projection>EPSG:4338</projection><projection>EPSG:4339</projection><projection>EPSG:4340</projection><projection>EPSG:4341</projection><projection>EPSG:4342</projection><projection>EPSG:4343</projection><projection>EPSG:4344</projection><projection>EPSG:4345</projection><projection>EPSG:4346</projection><projection>EPSG:4347</projection><projection>EPSG:4348</projection><projection>EPSG:4349</projection><projection>EPSG:4350</projection><projection>EPSG:4351</projection><projection>EPSG:4352</projection><projection>EPSG:4353</projection><projection>EPSG:4354</projection><projection>EPSG:4355</projection><projection>EPSG:4356</projection><projection>EPSG:4357</projection><projection>EPSG:4358</projection><projection>EPSG:4359</projection><projection>EPSG:4360</projection><projection>EPSG:4361</projection><projection>EPSG:4362</projection><projection>EPSG:4363</projection><projection>EPSG:4364</projection><projection>EPSG:4365</projection><projection>EPSG:4366</projection><projection>EPSG:4367</projection><projection>EPSG:4368</projection><projection>EPSG:4369</projection><projection>EPSG:4370</projection><projection>EPSG:4371</projection><projection>EPSG:4372</projection><projection>EPSG:4373</projection><projection>EPSG:4374</projection><projection>EPSG:4375</projection><projection>EPSG:4376</projection><projection>EPSG:4377</projection><projection>EPSG:4378</projection><projection>EPSG:4379</projection><projection>EPSG:4380</projection><projection>EPSG:4381</projection><projection>EPSG:4382</projection><projection>EPSG:4383</projection><projection>EPSG:4384</projection><projection>EPSG:4385</projection><projection>EPSG:4386</projection><projection>EPSG:4387</projection><projection>EPSG:4388</projection><projection>EPSG:4389</projection><projection>EPSG:4390</projection><projection>EPSG:4391</projection><projection>EPSG:4392</projection><projection>EPSG:4393</projection><projection>EPSG:4394</projection><projection>EPSG:4395</projection><projection>EPSG:4396</projection><projection>EPSG:4397</projection><projection>EPSG:4398</projection><projection>EPSG:4399</projection><projection>EPSG:4400</projection><projection>EPSG:4401</projection><projection>EPSG:4402</projection><projection>EPSG:4403</projection><projection>EPSG:4404</projection><projection>EPSG:4405</projection><projection>EPSG:4406</projection><projection>EPSG:4407</projection><projection>EPSG:4408</projection><projection>EPSG:4409</projection><projection>EPSG:4410</projection><projection>EPSG:4411</projection><projection>EPSG:4412</projection><projection>EPSG:4413</projection><projection>EPSG:4414</projection><projection>EPSG:4415</projection><projection>EPSG:4417</projection><projection>EPSG:4418</projection><projection>EPSG:4419</projection><projection>EPSG:4420</projection><projection>EPSG:4421</projection><projection>EPSG:4422</projection><projection>EPSG:4423</projection><projection>EPSG:4424</projection><projection>EPSG:4425</projection><projection>EPSG:4426</projection><projection>EPSG:4427</projection><projection>EPSG:4428</projection><projection>EPSG:4429</projection><projection>EPSG:4430</projection><projection>EPSG:4431</projection><projection>EPSG:4432</projection><projection>EPSG:4433</projection><projection>EPSG:4434</projection><projection>EPSG:4437</projection><projection>EPSG:4438</projection><projection>EPSG:4439</projection><projection>EPSG:4440</projection><projection>EPSG:4455</projection><projection>EPSG:4456</projection><projection>EPSG:4457</projection><projection>EPSG:4458</projection><projection>EPSG:4462</projection><projection>EPSG:4463</projection><projection>EPSG:4465</projection><projection>EPSG:4466</projection><projection>EPSG:4467</projection><projection>EPSG:4468</projection><projection>EPSG:4469</projection><projection>EPSG:4470</projection><projection>EPSG:4471</projection><projection>EPSG:4472</projection><projection>EPSG:4473</projection><projection>EPSG:4474</projection><projection>EPSG:4475</projection><projection>EPSG:4479</projection><projection>EPSG:4480</projection><projection>EPSG:4481</projection><projection>EPSG:4482</projection><projection>EPSG:4483</projection><projection>EPSG:4484</projection><projection>EPSG:4485</projection><projection>EPSG:4486</projection><projection>EPSG:4487</projection><projection>EPSG:4488</projection><projection>EPSG:4489</projection><projection>EPSG:4490</projection><projection>EPSG:4491</projection><projection>EPSG:4492</projection><projection>EPSG:4493</projection><projection>EPSG:4494</projection><projection>EPSG:4495</projection><projection>EPSG:4496</projection><projection>EPSG:4497</projection><projection>EPSG:4498</projection><projection>EPSG:4499</projection><projection>EPSG:4500</projection><projection>EPSG:4501</projection><projection>EPSG:4502</projection><projection>EPSG:4503</projection><projection>EPSG:4504</projection><projection>EPSG:4505</projection><projection>EPSG:4506</projection><projection>EPSG:4507</projection><projection>EPSG:4508</projection><projection>EPSG:4509</projection><projection>EPSG:4510</projection><projection>EPSG:4511</projection><projection>EPSG:4512</projection><projection>EPSG:4513</projection><projection>EPSG:4514</projection><projection>EPSG:4515</projection><projection>EPSG:4516</projection><projection>EPSG:4517</projection><projection>EPSG:4518</projection><projection>EPSG:4519</projection><projection>EPSG:4520</projection><projection>EPSG:4521</projection><projection>EPSG:4522</projection><projection>EPSG:4523</projection><projection>EPSG:4524</projection><projection>EPSG:4525</projection><projection>EPSG:4526</projection><projection>EPSG:4527</projection><projection>EPSG:4528</projection><projection>EPSG:4529</projection><projection>EPSG:4530</projection><projection>EPSG:4531</projection><projection>EPSG:4532</projection><projection>EPSG:4533</projection><projection>EPSG:4534</projection><projection>EPSG:4535</projection><projection>EPSG:4536</projection><projection>EPSG:4537</projection><projection>EPSG:4538</projection><projection>EPSG:4539</projection><projection>EPSG:4540</projection><projection>EPSG:4541</projection><projection>EPSG:4542</projection><projection>EPSG:4543</projection><projection>EPSG:4544</projection><projection>EPSG:4545</projection><projection>EPSG:4546</projection><projection>EPSG:4547</projection><projection>EPSG:4548</projection><projection>EPSG:4549</projection><projection>EPSG:4550</projection><projection>EPSG:4551</projection><projection>EPSG:4552</projection><projection>EPSG:4553</projection><projection>EPSG:4554</projection><projection>EPSG:4555</projection><projection>EPSG:4556</projection><projection>EPSG:4557</projection><projection>EPSG:4558</projection><projection>EPSG:4559</projection><projection>EPSG:4568</projection><projection>EPSG:4569</projection><projection>EPSG:4570</projection><projection>EPSG:4571</projection><projection>EPSG:4572</projection><projection>EPSG:4573</projection><projection>EPSG:4574</projection><projection>EPSG:4575</projection><projection>EPSG:4576</projection><projection>EPSG:4577</projection><projection>EPSG:4578</projection><projection>EPSG:4579</projection><projection>EPSG:4580</projection><projection>EPSG:4581</projection><projection>EPSG:4582</projection><projection>EPSG:4583</projection><projection>EPSG:4584</projection><projection>EPSG:4585</projection><projection>EPSG:4586</projection><projection>EPSG:4587</projection><projection>EPSG:4588</projection><projection>EPSG:4589</projection><projection>EPSG:4600</projection><projection>EPSG:4601</projection><projection>EPSG:4602</projection><projection>EPSG:4603</projection><projection>EPSG:4604</projection><projection>EPSG:4605</projection><projection>EPSG:4606</projection><projection>EPSG:4607</projection><projection>EPSG:4608</projection><projection>EPSG:4609</projection><projection>EPSG:4610</projection><projection>EPSG:4611</projection><projection>EPSG:4612</projection><projection>EPSG:4613</projection><projection>EPSG:4614</projection><projection>EPSG:4615</projection><projection>EPSG:4616</projection><projection>EPSG:4617</projection><projection>EPSG:4618</projection><projection>EPSG:4619</projection><projection>EPSG:4620</projection><projection>EPSG:4621</projection><projection>EPSG:4622</projection><projection>EPSG:4623</projection><projection>EPSG:4624</projection><projection>EPSG:4625</projection><projection>EPSG:4626</projection><projection>EPSG:4627</projection><projection>EPSG:4628</projection><projection>EPSG:4629</projection><projection>EPSG:4630</projection><projection>EPSG:4631</projection><projection>EPSG:4632</projection><projection>EPSG:4633</projection><projection>EPSG:4634</projection><projection>EPSG:4635</projection><projection>EPSG:4636</projection><projection>EPSG:4637</projection><projection>EPSG:4638</projection><projection>EPSG:4639</projection><projection>EPSG:4640</projection><projection>EPSG:4641</projection><projection>EPSG:4642</projection><projection>EPSG:4643</projection><projection>EPSG:4644</projection><projection>EPSG:4645</projection><projection>EPSG:4646</projection><projection>EPSG:4647</projection><projection>EPSG:4652</projection><projection>EPSG:4653</projection><projection>EPSG:4654</projection><projection>EPSG:4655</projection><projection>EPSG:4656</projection><projection>EPSG:4657</projection><projection>EPSG:4658</projection><projection>EPSG:4659</projection><projection>EPSG:4660</projection><projection>EPSG:4661</projection><projection>EPSG:4662</projection><projection>EPSG:4663</projection><projection>EPSG:4664</projection><projection>EPSG:4665</projection><projection>EPSG:4666</projection><projection>EPSG:4667</projection><projection>EPSG:4668</projection><projection>EPSG:4669</projection><projection>EPSG:4670</projection><projection>EPSG:4671</projection><projection>EPSG:4672</projection><projection>EPSG:4673</projection><projection>EPSG:4674</projection><projection>EPSG:4675</projection><projection>EPSG:4676</projection><projection>EPSG:4677</projection><projection>EPSG:4678</projection><projection>EPSG:4679</projection><projection>EPSG:4680</projection><projection>EPSG:4681</projection><projection>EPSG:4682</projection><projection>EPSG:4683</projection><projection>EPSG:4684</projection><projection>EPSG:4685</projection><projection>EPSG:4686</projection><projection>EPSG:4687</projection><projection>EPSG:4688</projection><projection>EPSG:4689</projection><projection>EPSG:4690</projection><projection>EPSG:4691</projection><projection>EPSG:4692</projection><projection>EPSG:4693</projection><projection>EPSG:4694</projection><projection>EPSG:4695</projection><projection>EPSG:4696</projection><projection>EPSG:4697</projection><projection>EPSG:4698</projection><projection>EPSG:4699</projection><projection>EPSG:4700</projection><projection>EPSG:4701</projection><projection>EPSG:4702</projection><projection>EPSG:4703</projection><projection>EPSG:4704</projection><projection>EPSG:4705</projection><projection>EPSG:4706</projection><projection>EPSG:4707</projection><projection>EPSG:4708</projection><projection>EPSG:4709</projection><projection>EPSG:4710</projection><projection>EPSG:4711</projection><projection>EPSG:4712</projection><projection>EPSG:4713</projection><projection>EPSG:4714</projection><projection>EPSG:4715</projection><projection>EPSG:4716</projection><projection>EPSG:4717</projection><projection>EPSG:4718</projection><projection>EPSG:4719</projection><projection>EPSG:4720</projection><projection>EPSG:4721</projection><projection>EPSG:4722</projection><projection>EPSG:4723</projection><projection>EPSG:4724</projection><projection>EPSG:4725</projection><projection>EPSG:4726</projection><projection>EPSG:4727</projection><projection>EPSG:4728</projection><projection>EPSG:4729</projection><projection>EPSG:4730</projection><projection>EPSG:4731</projection><projection>EPSG:4732</projection><projection>EPSG:4733</projection><projection>EPSG:4734</projection><projection>EPSG:4735</projection><projection>EPSG:4736</projection><projection>EPSG:4737</projection><projection>EPSG:4738</projection><projection>EPSG:4739</projection><projection>EPSG:4740</projection><projection>EPSG:4741</projection><projection>EPSG:4742</projection><projection>EPSG:4743</projection><projection>EPSG:4744</projection><projection>EPSG:4745</projection><projection>EPSG:4746</projection><projection>EPSG:4747</projection><projection>EPSG:4748</projection><projection>EPSG:4749</projection><projection>EPSG:4750</projection><projection>EPSG:4751</projection><projection>EPSG:4752</projection><projection>EPSG:4753</projection><projection>EPSG:4754</projection><projection>EPSG:4755</projection><projection>EPSG:4756</projection><projection>EPSG:4757</projection><projection>EPSG:4758</projection><projection>EPSG:4759</projection><projection>EPSG:4760</projection><projection>EPSG:4761</projection><projection>EPSG:4762</projection><projection>EPSG:4763</projection><projection>EPSG:4764</projection><projection>EPSG:4765</projection><projection>EPSG:4766</projection><projection>EPSG:4767</projection><projection>EPSG:4768</projection><projection>EPSG:4769</projection><projection>EPSG:4770</projection><projection>EPSG:4771</projection><projection>EPSG:4772</projection><projection>EPSG:4773</projection><projection>EPSG:4774</projection><projection>EPSG:4775</projection><projection>EPSG:4776</projection><projection>EPSG:4777</projection><projection>EPSG:4778</projection><projection>EPSG:4779</projection><projection>EPSG:4780</projection><projection>EPSG:4781</projection><projection>EPSG:4782</projection><projection>EPSG:4783</projection><projection>EPSG:4784</projection><projection>EPSG:4785</projection><projection>EPSG:4786</projection><projection>EPSG:4787</projection><projection>EPSG:4788</projection><projection>EPSG:4789</projection><projection>EPSG:4790</projection><projection>EPSG:4791</projection><projection>EPSG:4792</projection><projection>EPSG:4793</projection><projection>EPSG:4794</projection><projection>EPSG:4795</projection><projection>EPSG:4796</projection><projection>EPSG:4797</projection><projection>EPSG:4798</projection><projection>EPSG:4799</projection><projection>EPSG:4800</projection><projection>EPSG:4801</projection><projection>EPSG:4802</projection><projection>EPSG:4803</projection><projection>EPSG:4804</projection><projection>EPSG:4805</projection><projection>EPSG:4806</projection><projection>EPSG:4807</projection><projection>EPSG:4808</projection><projection>EPSG:4809</projection><projection>EPSG:4810</projection><projection>EPSG:4811</projection><projection>EPSG:4812</projection><projection>EPSG:4813</projection><projection>EPSG:4814</projection><projection>EPSG:4815</projection><projection>EPSG:4816</projection><projection>EPSG:4817</projection><projection>EPSG:4818</projection><projection>EPSG:4819</projection><projection>EPSG:4820</projection><projection>EPSG:4821</projection><projection>EPSG:4822</projection><projection>EPSG:4823</projection><projection>EPSG:4824</projection><projection>EPSG:4826</projection><projection>EPSG:4839</projection><projection>EPSG:4855</projection><projection>EPSG:4856</projection><projection>EPSG:4857</projection><projection>EPSG:4858</projection><projection>EPSG:4859</projection><projection>EPSG:4860</projection><projection>EPSG:4861</projection><projection>EPSG:4862</projection><projection>EPSG:4863</projection><projection>EPSG:4864</projection><projection>EPSG:4865</projection><projection>EPSG:4866</projection><projection>EPSG:4867</projection><projection>EPSG:4868</projection><projection>EPSG:4869</projection><projection>EPSG:4870</projection><projection>EPSG:4871</projection><projection>EPSG:4872</projection><projection>EPSG:4873</projection><projection>EPSG:4874</projection><projection>EPSG:4875</projection><projection>EPSG:4876</projection><projection>EPSG:4877</projection><projection>EPSG:4878</projection><projection>EPSG:4879</projection><projection>EPSG:4880</projection><projection>EPSG:4882</projection><projection>EPSG:4883</projection><projection>EPSG:4884</projection><projection>EPSG:4885</projection><projection>EPSG:4886</projection><projection>EPSG:4887</projection><projection>EPSG:4888</projection><projection>EPSG:4889</projection><projection>EPSG:4890</projection><projection>EPSG:4891</projection><projection>EPSG:4892</projection><projection>EPSG:4893</projection><projection>EPSG:4894</projection><projection>EPSG:4895</projection><projection>EPSG:4896</projection><projection>EPSG:4897</projection><projection>EPSG:4898</projection><projection>EPSG:4899</projection><projection>EPSG:4900</projection><projection>EPSG:4901</projection><projection>EPSG:4902</projection><projection>EPSG:4903</projection><projection>EPSG:4904</projection><projection>EPSG:4906</projection><projection>EPSG:4907</projection><projection>EPSG:4908</projection><projection>EPSG:4909</projection><projection>EPSG:4910</projection><projection>EPSG:4911</projection><projection>EPSG:4912</projection><projection>EPSG:4913</projection><projection>EPSG:4914</projection><projection>EPSG:4915</projection><projection>EPSG:4916</projection><projection>EPSG:4917</projection><projection>EPSG:4918</projection><projection>EPSG:4919</projection><projection>EPSG:4920</projection><projection>EPSG:4921</projection><projection>EPSG:4922</projection><projection>EPSG:4923</projection><projection>EPSG:4924</projection><projection>EPSG:4925</projection><projection>EPSG:4926</projection><projection>EPSG:4927</projection><projection>EPSG:4928</projection><projection>EPSG:4929</projection><projection>EPSG:4930</projection><projection>EPSG:4931</projection><projection>EPSG:4932</projection><projection>EPSG:4933</projection><projection>EPSG:4934</projection><projection>EPSG:4935</projection><projection>EPSG:4936</projection><projection>EPSG:4937</projection><projection>EPSG:4938</projection><projection>EPSG:4939</projection><projection>EPSG:4940</projection><projection>EPSG:4941</projection><projection>EPSG:4942</projection><projection>EPSG:4943</projection><projection>EPSG:4944</projection><projection>EPSG:4945</projection><projection>EPSG:4946</projection><projection>EPSG:4947</projection><projection>EPSG:4948</projection><projection>EPSG:4949</projection><projection>EPSG:4950</projection><projection>EPSG:4951</projection><projection>EPSG:4952</projection><projection>EPSG:4953</projection><projection>EPSG:4954</projection><projection>EPSG:4955</projection><projection>EPSG:4956</projection><projection>EPSG:4957</projection><projection>EPSG:4958</projection><projection>EPSG:4959</projection><projection>EPSG:4960</projection><projection>EPSG:4961</projection><projection>EPSG:4962</projection><projection>EPSG:4963</projection><projection>EPSG:4964</projection><projection>EPSG:4965</projection><projection>EPSG:4966</projection><projection>EPSG:4967</projection><projection>EPSG:4968</projection><projection>EPSG:4969</projection><projection>EPSG:4970</projection><projection>EPSG:4971</projection><projection>EPSG:4972</projection><projection>EPSG:4973</projection><projection>EPSG:4974</projection><projection>EPSG:4975</projection><projection>EPSG:4976</projection><projection>EPSG:4977</projection><projection>EPSG:4978</projection><projection>EPSG:4979</projection><projection>EPSG:4980</projection><projection>EPSG:4981</projection><projection>EPSG:4982</projection><projection>EPSG:4983</projection><projection>EPSG:4984</projection><projection>EPSG:4985</projection><projection>EPSG:4986</projection><projection>EPSG:4987</projection><projection>EPSG:4988</projection><projection>EPSG:4989</projection><projection>EPSG:4990</projection><projection>EPSG:4991</projection><projection>EPSG:4992</projection><projection>EPSG:4993</projection><projection>EPSG:4994</projection><projection>EPSG:4995</projection><projection>EPSG:4996</projection><projection>EPSG:4997</projection><projection>EPSG:4998</projection><projection>EPSG:4999</projection><projection>EPSG:5011</projection><projection>EPSG:5012</projection><projection>EPSG:5013</projection><projection>EPSG:5014</projection><projection>EPSG:5015</projection><projection>EPSG:5016</projection><projection>EPSG:5017</projection><projection>EPSG:5018</projection><projection>EPSG:5041</projection><projection>EPSG:5042</projection><projection>EPSG:5048</projection><projection>EPSG:5069</projection><projection>EPSG:5070</projection><projection>EPSG:5071</projection><projection>EPSG:5072</projection><projection>EPSG:5105</projection><projection>EPSG:5106</projection><projection>EPSG:5107</projection><projection>EPSG:5108</projection><projection>EPSG:5109</projection><projection>EPSG:5110</projection><projection>EPSG:5111</projection><projection>EPSG:5112</projection><projection>EPSG:5113</projection><projection>EPSG:5114</projection><projection>EPSG:5115</projection><projection>EPSG:5116</projection><projection>EPSG:5117</projection><projection>EPSG:5118</projection><projection>EPSG:5119</projection><projection>EPSG:5120</projection><projection>EPSG:5121</projection><projection>EPSG:5122</projection><projection>EPSG:5123</projection><projection>EPSG:5124</projection><projection>EPSG:5125</projection><projection>EPSG:5126</projection><projection>EPSG:5127</projection><projection>EPSG:5128</projection><projection>EPSG:5129</projection><projection>EPSG:5130</projection><projection>EPSG:5132</projection><projection>EPSG:5167</projection><projection>EPSG:5168</projection><projection>EPSG:5169</projection><projection>EPSG:5170</projection><projection>EPSG:5171</projection><projection>EPSG:5172</projection><projection>EPSG:5173</projection><projection>EPSG:5174</projection><projection>EPSG:5175</projection><projection>EPSG:5176</projection><projection>EPSG:5177</projection><projection>EPSG:5178</projection><projection>EPSG:5179</projection><projection>EPSG:5180</projection><projection>EPSG:5181</projection><projection>EPSG:5182</projection><projection>EPSG:5183</projection><projection>EPSG:5184</projection><projection>EPSG:5185</projection><projection>EPSG:5186</projection><projection>EPSG:5187</projection><projection>EPSG:5188</projection><projection>EPSG:5193</projection><projection>EPSG:5195</projection><projection>EPSG:5214</projection><projection>EPSG:5221</projection><projection>EPSG:5223</projection><projection>EPSG:5224</projection><projection>EPSG:5225</projection><projection>EPSG:5228</projection><projection>EPSG:5229</projection><projection>EPSG:5233</projection><projection>EPSG:5234</projection><projection>EPSG:5235</projection><projection>EPSG:5237</projection><projection>EPSG:5243</projection><projection>EPSG:5244</projection><projection>EPSG:5245</projection><projection>EPSG:5246</projection><projection>EPSG:5247</projection><projection>EPSG:5250</projection><projection>EPSG:5251</projection><projection>EPSG:5252</projection><projection>EPSG:5253</projection><projection>EPSG:5254</projection><projection>EPSG:5255</projection><projection>EPSG:5256</projection><projection>EPSG:5257</projection><projection>EPSG:5258</projection><projection>EPSG:5259</projection><projection>EPSG:5262</projection><projection>EPSG:5263</projection><projection>EPSG:5264</projection><projection>EPSG:5266</projection><projection>EPSG:5269</projection><projection>EPSG:5270</projection><projection>EPSG:5271</projection><projection>EPSG:5272</projection><projection>EPSG:5273</projection><projection>EPSG:5274</projection><projection>EPSG:5275</projection><projection>EPSG:5292</projection><projection>EPSG:5293</projection><projection>EPSG:5294</projection><projection>EPSG:5295</projection><projection>EPSG:5296</projection><projection>EPSG:5297</projection><projection>EPSG:5298</projection><projection>EPSG:5299</projection><projection>EPSG:5300</projection><projection>EPSG:5301</projection><projection>EPSG:5302</projection><projection>EPSG:5303</projection><projection>EPSG:5304</projection><projection>EPSG:5305</projection><projection>EPSG:5306</projection><projection>EPSG:5307</projection><projection>EPSG:5308</projection><projection>EPSG:5309</projection><projection>EPSG:5310</projection><projection>EPSG:5311</projection><projection>EPSG:5316</projection><projection>EPSG:5317</projection><projection>EPSG:5318</projection><projection>EPSG:5320</projection><projection>EPSG:5321</projection><projection>EPSG:5322</projection><projection>EPSG:5323</projection><projection>EPSG:5324</projection><projection>EPSG:5325</projection><projection>EPSG:5329</projection><projection>EPSG:5330</projection><projection>EPSG:5331</projection><projection>EPSG:5332</projection><projection>EPSG:5336</projection><projection>EPSG:5337</projection><projection>EPSG:5340</projection><projection>EPSG:5341</projection><projection>EPSG:5342</projection><projection>EPSG:5343</projection><projection>EPSG:5344</projection><projection>EPSG:5345</projection><projection>EPSG:5346</projection><projection>EPSG:5347</projection><projection>EPSG:5348</projection><projection>EPSG:5349</projection><projection>EPSG:5352</projection><projection>EPSG:5353</projection><projection>EPSG:5354</projection><projection>EPSG:5355</projection><projection>EPSG:5356</projection><projection>EPSG:5357</projection><projection>EPSG:5358</projection><projection>EPSG:5359</projection><projection>EPSG:5360</projection><projection>EPSG:5361</projection><projection>EPSG:5362</projection><projection>EPSG:5363</projection><projection>EPSG:5364</projection><projection>EPSG:5365</projection><projection>EPSG:5367</projection><projection>EPSG:5368</projection><projection>EPSG:5369</projection><projection>EPSG:5370</projection><projection>EPSG:5371</projection><projection>EPSG:5372</projection><projection>EPSG:5373</projection><projection>EPSG:5379</projection><projection>EPSG:5380</projection><projection>EPSG:5381</projection><projection>EPSG:5382</projection><projection>EPSG:5383</projection><projection>EPSG:5387</projection><projection>EPSG:5388</projection><projection>EPSG:5389</projection><projection>EPSG:5391</projection><projection>EPSG:5392</projection><projection>EPSG:5393</projection><projection>EPSG:5396</projection><projection>EPSG:5451</projection><projection>EPSG:5456</projection><projection>EPSG:5457</projection><projection>EPSG:5458</projection><projection>EPSG:5459</projection><projection>EPSG:5460</projection><projection>EPSG:5461</projection><projection>EPSG:5462</projection><projection>EPSG:5463</projection><projection>EPSG:5464</projection><projection>EPSG:5466</projection><projection>EPSG:5467</projection><projection>EPSG:5469</projection><projection>EPSG:5472</projection><projection>EPSG:5479</projection><projection>EPSG:5480</projection><projection>EPSG:5481</projection><projection>EPSG:5482</projection><projection>EPSG:5487</projection><projection>EPSG:5488</projection><projection>EPSG:5489</projection><projection>EPSG:5490</projection><projection>EPSG:5498</projection><projection>EPSG:5499</projection><projection>EPSG:5500</projection><projection>EPSG:5513</projection><projection>EPSG:5514</projection><projection>EPSG:5515</projection><projection>EPSG:5516</projection><projection>EPSG:5518</projection><projection>EPSG:5519</projection><projection>EPSG:5520</projection><projection>EPSG:5523</projection><projection>EPSG:5524</projection><projection>EPSG:5527</projection><projection>EPSG:5530</projection><projection>EPSG:5531</projection><projection>EPSG:5532</projection><projection>EPSG:5533</projection><projection>EPSG:5534</projection><projection>EPSG:5535</projection><projection>EPSG:5536</projection><projection>EPSG:5537</projection><projection>EPSG:5538</projection><projection>EPSG:5539</projection><projection>EPSG:5544</projection><projection>EPSG:5545</projection><projection>EPSG:5546</projection><projection>EPSG:5550</projection><projection>EPSG:5551</projection><projection>EPSG:5552</projection><projection>EPSG:5554</projection><projection>EPSG:5555</projection><projection>EPSG:5556</projection><projection>EPSG:5558</projection><projection>EPSG:5559</projection><projection>EPSG:5560</projection><projection>EPSG:5561</projection><projection>EPSG:5562</projection><projection>EPSG:5563</projection><projection>EPSG:5564</projection><projection>EPSG:5565</projection><projection>EPSG:5566</projection><projection>EPSG:5567</projection><projection>EPSG:5568</projection><projection>EPSG:5569</projection><projection>EPSG:5570</projection><projection>EPSG:5571</projection><projection>EPSG:5572</projection><projection>EPSG:5573</projection><projection>EPSG:5574</projection><projection>EPSG:5575</projection><projection>EPSG:5576</projection><projection>EPSG:5577</projection><projection>EPSG:5578</projection><projection>EPSG:5579</projection><projection>EPSG:5580</projection><projection>EPSG:5581</projection><projection>EPSG:5582</projection><projection>EPSG:5583</projection><projection>EPSG:5588</projection><projection>EPSG:5589</projection><projection>EPSG:5591</projection><projection>EPSG:5592</projection><projection>EPSG:5593</projection><projection>EPSG:5596</projection><projection>EPSG:5597</projection><projection>EPSG:5598</projection><projection>EPSG:5600</projection><projection>EPSG:5601</projection><projection>EPSG:5602</projection><projection>EPSG:5603</projection><projection>EPSG:5604</projection><projection>EPSG:5605</projection><projection>EPSG:5606</projection><projection>EPSG:5607</projection><projection>EPSG:5608</projection><projection>EPSG:5609</projection><projection>EPSG:5610</projection><projection>EPSG:5611</projection><projection>EPSG:5612</projection><projection>EPSG:5613</projection><projection>EPSG:5614</projection><projection>EPSG:5615</projection><projection>EPSG:5616</projection><projection>EPSG:5617</projection><projection>EPSG:5618</projection><projection>EPSG:5619</projection><projection>EPSG:5620</projection><projection>EPSG:5621</projection><projection>EPSG:5623</projection><projection>EPSG:5624</projection><projection>EPSG:5625</projection><projection>EPSG:5627</projection><projection>EPSG:5628</projection><projection>EPSG:5629</projection><projection>EPSG:5631</projection><projection>EPSG:5632</projection><projection>EPSG:5633</projection><projection>EPSG:5634</projection><projection>EPSG:5635</projection><projection>EPSG:5636</projection><projection>EPSG:5637</projection><projection>EPSG:5638</projection><projection>EPSG:5639</projection><projection>EPSG:5641</projection><projection>EPSG:5643</projection><projection>EPSG:5644</projection><projection>EPSG:5646</projection><projection>EPSG:5649</projection><projection>EPSG:5650</projection><projection>EPSG:5651</projection><projection>EPSG:5652</projection><projection>EPSG:5653</projection><projection>EPSG:5654</projection><projection>EPSG:5655</projection><projection>EPSG:5659</projection><projection>EPSG:5663</projection><projection>EPSG:5664</projection><projection>EPSG:5665</projection><projection>EPSG:5666</projection><projection>EPSG:5667</projection><projection>EPSG:5668</projection><projection>EPSG:5669</projection><projection>EPSG:5670</projection><projection>EPSG:5671</projection><projection>EPSG:5672</projection><projection>EPSG:5673</projection><projection>EPSG:5674</projection><projection>EPSG:5675</projection><projection>EPSG:5676</projection><projection>EPSG:5677</projection><projection>EPSG:5678</projection><projection>EPSG:5679</projection><projection>EPSG:5680</projection><projection>EPSG:5681</projection><projection>EPSG:5682</projection><projection>EPSG:5683</projection><projection>EPSG:5684</projection><projection>EPSG:5685</projection><projection>EPSG:5698</projection><projection>EPSG:5699</projection><projection>EPSG:5700</projection><projection>EPSG:5701</projection><projection>EPSG:5702</projection><projection>EPSG:5703</projection><projection>EPSG:5704</projection><projection>EPSG:5705</projection><projection>EPSG:5706</projection><projection>EPSG:5707</projection><projection>EPSG:5708</projection><projection>EPSG:5709</projection><projection>EPSG:5710</projection><projection>EPSG:5711</projection><projection>EPSG:5712</projection><projection>EPSG:5713</projection><projection>EPSG:5714</projection><projection>EPSG:5715</projection><projection>EPSG:5716</projection><projection>EPSG:5717</projection><projection>EPSG:5718</projection><projection>EPSG:5719</projection><projection>EPSG:5720</projection><projection>EPSG:5721</projection><projection>EPSG:5722</projection><projection>EPSG:5723</projection><projection>EPSG:5724</projection><projection>EPSG:5725</projection><projection>EPSG:5726</projection><projection>EPSG:5727</projection><projection>EPSG:5728</projection><projection>EPSG:5729</projection><projection>EPSG:5730</projection><projection>EPSG:5731</projection><projection>EPSG:5732</projection><projection>EPSG:5733</projection><projection>EPSG:5734</projection><projection>EPSG:5735</projection><projection>EPSG:5736</projection><projection>EPSG:5737</projection><projection>EPSG:5738</projection><projection>EPSG:5739</projection><projection>EPSG:5740</projection><projection>EPSG:5741</projection><projection>EPSG:5742</projection><projection>EPSG:5743</projection><projection>EPSG:5744</projection><projection>EPSG:5745</projection><projection>EPSG:5746</projection><projection>EPSG:5747</projection><projection>EPSG:5748</projection><projection>EPSG:5749</projection><projection>EPSG:5750</projection><projection>EPSG:5751</projection><projection>EPSG:5752</projection><projection>EPSG:5753</projection><projection>EPSG:5754</projection><projection>EPSG:5755</projection><projection>EPSG:5756</projection><projection>EPSG:5757</projection><projection>EPSG:5758</projection><projection>EPSG:5759</projection><projection>EPSG:5760</projection><projection>EPSG:5761</projection><projection>EPSG:5762</projection><projection>EPSG:5763</projection><projection>EPSG:5764</projection><projection>EPSG:5765</projection><projection>EPSG:5766</projection><projection>EPSG:5767</projection><projection>EPSG:5768</projection><projection>EPSG:5769</projection><projection>EPSG:5770</projection><projection>EPSG:5771</projection><projection>EPSG:5772</projection><projection>EPSG:5773</projection><projection>EPSG:5774</projection><projection>EPSG:5775</projection><projection>EPSG:5776</projection><projection>EPSG:5777</projection><projection>EPSG:5778</projection><projection>EPSG:5779</projection><projection>EPSG:5780</projection><projection>EPSG:5781</projection><projection>EPSG:5782</projection><projection>EPSG:5783</projection><projection>EPSG:5784</projection><projection>EPSG:5785</projection><projection>EPSG:5786</projection><projection>EPSG:5787</projection><projection>EPSG:5788</projection><projection>EPSG:5789</projection><projection>EPSG:5790</projection><projection>EPSG:5791</projection><projection>EPSG:5792</projection><projection>EPSG:5793</projection><projection>EPSG:5794</projection><projection>EPSG:5795</projection><projection>EPSG:5796</projection><projection>EPSG:5797</projection><projection>EPSG:5798</projection><projection>EPSG:5799</projection><projection>EPSG:5800</projection><projection>EPSG:5801</projection><projection>EPSG:5802</projection><projection>EPSG:5803</projection><projection>EPSG:5804</projection><projection>EPSG:5805</projection><projection>EPSG:5806</projection><projection>EPSG:5807</projection><projection>EPSG:5808</projection><projection>EPSG:5809</projection><projection>EPSG:5810</projection><projection>EPSG:5811</projection><projection>EPSG:5812</projection><projection>EPSG:5813</projection><projection>EPSG:5814</projection><projection>EPSG:5815</projection><projection>EPSG:5816</projection><projection>EPSG:5817</projection><projection>EPSG:5818</projection><projection>EPSG:5819</projection><projection>EPSG:5820</projection><projection>EPSG:5821</projection><projection>EPSG:5825</projection><projection>EPSG:5828</projection><projection>EPSG:5829</projection><projection>EPSG:5830</projection><projection>EPSG:5831</projection><projection>EPSG:5832</projection><projection>EPSG:5833</projection><projection>EPSG:5834</projection><projection>EPSG:5835</projection><projection>EPSG:5836</projection><projection>EPSG:5837</projection><projection>EPSG:5839</projection><projection>EPSG:5842</projection><projection>EPSG:5844</projection><projection>EPSG:5845</projection><projection>EPSG:5846</projection><projection>EPSG:5847</projection><projection>EPSG:5848</projection><projection>EPSG:5849</projection><projection>EPSG:5850</projection><projection>EPSG:5851</projection><projection>EPSG:5852</projection><projection>EPSG:5853</projection><projection>EPSG:5854</projection><projection>EPSG:5855</projection><projection>EPSG:5856</projection><projection>EPSG:5857</projection><projection>EPSG:5858</projection><projection>EPSG:5859</projection><projection>EPSG:5861</projection><projection>EPSG:5862</projection><projection>EPSG:5863</projection><projection>EPSG:5864</projection><projection>EPSG:5865</projection><projection>EPSG:5866</projection><projection>EPSG:5867</projection><projection>EPSG:5868</projection><projection>EPSG:5869</projection><projection>EPSG:5870</projection><projection>EPSG:5871</projection><projection>EPSG:5872</projection><projection>EPSG:5873</projection><projection>EPSG:5874</projection><projection>EPSG:5875</projection><projection>EPSG:5876</projection><projection>EPSG:5877</projection><projection>EPSG:5879</projection><projection>EPSG:5880</projection><projection>EPSG:5884</projection><projection>EPSG:5885</projection><projection>EPSG:5886</projection><projection>EPSG:5887</projection><projection>EPSG:5890</projection><projection>EPSG:5921</projection><projection>EPSG:5922</projection><projection>EPSG:5923</projection><projection>EPSG:5924</projection><projection>EPSG:5925</projection><projection>EPSG:5926</projection><projection>EPSG:5927</projection><projection>EPSG:5928</projection><projection>EPSG:5929</projection><projection>EPSG:5930</projection><projection>EPSG:5931</projection><projection>EPSG:5932</projection><projection>EPSG:5933</projection><projection>EPSG:5934</projection><projection>EPSG:5935</projection><projection>EPSG:5936</projection><projection>EPSG:5937</projection><projection>EPSG:5938</projection><projection>EPSG:5939</projection><projection>EPSG:5940</projection><projection>EPSG:5941</projection><projection>EPSG:5942</projection><projection>EPSG:5945</projection><projection>EPSG:5946</projection><projection>EPSG:5947</projection><projection>EPSG:5948</projection><projection>EPSG:5949</projection><projection>EPSG:5950</projection><projection>EPSG:5951</projection><projection>EPSG:5952</projection><projection>EPSG:5953</projection><projection>EPSG:5954</projection><projection>EPSG:5955</projection><projection>EPSG:5956</projection><projection>EPSG:5957</projection><projection>EPSG:5958</projection><projection>EPSG:5959</projection><projection>EPSG:5960</projection><projection>EPSG:5961</projection><projection>EPSG:5962</projection><projection>EPSG:5963</projection><projection>EPSG:5964</projection><projection>EPSG:5965</projection><projection>EPSG:5966</projection><projection>EPSG:5967</projection><projection>EPSG:5968</projection><projection>EPSG:5969</projection><projection>EPSG:5970</projection><projection>EPSG:5971</projection><projection>EPSG:5972</projection><projection>EPSG:5973</projection><projection>EPSG:5974</projection><projection>EPSG:5975</projection><projection>EPSG:5976</projection><projection>EPSG:6050</projection><projection>EPSG:6051</projection><projection>EPSG:6052</projection><projection>EPSG:6053</projection><projection>EPSG:6054</projection><projection>EPSG:6055</projection><projection>EPSG:6056</projection><projection>EPSG:6057</projection><projection>EPSG:6058</projection><projection>EPSG:6059</projection><projection>EPSG:6060</projection><projection>EPSG:6061</projection><projection>EPSG:6062</projection><projection>EPSG:6063</projection><projection>EPSG:6064</projection><projection>EPSG:6065</projection><projection>EPSG:6066</projection><projection>EPSG:6067</projection><projection>EPSG:6068</projection><projection>EPSG:6069</projection><projection>EPSG:6070</projection><projection>EPSG:6071</projection><projection>EPSG:6072</projection><projection>EPSG:6073</projection><projection>EPSG:6074</projection><projection>EPSG:6075</projection><projection>EPSG:6076</projection><projection>EPSG:6077</projection><projection>EPSG:6078</projection><projection>EPSG:6079</projection><projection>EPSG:6080</projection><projection>EPSG:6081</projection><projection>EPSG:6082</projection><projection>EPSG:6083</projection><projection>EPSG:6084</projection><projection>EPSG:6085</projection><projection>EPSG:6086</projection><projection>EPSG:6087</projection><projection>EPSG:6088</projection><projection>EPSG:6089</projection><projection>EPSG:6090</projection><projection>EPSG:6091</projection><projection>EPSG:6092</projection><projection>EPSG:6093</projection><projection>EPSG:6094</projection><projection>EPSG:6095</projection><projection>EPSG:6096</projection><projection>EPSG:6097</projection><projection>EPSG:6098</projection><projection>EPSG:6099</projection><projection>EPSG:6100</projection><projection>EPSG:6101</projection><projection>EPSG:6102</projection><projection>EPSG:6103</projection><projection>EPSG:6104</projection><projection>EPSG:6105</projection><projection>EPSG:6106</projection><projection>EPSG:6107</projection><projection>EPSG:6108</projection><projection>EPSG:6109</projection><projection>EPSG:6110</projection><projection>EPSG:6111</projection><projection>EPSG:6112</projection><projection>EPSG:6113</projection><projection>EPSG:6114</projection><projection>EPSG:6115</projection><projection>EPSG:6116</projection><projection>EPSG:6117</projection><projection>EPSG:6118</projection><projection>EPSG:6119</projection><projection>EPSG:6120</projection><projection>EPSG:6121</projection><projection>EPSG:6122</projection><projection>EPSG:6123</projection><projection>EPSG:6124</projection><projection>EPSG:6125</projection><projection>EPSG:6128</projection><projection>EPSG:6129</projection><projection>EPSG:6130</projection><projection>EPSG:6131</projection><projection>EPSG:6132</projection><projection>EPSG:6133</projection><projection>EPSG:6134</projection><projection>EPSG:6135</projection><projection>EPSG:6141</projection><projection>EPSG:6144</projection><projection>EPSG:6145</projection><projection>EPSG:6146</projection><projection>EPSG:6147</projection><projection>EPSG:6148</projection><projection>EPSG:6149</projection><projection>EPSG:6150</projection><projection>EPSG:6151</projection><projection>EPSG:6152</projection><projection>EPSG:6153</projection><projection>EPSG:6154</projection><projection>EPSG:6155</projection><projection>EPSG:6156</projection><projection>EPSG:6157</projection><projection>EPSG:6158</projection><projection>EPSG:6159</projection><projection>EPSG:6160</projection><projection>EPSG:6161</projection><projection>EPSG:6162</projection><projection>EPSG:6163</projection><projection>EPSG:6164</projection><projection>EPSG:6165</projection><projection>EPSG:6166</projection><projection>EPSG:6167</projection><projection>EPSG:6168</projection><projection>EPSG:6169</projection><projection>EPSG:6170</projection><projection>EPSG:6171</projection><projection>EPSG:6172</projection><projection>EPSG:6173</projection><projection>EPSG:6174</projection><projection>EPSG:6175</projection><projection>EPSG:6176</projection><projection>EPSG:6178</projection><projection>EPSG:6179</projection><projection>EPSG:6180</projection><projection>EPSG:6181</projection><projection>EPSG:6182</projection><projection>EPSG:6183</projection><projection>EPSG:6184</projection><projection>EPSG:6185</projection><projection>EPSG:6186</projection><projection>EPSG:6187</projection><projection>EPSG:6190</projection><projection>EPSG:6200</projection><projection>EPSG:6201</projection><projection>EPSG:6202</projection><projection>EPSG:6204</projection><projection>EPSG:6207</projection><projection>EPSG:6210</projection><projection>EPSG:6211</projection><projection>EPSG:6244</projection><projection>EPSG:6245</projection><projection>EPSG:6246</projection><projection>EPSG:6247</projection><projection>EPSG:6248</projection><projection>EPSG:6249</projection><projection>EPSG:6250</projection><projection>EPSG:6251</projection><projection>EPSG:6252</projection><projection>EPSG:6253</projection><projection>EPSG:6254</projection><projection>EPSG:6255</projection><projection>EPSG:6256</projection><projection>EPSG:6257</projection><projection>EPSG:6258</projection><projection>EPSG:6259</projection><projection>EPSG:6260</projection><projection>EPSG:6261</projection><projection>EPSG:6262</projection><projection>EPSG:6263</projection><projection>EPSG:6264</projection><projection>EPSG:6265</projection><projection>EPSG:6266</projection><projection>EPSG:6267</projection><projection>EPSG:6268</projection><projection>EPSG:6269</projection><projection>EPSG:6270</projection><projection>EPSG:6271</projection><projection>EPSG:6272</projection><projection>EPSG:6273</projection><projection>EPSG:6274</projection><projection>EPSG:6275</projection><projection>EPSG:6316</projection><projection>EPSG:6317</projection><projection>EPSG:6318</projection><projection>EPSG:6319</projection><projection>EPSG:6320</projection><projection>EPSG:6321</projection><projection>EPSG:6322</projection><projection>EPSG:6323</projection><projection>EPSG:6324</projection><projection>EPSG:6325</projection><projection>EPSG:6328</projection><projection>EPSG:6329</projection><projection>EPSG:6330</projection><projection>EPSG:6331</projection><projection>EPSG:6332</projection><projection>EPSG:6333</projection><projection>EPSG:6334</projection><projection>EPSG:6335</projection><projection>EPSG:6336</projection><projection>EPSG:6337</projection><projection>EPSG:6338</projection><projection>EPSG:6339</projection><projection>EPSG:6340</projection><projection>EPSG:6341</projection><projection>EPSG:6342</projection><projection>EPSG:6343</projection><projection>EPSG:6344</projection><projection>EPSG:6345</projection><projection>EPSG:6346</projection><projection>EPSG:6347</projection><projection>EPSG:6348</projection><projection>EPSG:6349</projection><projection>EPSG:6350</projection><projection>EPSG:6351</projection><projection>EPSG:6352</projection><projection>EPSG:6353</projection><projection>EPSG:6354</projection><projection>EPSG:6355</projection><projection>EPSG:6356</projection><projection>EPSG:6357</projection><projection>EPSG:6358</projection><projection>EPSG:6359</projection><projection>EPSG:6360</projection><projection>EPSG:6362</projection><projection>EPSG:6363</projection><projection>EPSG:6364</projection><projection>EPSG:6365</projection><projection>EPSG:6366</projection><projection>EPSG:6367</projection><projection>EPSG:6368</projection><projection>EPSG:6369</projection><projection>EPSG:6370</projection><projection>EPSG:6371</projection><projection>EPSG:6372</projection><projection>EPSG:6381</projection><projection>EPSG:6382</projection><projection>EPSG:6383</projection><projection>EPSG:6384</projection><projection>EPSG:6385</projection><projection>EPSG:6386</projection><projection>EPSG:6387</projection><projection>EPSG:6391</projection><projection>EPSG:6393</projection><projection>EPSG:6394</projection><projection>EPSG:6395</projection><projection>EPSG:6396</projection><projection>EPSG:6397</projection><projection>EPSG:6398</projection><projection>EPSG:6399</projection><projection>EPSG:6400</projection><projection>EPSG:6401</projection><projection>EPSG:6402</projection><projection>EPSG:6403</projection><projection>EPSG:6404</projection><projection>EPSG:6405</projection><projection>EPSG:6406</projection><projection>EPSG:6407</projection><projection>EPSG:6408</projection><projection>EPSG:6409</projection><projection>EPSG:6410</projection><projection>EPSG:6411</projection><projection>EPSG:6412</projection><projection>EPSG:6413</projection><projection>EPSG:6414</projection><projection>EPSG:6415</projection><projection>EPSG:6416</projection><projection>EPSG:6417</projection><projection>EPSG:6418</projection><projection>EPSG:6419</projection><projection>EPSG:6420</projection><projection>EPSG:6421</projection><projection>EPSG:6422</projection><projection>EPSG:6423</projection><projection>EPSG:6424</projection><projection>EPSG:6425</projection><projection>EPSG:6426</projection><projection>EPSG:6427</projection><projection>EPSG:6428</projection><projection>EPSG:6429</projection><projection>EPSG:6430</projection><projection>EPSG:6431</projection><projection>EPSG:6432</projection><projection>EPSG:6433</projection><projection>EPSG:6434</projection><projection>EPSG:6435</projection><projection>EPSG:6436</projection><projection>EPSG:6437</projection><projection>EPSG:6438</projection><projection>EPSG:6439</projection><projection>EPSG:6440</projection><projection>EPSG:6441</projection><projection>EPSG:6442</projection><projection>EPSG:6443</projection><projection>EPSG:6444</projection><projection>EPSG:6445</projection><projection>EPSG:6446</projection><projection>EPSG:6447</projection><projection>EPSG:6448</projection><projection>EPSG:6449</projection><projection>EPSG:6450</projection><projection>EPSG:6451</projection><projection>EPSG:6452</projection><projection>EPSG:6453</projection><projection>EPSG:6454</projection><projection>EPSG:6455</projection><projection>EPSG:6456</projection><projection>EPSG:6457</projection><projection>EPSG:6458</projection><projection>EPSG:6459</projection><projection>EPSG:6460</projection><projection>EPSG:6461</projection><projection>EPSG:6462</projection><projection>EPSG:6463</projection><projection>EPSG:6464</projection><projection>EPSG:6465</projection><projection>EPSG:6466</projection><projection>EPSG:6467</projection><projection>EPSG:6468</projection><projection>EPSG:6469</projection><projection>EPSG:6470</projection><projection>EPSG:6471</projection><projection>EPSG:6472</projection><projection>EPSG:6473</projection><projection>EPSG:6474</projection><projection>EPSG:6475</projection><projection>EPSG:6476</projection><projection>EPSG:6477</projection><projection>EPSG:6478</projection><projection>EPSG:6479</projection><projection>EPSG:6480</projection><projection>EPSG:6481</projection><projection>EPSG:6482</projection><projection>EPSG:6483</projection><projection>EPSG:6484</projection><projection>EPSG:6485</projection><projection>EPSG:6486</projection><projection>EPSG:6487</projection><projection>EPSG:6488</projection><projection>EPSG:6489</projection><projection>EPSG:6490</projection><projection>EPSG:6491</projection><projection>EPSG:6492</projection><projection>EPSG:6493</projection><projection>EPSG:6494</projection><projection>EPSG:6495</projection><projection>EPSG:6496</projection><projection>EPSG:6497</projection><projection>EPSG:6498</projection><projection>EPSG:6499</projection><projection>EPSG:6500</projection><projection>EPSG:6501</projection><projection>EPSG:6502</projection><projection>EPSG:6503</projection><projection>EPSG:6504</projection><projection>EPSG:6505</projection><projection>EPSG:6506</projection><projection>EPSG:6507</projection><projection>EPSG:6508</projection><projection>EPSG:6509</projection><projection>EPSG:6510</projection><projection>EPSG:6511</projection><projection>EPSG:6512</projection><projection>EPSG:6513</projection><projection>EPSG:6514</projection><projection>EPSG:6515</projection><projection>EPSG:6516</projection><projection>EPSG:6517</projection><projection>EPSG:6518</projection><projection>EPSG:6519</projection><projection>EPSG:6520</projection><projection>EPSG:6521</projection><projection>EPSG:6522</projection><projection>EPSG:6523</projection><projection>EPSG:6524</projection><projection>EPSG:6525</projection><projection>EPSG:6526</projection><projection>EPSG:6527</projection><projection>EPSG:6528</projection><projection>EPSG:6529</projection><projection>EPSG:6530</projection><projection>EPSG:6531</projection><projection>EPSG:6532</projection><projection>EPSG:6533</projection><projection>EPSG:6534</projection><projection>EPSG:6535</projection><projection>EPSG:6536</projection><projection>EPSG:6537</projection><projection>EPSG:6538</projection><projection>EPSG:6539</projection><projection>EPSG:6540</projection><projection>EPSG:6541</projection><projection>EPSG:6542</projection><projection>EPSG:6543</projection><projection>EPSG:6544</projection><projection>EPSG:6545</projection><projection>EPSG:6546</projection><projection>EPSG:6547</projection><projection>EPSG:6548</projection><projection>EPSG:6549</projection><projection>EPSG:6550</projection><projection>EPSG:6551</projection><projection>EPSG:6552</projection><projection>EPSG:6553</projection><projection>EPSG:6554</projection><projection>EPSG:6555</projection><projection>EPSG:6556</projection><projection>EPSG:6557</projection><projection>EPSG:6558</projection><projection>EPSG:6559</projection><projection>EPSG:6560</projection><projection>EPSG:6561</projection><projection>EPSG:6562</projection><projection>EPSG:6563</projection><projection>EPSG:6564</projection><projection>EPSG:6565</projection><projection>EPSG:6566</projection><projection>EPSG:6567</projection><projection>EPSG:6568</projection><projection>EPSG:6569</projection><projection>EPSG:6570</projection><projection>EPSG:6571</projection><projection>EPSG:6572</projection><projection>EPSG:6573</projection><projection>EPSG:6574</projection><projection>EPSG:6575</projection><projection>EPSG:6576</projection><projection>EPSG:6577</projection><projection>EPSG:6578</projection><projection>EPSG:6579</projection><projection>EPSG:6580</projection><projection>EPSG:6581</projection><projection>EPSG:6582</projection><projection>EPSG:6583</projection><projection>EPSG:6584</projection><projection>EPSG:6585</projection><projection>EPSG:6586</projection><projection>EPSG:6587</projection><projection>EPSG:6588</projection><projection>EPSG:6589</projection><projection>EPSG:6590</projection><projection>EPSG:6591</projection><projection>EPSG:6592</projection><projection>EPSG:6593</projection><projection>EPSG:6594</projection><projection>EPSG:6595</projection><projection>EPSG:6596</projection><projection>EPSG:6597</projection><projection>EPSG:6598</projection><projection>EPSG:6599</projection><projection>EPSG:6600</projection><projection>EPSG:6601</projection><projection>EPSG:6602</projection><projection>EPSG:6603</projection><projection>EPSG:6604</projection><projection>EPSG:6605</projection><projection>EPSG:6606</projection><projection>EPSG:6607</projection><projection>EPSG:6608</projection><projection>EPSG:6609</projection><projection>EPSG:6610</projection><projection>EPSG:6611</projection><projection>EPSG:6612</projection><projection>EPSG:6613</projection><projection>EPSG:6614</projection><projection>EPSG:6615</projection><projection>EPSG:6616</projection><projection>EPSG:6617</projection><projection>EPSG:6618</projection><projection>EPSG:6619</projection><projection>EPSG:6620</projection><projection>EPSG:6621</projection><projection>EPSG:6622</projection><projection>EPSG:6623</projection><projection>EPSG:6624</projection><projection>EPSG:6625</projection><projection>EPSG:6626</projection><projection>EPSG:6627</projection><projection>EPSG:6628</projection><projection>EPSG:6629</projection><projection>EPSG:6630</projection><projection>EPSG:6631</projection><projection>EPSG:6632</projection><projection>EPSG:6633</projection><projection>EPSG:6634</projection><projection>EPSG:6635</projection><projection>EPSG:6636</projection><projection>EPSG:6637</projection><projection>EPSG:6638</projection><projection>EPSG:6639</projection><projection>EPSG:6640</projection><projection>EPSG:6641</projection><projection>EPSG:6642</projection><projection>EPSG:6643</projection><projection>EPSG:6644</projection><projection>EPSG:6646</projection><projection>EPSG:6647</projection><projection>EPSG:6649</projection><projection>EPSG:6650</projection><projection>EPSG:6651</projection><projection>EPSG:6652</projection><projection>EPSG:6653</projection><projection>EPSG:6654</projection><projection>EPSG:6655</projection><projection>EPSG:6656</projection><projection>EPSG:6657</projection><projection>EPSG:6658</projection><projection>EPSG:6659</projection><projection>EPSG:6660</projection><projection>EPSG:6661</projection><projection>EPSG:6662</projection><projection>EPSG:6663</projection><projection>EPSG:6664</projection><projection>EPSG:6665</projection><projection>EPSG:6666</projection><projection>EPSG:6667</projection><projection>EPSG:6668</projection><projection>EPSG:6669</projection><projection>EPSG:6670</projection><projection>EPSG:6671</projection><projection>EPSG:6672</projection><projection>EPSG:6673</projection><projection>EPSG:6674</projection><projection>EPSG:6675</projection><projection>EPSG:6676</projection><projection>EPSG:6677</projection><projection>EPSG:6678</projection><projection>EPSG:6679</projection><projection>EPSG:6680</projection><projection>EPSG:6681</projection><projection>EPSG:6682</projection><projection>EPSG:6683</projection><projection>EPSG:6684</projection><projection>EPSG:6685</projection><projection>EPSG:6686</projection><projection>EPSG:6687</projection><projection>EPSG:6688</projection><projection>EPSG:6689</projection><projection>EPSG:6690</projection><projection>EPSG:6691</projection><projection>EPSG:6692</projection><projection>EPSG:6693</projection><projection>EPSG:6694</projection><projection>EPSG:6695</projection><projection>EPSG:6696</projection><projection>EPSG:6697</projection><projection>EPSG:6700</projection><projection>EPSG:6703</projection><projection>EPSG:6704</projection><projection>EPSG:6705</projection><projection>EPSG:6706</projection><projection>EPSG:6707</projection><projection>EPSG:6708</projection><projection>EPSG:6709</projection><projection>EPSG:6715</projection><projection>EPSG:6720</projection><projection>EPSG:6721</projection><projection>EPSG:6722</projection><projection>EPSG:6723</projection><projection>EPSG:6732</projection><projection>EPSG:6733</projection><projection>EPSG:6734</projection><projection>EPSG:6735</projection><projection>EPSG:6736</projection><projection>EPSG:6737</projection><projection>EPSG:6738</projection><projection>EPSG:6781</projection><projection>EPSG:6782</projection><projection>EPSG:6783</projection><projection>EPSG:6784</projection><projection>EPSG:6785</projection><projection>EPSG:6786</projection><projection>EPSG:6787</projection><projection>EPSG:6788</projection><projection>EPSG:6789</projection><projection>EPSG:6790</projection><projection>EPSG:6791</projection><projection>EPSG:6792</projection><projection>EPSG:6793</projection><projection>EPSG:6794</projection><projection>EPSG:6795</projection><projection>EPSG:6796</projection><projection>EPSG:6797</projection><projection>EPSG:6798</projection><projection>EPSG:6799</projection><projection>EPSG:6800</projection><projection>EPSG:6801</projection><projection>EPSG:6802</projection><projection>EPSG:6803</projection><projection>EPSG:6804</projection><projection>EPSG:6805</projection><projection>EPSG:6806</projection><projection>EPSG:6807</projection><projection>EPSG:6808</projection><projection>EPSG:6809</projection><projection>EPSG:6810</projection><projection>EPSG:6811</projection><projection>EPSG:6812</projection><projection>EPSG:6813</projection><projection>EPSG:6814</projection><projection>EPSG:6815</projection><projection>EPSG:6816</projection><projection>EPSG:6817</projection><projection>EPSG:6818</projection><projection>EPSG:6819</projection><projection>EPSG:6820</projection><projection>EPSG:6821</projection><projection>EPSG:6822</projection><projection>EPSG:6823</projection><projection>EPSG:6824</projection><projection>EPSG:6825</projection><projection>EPSG:6826</projection><projection>EPSG:6827</projection><projection>EPSG:6828</projection><projection>EPSG:6829</projection><projection>EPSG:6830</projection><projection>EPSG:6831</projection><projection>EPSG:6832</projection><projection>EPSG:6833</projection><projection>EPSG:6834</projection><projection>EPSG:6835</projection><projection>EPSG:6836</projection><projection>EPSG:6837</projection><projection>EPSG:6838</projection><projection>EPSG:6839</projection><projection>EPSG:6840</projection><projection>EPSG:6841</projection><projection>EPSG:6842</projection><projection>EPSG:6843</projection><projection>EPSG:6844</projection><projection>EPSG:6845</projection><projection>EPSG:6846</projection><projection>EPSG:6847</projection><projection>EPSG:6848</projection><projection>EPSG:6849</projection><projection>EPSG:6850</projection><projection>EPSG:6851</projection><projection>EPSG:6852</projection><projection>EPSG:6853</projection><projection>EPSG:6854</projection><projection>EPSG:6855</projection><projection>EPSG:6856</projection><projection>EPSG:6857</projection><projection>EPSG:6858</projection><projection>EPSG:6859</projection><projection>EPSG:6860</projection><projection>EPSG:6861</projection><projection>EPSG:6862</projection><projection>EPSG:6863</projection><projection>EPSG:6867</projection><projection>EPSG:6868</projection><projection>EPSG:6870</projection><projection>EPSG:6871</projection><projection>EPSG:6875</projection><projection>EPSG:6876</projection><projection>EPSG:6879</projection><projection>EPSG:6880</projection><projection>EPSG:6881</projection><projection>EPSG:6882</projection><projection>EPSG:6883</projection><projection>EPSG:6884</projection><projection>EPSG:6885</projection><projection>EPSG:6886</projection><projection>EPSG:6887</projection><projection>EPSG:6892</projection><projection>EPSG:6893</projection><projection>EPSG:6894</projection><projection>EPSG:6915</projection><projection>EPSG:6916</projection><projection>EPSG:6917</projection><projection>EPSG:6922</projection><projection>EPSG:6923</projection><projection>EPSG:6924</projection><projection>EPSG:6925</projection><projection>EPSG:6927</projection><projection>EPSG:6931</projection><projection>EPSG:6932</projection><projection>EPSG:6933</projection><projection>EPSG:6956</projection><projection>EPSG:6957</projection><projection>EPSG:6958</projection><projection>EPSG:6959</projection><projection>EPSG:6962</projection><projection>EPSG:6978</projection><projection>EPSG:6979</projection><projection>EPSG:6980</projection><projection>EPSG:6981</projection><projection>EPSG:6982</projection><projection>EPSG:6983</projection><projection>EPSG:6984</projection><projection>EPSG:6985</projection><projection>EPSG:6986</projection><projection>EPSG:6987</projection><projection>EPSG:6988</projection><projection>EPSG:6989</projection><projection>EPSG:6990</projection><projection>EPSG:6991</projection><projection>EPSG:6996</projection><projection>EPSG:6997</projection><projection>EPSG:7400</projection><projection>EPSG:7401</projection><projection>EPSG:7402</projection><projection>EPSG:7403</projection><projection>EPSG:7404</projection><projection>EPSG:7405</projection><projection>EPSG:7406</projection><projection>EPSG:7407</projection><projection>EPSG:7408</projection><projection>EPSG:7409</projection><projection>EPSG:7410</projection><projection>EPSG:7411</projection><projection>EPSG:7412</projection><projection>EPSG:7413</projection><projection>EPSG:7414</projection><projection>EPSG:7415</projection><projection>EPSG:7416</projection><projection>EPSG:7417</projection><projection>EPSG:7418</projection><projection>EPSG:7419</projection><projection>EPSG:7420</projection><projection>EPSG:7421</projection><projection>EPSG:7422</projection><projection>EPSG:7423</projection><projection>EPSG:20004</projection><projection>EPSG:20005</projection><projection>EPSG:20006</projection><projection>EPSG:20007</projection><projection>EPSG:20008</projection><projection>EPSG:20009</projection><projection>EPSG:20010</projection><projection>EPSG:20011</projection><projection>EPSG:20012</projection><projection>EPSG:20013</projection><projection>EPSG:20014</projection><projection>EPSG:20015</projection><projection>EPSG:20016</projection><projection>EPSG:20017</projection><projection>EPSG:20018</projection><projection>EPSG:20019</projection><projection>EPSG:20020</projection><projection>EPSG:20021</projection><projection>EPSG:20022</projection><projection>EPSG:20023</projection><projection>EPSG:20024</projection><projection>EPSG:20025</projection><projection>EPSG:20026</projection><projection>EPSG:20027</projection><projection>EPSG:20028</projection><projection>EPSG:20029</projection><projection>EPSG:20030</projection><projection>EPSG:20031</projection><projection>EPSG:20032</projection><projection>EPSG:20064</projection><projection>EPSG:20065</projection><projection>EPSG:20066</projection><projection>EPSG:20067</projection><projection>EPSG:20068</projection><projection>EPSG:20069</projection><projection>EPSG:20070</projection><projection>EPSG:20071</projection><projection>EPSG:20072</projection><projection>EPSG:20073</projection><projection>EPSG:20074</projection><projection>EPSG:20075</projection><projection>EPSG:20076</projection><projection>EPSG:20077</projection><projection>EPSG:20078</projection><projection>EPSG:20079</projection><projection>EPSG:20080</projection><projection>EPSG:20081</projection><projection>EPSG:20082</projection><projection>EPSG:20083</projection><projection>EPSG:20084</projection><projection>EPSG:20085</projection><projection>EPSG:20086</projection><projection>EPSG:20087</projection><projection>EPSG:20088</projection><projection>EPSG:20089</projection><projection>EPSG:20090</projection><projection>EPSG:20091</projection><projection>EPSG:20092</projection><projection>EPSG:20135</projection><projection>EPSG:20136</projection><projection>EPSG:20137</projection><projection>EPSG:20138</projection><projection>EPSG:20248</projection><projection>EPSG:20249</projection><projection>EPSG:20250</projection><projection>EPSG:20251</projection><projection>EPSG:20252</projection><projection>EPSG:20253</projection><projection>EPSG:20254</projection><projection>EPSG:20255</projection><projection>EPSG:20256</projection><projection>EPSG:20257</projection><projection>EPSG:20258</projection><projection>EPSG:20348</projection><projection>EPSG:20349</projection><projection>EPSG:20350</projection><projection>EPSG:20351</projection><projection>EPSG:20352</projection><projection>EPSG:20353</projection><projection>EPSG:20354</projection><projection>EPSG:20355</projection><projection>EPSG:20356</projection><projection>EPSG:20357</projection><projection>EPSG:20358</projection><projection>EPSG:20436</projection><projection>EPSG:20437</projection><projection>EPSG:20438</projection><projection>EPSG:20439</projection><projection>EPSG:20440</projection><projection>EPSG:20499</projection><projection>EPSG:20538</projection><projection>EPSG:20539</projection><projection>EPSG:20790</projection><projection>EPSG:20791</projection><projection>EPSG:20822</projection><projection>EPSG:20823</projection><projection>EPSG:20824</projection><projection>EPSG:20934</projection><projection>EPSG:20935</projection><projection>EPSG:20936</projection><projection>EPSG:21035</projection><projection>EPSG:21036</projection><projection>EPSG:21037</projection><projection>EPSG:21095</projection><projection>EPSG:21096</projection><projection>EPSG:21097</projection><projection>EPSG:21100</projection><projection>EPSG:21148</projection><projection>EPSG:21149</projection><projection>EPSG:21150</projection><projection>EPSG:21291</projection><projection>EPSG:21292</projection><projection>EPSG:21413</projection><projection>EPSG:21414</projection><projection>EPSG:21415</projection><projection>EPSG:21416</projection><projection>EPSG:21417</projection><projection>EPSG:21418</projection><projection>EPSG:21419</projection><projection>EPSG:21420</projection><projection>EPSG:21421</projection><projection>EPSG:21422</projection><projection>EPSG:21423</projection><projection>EPSG:21453</projection><projection>EPSG:21454</projection><projection>EPSG:21455</projection><projection>EPSG:21456</projection><projection>EPSG:21457</projection><projection>EPSG:21458</projection><projection>EPSG:21459</projection><projection>EPSG:21460</projection><projection>EPSG:21461</projection><projection>EPSG:21462</projection><projection>EPSG:21463</projection><projection>EPSG:21473</projection><projection>EPSG:21474</projection><projection>EPSG:21475</projection><projection>EPSG:21476</projection><projection>EPSG:21477</projection><projection>EPSG:21478</projection><projection>EPSG:21479</projection><projection>EPSG:21480</projection><projection>EPSG:21481</projection><projection>EPSG:21482</projection><projection>EPSG:21483</projection><projection>EPSG:21500</projection><projection>EPSG:21780</projection><projection>EPSG:21781</projection><projection>EPSG:21782</projection><projection>EPSG:21817</projection><projection>EPSG:21818</projection><projection>EPSG:21891</projection><projection>EPSG:21892</projection><projection>EPSG:21893</projection><projection>EPSG:21894</projection><projection>EPSG:21896</projection><projection>EPSG:21897</projection><projection>EPSG:21898</projection><projection>EPSG:21899</projection><projection>EPSG:22032</projection><projection>EPSG:22033</projection><projection>EPSG:22091</projection><projection>EPSG:22092</projection><projection>EPSG:22171</projection><projection>EPSG:22172</projection><projection>EPSG:22173</projection><projection>EPSG:22174</projection><projection>EPSG:22175</projection><projection>EPSG:22176</projection><projection>EPSG:22177</projection><projection>EPSG:22181</projection><projection>EPSG:22182</projection><projection>EPSG:22183</projection><projection>EPSG:22184</projection><projection>EPSG:22185</projection><projection>EPSG:22186</projection><projection>EPSG:22187</projection><projection>EPSG:22191</projection><projection>EPSG:22192</projection><projection>EPSG:22193</projection><projection>EPSG:22194</projection><projection>EPSG:22195</projection><projection>EPSG:22196</projection><projection>EPSG:22197</projection><projection>EPSG:22234</projection><projection>EPSG:22235</projection><projection>EPSG:22236</projection><projection>EPSG:22275</projection><projection>EPSG:22277</projection><projection>EPSG:22279</projection><projection>EPSG:22281</projection><projection>EPSG:22283</projection><projection>EPSG:22285</projection><projection>EPSG:22287</projection><projection>EPSG:22289</projection><projection>EPSG:22291</projection><projection>EPSG:22293</projection><projection>EPSG:22300</projection><projection>EPSG:22332</projection><projection>EPSG:22391</projection><projection>EPSG:22392</projection><projection>EPSG:22521</projection><projection>EPSG:22522</projection><projection>EPSG:22523</projection><projection>EPSG:22524</projection><projection>EPSG:22525</projection><projection>EPSG:22700</projection><projection>EPSG:22770</projection><projection>EPSG:22780</projection><projection>EPSG:22832</projection><projection>EPSG:22991</projection><projection>EPSG:22992</projection><projection>EPSG:22993</projection><projection>EPSG:22994</projection><projection>EPSG:23028</projection><projection>EPSG:23029</projection><projection>EPSG:23030</projection><projection>EPSG:23031</projection><projection>EPSG:23032</projection><projection>EPSG:23033</projection><projection>EPSG:23034</projection><projection>EPSG:23035</projection><projection>EPSG:23036</projection><projection>EPSG:23037</projection><projection>EPSG:23038</projection><projection>EPSG:23090</projection><projection>EPSG:23095</projection><projection>EPSG:23239</projection><projection>EPSG:23240</projection><projection>EPSG:23433</projection><projection>EPSG:23700</projection><projection>EPSG:23830</projection><projection>EPSG:23831</projection><projection>EPSG:23832</projection><projection>EPSG:23833</projection><projection>EPSG:23834</projection><projection>EPSG:23835</projection><projection>EPSG:23836</projection><projection>EPSG:23837</projection><projection>EPSG:23838</projection><projection>EPSG:23839</projection><projection>EPSG:23840</projection><projection>EPSG:23841</projection><projection>EPSG:23842</projection><projection>EPSG:23843</projection><projection>EPSG:23844</projection><projection>EPSG:23845</projection><projection>EPSG:23846</projection><projection>EPSG:23847</projection><projection>EPSG:23848</projection><projection>EPSG:23849</projection><projection>EPSG:23850</projection><projection>EPSG:23851</projection><projection>EPSG:23852</projection><projection>EPSG:23853</projection><projection>EPSG:23866</projection><projection>EPSG:23867</projection><projection>EPSG:23868</projection><projection>EPSG:23869</projection><projection>EPSG:23870</projection><projection>EPSG:23871</projection><projection>EPSG:23872</projection><projection>EPSG:23877</projection><projection>EPSG:23878</projection><projection>EPSG:23879</projection><projection>EPSG:23880</projection><projection>EPSG:23881</projection><projection>EPSG:23882</projection><projection>EPSG:23883</projection><projection>EPSG:23884</projection><projection>EPSG:23886</projection><projection>EPSG:23887</projection><projection>EPSG:23888</projection><projection>EPSG:23889</projection><projection>EPSG:23890</projection><projection>EPSG:23891</projection><projection>EPSG:23892</projection><projection>EPSG:23893</projection><projection>EPSG:23894</projection><projection>EPSG:23946</projection><projection>EPSG:23947</projection><projection>EPSG:23948</projection><projection>EPSG:24047</projection><projection>EPSG:24048</projection><projection>EPSG:24100</projection><projection>EPSG:24200</projection><projection>EPSG:24305</projection><projection>EPSG:24306</projection><projection>EPSG:24311</projection><projection>EPSG:24312</projection><projection>EPSG:24313</projection><projection>EPSG:24342</projection><projection>EPSG:24343</projection><projection>EPSG:24344</projection><projection>EPSG:24345</projection><projection>EPSG:24346</projection><projection>EPSG:24347</projection><projection>EPSG:24370</projection><projection>EPSG:24371</projection><projection>EPSG:24372</projection><projection>EPSG:24373</projection><projection>EPSG:24374</projection><projection>EPSG:24375</projection><projection>EPSG:24376</projection><projection>EPSG:24377</projection><projection>EPSG:24378</projection><projection>EPSG:24379</projection><projection>EPSG:24380</projection><projection>EPSG:24381</projection><projection>EPSG:24382</projection><projection>EPSG:24383</projection><projection>EPSG:24500</projection><projection>EPSG:24547</projection><projection>EPSG:24548</projection><projection>EPSG:24571</projection><projection>EPSG:24600</projection><projection>EPSG:24718</projection><projection>EPSG:24719</projection><projection>EPSG:24720</projection><projection>EPSG:24817</projection><projection>EPSG:24818</projection><projection>EPSG:24819</projection><projection>EPSG:24820</projection><projection>EPSG:24821</projection><projection>EPSG:24877</projection><projection>EPSG:24878</projection><projection>EPSG:24879</projection><projection>EPSG:24880</projection><projection>EPSG:24881</projection><projection>EPSG:24882</projection><projection>EPSG:24891</projection><projection>EPSG:24892</projection><projection>EPSG:24893</projection><projection>EPSG:25000</projection><projection>EPSG:25231</projection><projection>EPSG:25391</projection><projection>EPSG:25392</projection><projection>EPSG:25393</projection><projection>EPSG:25394</projection><projection>EPSG:25395</projection><projection>EPSG:25700</projection><projection>EPSG:25828</projection><projection>EPSG:25829</projection><projection>EPSG:25830</projection><projection>EPSG:25831</projection><projection>EPSG:25832</projection><projection>EPSG:25833</projection><projection>EPSG:25834</projection><projection>EPSG:25835</projection><projection>EPSG:25836</projection><projection>EPSG:25837</projection><projection>EPSG:25838</projection><projection>EPSG:25884</projection><projection>EPSG:25932</projection><projection>EPSG:26191</projection><projection>EPSG:26192</projection><projection>EPSG:26193</projection><projection>EPSG:26194</projection><projection>EPSG:26195</projection><projection>EPSG:26237</projection><projection>EPSG:26331</projection><projection>EPSG:26332</projection><projection>EPSG:26391</projection><projection>EPSG:26392</projection><projection>EPSG:26393</projection><projection>EPSG:26432</projection><projection>EPSG:26591</projection><projection>EPSG:26592</projection><projection>EPSG:26632</projection><projection>EPSG:26692</projection><projection>EPSG:26701</projection><projection>EPSG:26702</projection><projection>EPSG:26703</projection><projection>EPSG:26704</projection><projection>EPSG:26705</projection><projection>EPSG:26706</projection><projection>EPSG:26707</projection><projection>EPSG:26708</projection><projection>EPSG:26709</projection><projection>EPSG:26710</projection><projection>EPSG:26711</projection><projection>EPSG:26712</projection><projection>EPSG:26713</projection><projection>EPSG:26714</projection><projection>EPSG:26715</projection><projection>EPSG:26716</projection><projection>EPSG:26717</projection><projection>EPSG:26718</projection><projection>EPSG:26719</projection><projection>EPSG:26720</projection><projection>EPSG:26721</projection><projection>EPSG:26722</projection><projection>EPSG:26729</projection><projection>EPSG:26730</projection><projection>EPSG:26731</projection><projection>EPSG:26732</projection><projection>EPSG:26733</projection><projection>EPSG:26734</projection><projection>EPSG:26735</projection><projection>EPSG:26736</projection><projection>EPSG:26737</projection><projection>EPSG:26738</projection><projection>EPSG:26739</projection><projection>EPSG:26740</projection><projection>EPSG:26741</projection><projection>EPSG:26742</projection><projection>EPSG:26743</projection><projection>EPSG:26744</projection><projection>EPSG:26745</projection><projection>EPSG:26746</projection><projection>EPSG:26747</projection><projection>EPSG:26748</projection><projection>EPSG:26749</projection><projection>EPSG:26750</projection><projection>EPSG:26751</projection><projection>EPSG:26752</projection><projection>EPSG:26753</projection><projection>EPSG:26754</projection><projection>EPSG:26755</projection><projection>EPSG:26756</projection><projection>EPSG:26757</projection><projection>EPSG:26758</projection><projection>EPSG:26759</projection><projection>EPSG:26760</projection><projection>EPSG:26766</projection><projection>EPSG:26767</projection><projection>EPSG:26768</projection><projection>EPSG:26769</projection><projection>EPSG:26770</projection><projection>EPSG:26771</projection><projection>EPSG:26772</projection><projection>EPSG:26773</projection><projection>EPSG:26774</projection><projection>EPSG:26775</projection><projection>EPSG:26776</projection><projection>EPSG:26777</projection><projection>EPSG:26778</projection><projection>EPSG:26779</projection><projection>EPSG:26780</projection><projection>EPSG:26781</projection><projection>EPSG:26782</projection><projection>EPSG:26783</projection><projection>EPSG:26784</projection><projection>EPSG:26785</projection><projection>EPSG:26786</projection><projection>EPSG:26787</projection><projection>EPSG:26791</projection><projection>EPSG:26792</projection><projection>EPSG:26793</projection><projection>EPSG:26794</projection><projection>EPSG:26795</projection><projection>EPSG:26796</projection><projection>EPSG:26797</projection><projection>EPSG:26798</projection><projection>EPSG:26799</projection><projection>EPSG:26801</projection><projection>EPSG:26802</projection><projection>EPSG:26803</projection><projection>EPSG:26811</projection><projection>EPSG:26812</projection><projection>EPSG:26813</projection><projection>EPSG:26814</projection><projection>EPSG:26815</projection><projection>EPSG:26819</projection><projection>EPSG:26820</projection><projection>EPSG:26821</projection><projection>EPSG:26822</projection><projection>EPSG:26823</projection><projection>EPSG:26824</projection><projection>EPSG:26825</projection><projection>EPSG:26826</projection><projection>EPSG:26830</projection><projection>EPSG:26831</projection><projection>EPSG:26832</projection><projection>EPSG:26833</projection><projection>EPSG:26834</projection><projection>EPSG:26835</projection><projection>EPSG:26836</projection><projection>EPSG:26837</projection><projection>EPSG:26841</projection><projection>EPSG:26842</projection><projection>EPSG:26843</projection><projection>EPSG:26844</projection><projection>EPSG:26845</projection><projection>EPSG:26846</projection><projection>EPSG:26847</projection><projection>EPSG:26848</projection><projection>EPSG:26849</projection><projection>EPSG:26850</projection><projection>EPSG:26851</projection><projection>EPSG:26852</projection><projection>EPSG:26853</projection><projection>EPSG:26854</projection><projection>EPSG:26855</projection><projection>EPSG:26856</projection><projection>EPSG:26857</projection><projection>EPSG:26858</projection><projection>EPSG:26859</projection><projection>EPSG:26860</projection><projection>EPSG:26861</projection><projection>EPSG:26862</projection><projection>EPSG:26863</projection><projection>EPSG:26864</projection><projection>EPSG:26865</projection><projection>EPSG:26866</projection><projection>EPSG:26867</projection><projection>EPSG:26868</projection><projection>EPSG:26869</projection><projection>EPSG:26870</projection><projection>EPSG:26891</projection><projection>EPSG:26892</projection><projection>EPSG:26893</projection><projection>EPSG:26894</projection><projection>EPSG:26895</projection><projection>EPSG:26896</projection><projection>EPSG:26897</projection><projection>EPSG:26898</projection><projection>EPSG:26899</projection><projection>EPSG:26901</projection><projection>EPSG:26902</projection><projection>EPSG:26903</projection><projection>EPSG:26904</projection><projection>EPSG:26905</projection><projection>EPSG:26906</projection><projection>EPSG:26907</projection><projection>EPSG:26908</projection><projection>EPSG:26909</projection><projection>EPSG:26910</projection><projection>EPSG:26911</projection><projection>EPSG:26912</projection><projection>EPSG:26913</projection><projection>EPSG:26914</projection><projection>EPSG:26915</projection><projection>EPSG:26916</projection><projection>EPSG:26917</projection><projection>EPSG:26918</projection><projection>EPSG:26919</projection><projection>EPSG:26920</projection><projection>EPSG:26921</projection><projection>EPSG:26922</projection><projection>EPSG:26923</projection><projection>EPSG:26929</projection><projection>EPSG:26930</projection><projection>EPSG:26931</projection><projection>EPSG:26932</projection><projection>EPSG:26933</projection><projection>EPSG:26934</projection><projection>EPSG:26935</projection><projection>EPSG:26936</projection><projection>EPSG:26937</projection><projection>EPSG:26938</projection><projection>EPSG:26939</projection><projection>EPSG:26940</projection><projection>EPSG:26941</projection><projection>EPSG:26942</projection><projection>EPSG:26943</projection><projection>EPSG:26944</projection><projection>EPSG:26945</projection><projection>EPSG:26946</projection><projection>EPSG:26948</projection><projection>EPSG:26949</projection><projection>EPSG:26950</projection><projection>EPSG:26951</projection><projection>EPSG:26952</projection><projection>EPSG:26953</projection><projection>EPSG:26954</projection><projection>EPSG:26955</projection><projection>EPSG:26956</projection><projection>EPSG:26957</projection><projection>EPSG:26958</projection><projection>EPSG:26959</projection><projection>EPSG:26960</projection><projection>EPSG:26961</projection><projection>EPSG:26962</projection><projection>EPSG:26963</projection><projection>EPSG:26964</projection><projection>EPSG:26965</projection><projection>EPSG:26966</projection><projection>EPSG:26967</projection><projection>EPSG:26968</projection><projection>EPSG:26969</projection><projection>EPSG:26970</projection><projection>EPSG:26971</projection><projection>EPSG:26972</projection><projection>EPSG:26973</projection><projection>EPSG:26974</projection><projection>EPSG:26975</projection><projection>EPSG:26976</projection><projection>EPSG:26977</projection><projection>EPSG:26978</projection><projection>EPSG:26979</projection><projection>EPSG:26980</projection><projection>EPSG:26981</projection><projection>EPSG:26982</projection><projection>EPSG:26983</projection><projection>EPSG:26984</projection><projection>EPSG:26985</projection><projection>EPSG:26986</projection><projection>EPSG:26987</projection><projection>EPSG:26988</projection><projection>EPSG:26989</projection><projection>EPSG:26990</projection><projection>EPSG:26991</projection><projection>EPSG:26992</projection><projection>EPSG:26993</projection><projection>EPSG:26994</projection><projection>EPSG:26995</projection><projection>EPSG:26996</projection><projection>EPSG:26997</projection><projection>EPSG:26998</projection><projection>EPSG:27037</projection><projection>EPSG:27038</projection><projection>EPSG:27039</projection><projection>EPSG:27040</projection><projection>EPSG:27120</projection><projection>EPSG:27200</projection><projection>EPSG:27205</projection><projection>EPSG:27206</projection><projection>EPSG:27207</projection><projection>EPSG:27208</projection><projection>EPSG:27209</projection><projection>EPSG:27210</projection><projection>EPSG:27211</projection><projection>EPSG:27212</projection><projection>EPSG:27213</projection><projection>EPSG:27214</projection><projection>EPSG:27215</projection><projection>EPSG:27216</projection><projection>EPSG:27217</projection><projection>EPSG:27218</projection><projection>EPSG:27219</projection><projection>EPSG:27220</projection><projection>EPSG:27221</projection><projection>EPSG:27222</projection><projection>EPSG:27223</projection><projection>EPSG:27224</projection><projection>EPSG:27225</projection><projection>EPSG:27226</projection><projection>EPSG:27227</projection><projection>EPSG:27228</projection><projection>EPSG:27229</projection><projection>EPSG:27230</projection><projection>EPSG:27231</projection><projection>EPSG:27232</projection><projection>EPSG:27258</projection><projection>EPSG:27259</projection><projection>EPSG:27260</projection><projection>EPSG:27291</projection><projection>EPSG:27292</projection><projection>EPSG:27391</projection><projection>EPSG:27392</projection><projection>EPSG:27393</projection><projection>EPSG:27394</projection><projection>EPSG:27395</projection><projection>EPSG:27396</projection><projection>EPSG:27397</projection><projection>EPSG:27398</projection><projection>EPSG:27429</projection><projection>EPSG:27492</projection><projection>EPSG:27493</projection><projection>EPSG:27500</projection><projection>EPSG:27561</projection><projection>EPSG:27562</projection><projection>EPSG:27563</projection><projection>EPSG:27564</projection><projection>EPSG:27571</projection><projection>EPSG:27572</projection><projection>EPSG:27573</projection><projection>EPSG:27574</projection><projection>EPSG:27581</projection><projection>EPSG:27582</projection><projection>EPSG:27583</projection><projection>EPSG:27584</projection><projection>EPSG:27591</projection><projection>EPSG:27592</projection><projection>EPSG:27593</projection><projection>EPSG:27594</projection><projection>EPSG:27700</projection><projection>EPSG:28191</projection><projection>EPSG:28192</projection><projection>EPSG:28193</projection><projection>EPSG:28232</projection><projection>EPSG:28348</projection><projection>EPSG:28349</projection><projection>EPSG:28350</projection><projection>EPSG:28351</projection><projection>EPSG:28352</projection><projection>EPSG:28353</projection><projection>EPSG:28354</projection><projection>EPSG:28355</projection><projection>EPSG:28356</projection><projection>EPSG:28357</projection><projection>EPSG:28358</projection><projection>EPSG:28402</projection><projection>EPSG:28403</projection><projection>EPSG:28404</projection><projection>EPSG:28405</projection><projection>EPSG:28406</projection><projection>EPSG:28407</projection><projection>EPSG:28408</projection><projection>EPSG:28409</projection><projection>EPSG:28410</projection><projection>EPSG:28411</projection><projection>EPSG:28412</projection><projection>EPSG:28413</projection><projection>EPSG:28414</projection><projection>EPSG:28415</projection><projection>EPSG:28416</projection><projection>EPSG:28417</projection><projection>EPSG:28418</projection><projection>EPSG:28419</projection><projection>EPSG:28420</projection><projection>EPSG:28421</projection><projection>EPSG:28422</projection><projection>EPSG:28423</projection><projection>EPSG:28424</projection><projection>EPSG:28425</projection><projection>EPSG:28426</projection><projection>EPSG:28427</projection><projection>EPSG:28428</projection><projection>EPSG:28429</projection><projection>EPSG:28430</projection><projection>EPSG:28431</projection><projection>EPSG:28432</projection><projection>EPSG:28462</projection><projection>EPSG:28463</projection><projection>EPSG:28464</projection><projection>EPSG:28465</projection><projection>EPSG:28466</projection><projection>EPSG:28467</projection><projection>EPSG:28468</projection><projection>EPSG:28469</projection><projection>EPSG:28470</projection><projection>EPSG:28471</projection><projection>EPSG:28472</projection><projection>EPSG:28473</projection><projection>EPSG:28474</projection><projection>EPSG:28475</projection><projection>EPSG:28476</projection><projection>EPSG:28477</projection><projection>EPSG:28478</projection><projection>EPSG:28479</projection><projection>EPSG:28480</projection><projection>EPSG:28481</projection><projection>EPSG:28482</projection><projection>EPSG:28483</projection><projection>EPSG:28484</projection><projection>EPSG:28485</projection><projection>EPSG:28486</projection><projection>EPSG:28487</projection><projection>EPSG:28488</projection><projection>EPSG:28489</projection><projection>EPSG:28490</projection><projection>EPSG:28491</projection><projection>EPSG:28492</projection><projection>EPSG:28600</projection><projection>EPSG:28991</projection><projection>EPSG:28992</projection><projection>EPSG:29100</projection><projection>EPSG:29101</projection><projection>EPSG:29118</projection><projection>EPSG:29119</projection><projection>EPSG:29120</projection><projection>EPSG:29121</projection><projection>EPSG:29122</projection><projection>EPSG:29168</projection><projection>EPSG:29169</projection><projection>EPSG:29170</projection><projection>EPSG:29171</projection><projection>EPSG:29172</projection><projection>EPSG:29177</projection><projection>EPSG:29178</projection><projection>EPSG:29179</projection><projection>EPSG:29180</projection><projection>EPSG:29181</projection><projection>EPSG:29182</projection><projection>EPSG:29183</projection><projection>EPSG:29184</projection><projection>EPSG:29185</projection><projection>EPSG:29187</projection><projection>EPSG:29188</projection><projection>EPSG:29189</projection><projection>EPSG:29190</projection><projection>EPSG:29191</projection><projection>EPSG:29192</projection><projection>EPSG:29193</projection><projection>EPSG:29194</projection><projection>EPSG:29195</projection><projection>EPSG:29220</projection><projection>EPSG:29221</projection><projection>EPSG:29333</projection><projection>EPSG:29371</projection><projection>EPSG:29373</projection><projection>EPSG:29375</projection><projection>EPSG:29377</projection><projection>EPSG:29379</projection><projection>EPSG:29381</projection><projection>EPSG:29383</projection><projection>EPSG:29385</projection><projection>EPSG:29635</projection><projection>EPSG:29636</projection><projection>EPSG:29700</projection><projection>EPSG:29701</projection><projection>EPSG:29702</projection><projection>EPSG:29738</projection><projection>EPSG:29739</projection><projection>EPSG:29849</projection><projection>EPSG:29850</projection><projection>EPSG:29871</projection><projection>EPSG:29872</projection><projection>EPSG:29873</projection><projection>EPSG:29900</projection><projection>EPSG:29901</projection><projection>EPSG:29902</projection><projection>EPSG:29903</projection><projection>EPSG:30161</projection><projection>EPSG:30162</projection><projection>EPSG:30163</projection><projection>EPSG:30164</projection><projection>EPSG:30165</projection><projection>EPSG:30166</projection><projection>EPSG:30167</projection><projection>EPSG:30168</projection><projection>EPSG:30169</projection><projection>EPSG:30170</projection><projection>EPSG:30171</projection><projection>EPSG:30172</projection><projection>EPSG:30173</projection><projection>EPSG:30174</projection><projection>EPSG:30175</projection><projection>EPSG:30176</projection><projection>EPSG:30177</projection><projection>EPSG:30178</projection><projection>EPSG:30179</projection><projection>EPSG:30200</projection><projection>EPSG:30339</projection><projection>EPSG:30340</projection><projection>EPSG:30491</projection><projection>EPSG:30492</projection><projection>EPSG:30493</projection><projection>EPSG:30494</projection><projection>EPSG:30729</projection><projection>EPSG:30730</projection><projection>EPSG:30731</projection><projection>EPSG:30732</projection><projection>EPSG:30791</projection><projection>EPSG:30792</projection><projection>EPSG:30800</projection><projection>EPSG:31028</projection><projection>EPSG:31121</projection><projection>EPSG:31154</projection><projection>EPSG:31170</projection><projection>EPSG:31171</projection><projection>EPSG:31251</projection><projection>EPSG:31252</projection><projection>EPSG:31253</projection><projection>EPSG:31254</projection><projection>EPSG:31255</projection><projection>EPSG:31256</projection><projection>EPSG:31257</projection><projection>EPSG:31258</projection><projection>EPSG:31259</projection><projection>EPSG:31265</projection><projection>EPSG:31266</projection><projection>EPSG:31267</projection><projection>EPSG:31268</projection><projection>EPSG:31275</projection><projection>EPSG:31276</projection><projection>EPSG:31277</projection><projection>EPSG:31278</projection><projection>EPSG:31279</projection><projection>EPSG:31281</projection><projection>EPSG:31282</projection><projection>EPSG:31283</projection><projection>EPSG:31284</projection><projection>EPSG:31285</projection><projection>EPSG:31286</projection><projection>EPSG:31287</projection><projection>EPSG:31288</projection><projection>EPSG:31289</projection><projection>EPSG:31290</projection><projection>EPSG:31291</projection><projection>EPSG:31292</projection><projection>EPSG:31293</projection><projection>EPSG:31294</projection><projection>EPSG:31295</projection><projection>EPSG:31296</projection><projection>EPSG:31297</projection><projection>EPSG:31300</projection><projection>EPSG:31370</projection><projection>EPSG:31461</projection><projection>EPSG:31462</projection><projection>EPSG:31463</projection><projection>EPSG:31464</projection><projection>EPSG:31465</projection><projection>EPSG:31466</projection><projection>EPSG:31467</projection><projection>EPSG:31468</projection><projection>EPSG:31469</projection><projection>EPSG:31528</projection><projection>EPSG:31529</projection><projection>EPSG:31600</projection><projection>EPSG:31700</projection><projection>EPSG:31838</projection><projection>EPSG:31839</projection><projection>EPSG:31900</projection><projection>EPSG:31901</projection><projection>EPSG:31965</projection><projection>EPSG:31966</projection><projection>EPSG:31967</projection><projection>EPSG:31968</projection><projection>EPSG:31969</projection><projection>EPSG:31970</projection><projection>EPSG:31971</projection><projection>EPSG:31972</projection><projection>EPSG:31973</projection><projection>EPSG:31974</projection><projection>EPSG:31975</projection><projection>EPSG:31976</projection><projection>EPSG:31977</projection><projection>EPSG:31978</projection><projection>EPSG:31979</projection><projection>EPSG:31980</projection><projection>EPSG:31981</projection><projection>EPSG:31982</projection><projection>EPSG:31983</projection><projection>EPSG:31984</projection><projection>EPSG:31985</projection><projection>EPSG:31986</projection><projection>EPSG:31987</projection><projection>EPSG:31988</projection><projection>EPSG:31989</projection><projection>EPSG:31990</projection><projection>EPSG:31991</projection><projection>EPSG:31992</projection><projection>EPSG:31993</projection><projection>EPSG:31994</projection><projection>EPSG:31995</projection><projection>EPSG:31996</projection><projection>EPSG:31997</projection><projection>EPSG:31998</projection><projection>EPSG:31999</projection><projection>EPSG:32000</projection><projection>EPSG:32001</projection><projection>EPSG:32002</projection><projection>EPSG:32003</projection><projection>EPSG:32005</projection><projection>EPSG:32006</projection><projection>EPSG:32007</projection><projection>EPSG:32008</projection><projection>EPSG:32009</projection><projection>EPSG:32010</projection><projection>EPSG:32011</projection><projection>EPSG:32012</projection><projection>EPSG:32013</projection><projection>EPSG:32014</projection><projection>EPSG:32015</projection><projection>EPSG:32016</projection><projection>EPSG:32017</projection><projection>EPSG:32018</projection><projection>EPSG:32019</projection><projection>EPSG:32020</projection><projection>EPSG:32021</projection><projection>EPSG:32022</projection><projection>EPSG:32023</projection><projection>EPSG:32024</projection><projection>EPSG:32025</projection><projection>EPSG:32026</projection><projection>EPSG:32027</projection><projection>EPSG:32028</projection><projection>EPSG:32029</projection><projection>EPSG:32030</projection><projection>EPSG:32031</projection><projection>EPSG:32033</projection><projection>EPSG:32034</projection><projection>EPSG:32035</projection><projection>EPSG:32036</projection><projection>EPSG:32037</projection><projection>EPSG:32038</projection><projection>EPSG:32039</projection><projection>EPSG:32040</projection><projection>EPSG:32041</projection><projection>EPSG:32042</projection><projection>EPSG:32043</projection><projection>EPSG:32044</projection><projection>EPSG:32045</projection><projection>EPSG:32046</projection><projection>EPSG:32047</projection><projection>EPSG:32048</projection><projection>EPSG:32049</projection><projection>EPSG:32050</projection><projection>EPSG:32051</projection><projection>EPSG:32052</projection><projection>EPSG:32053</projection><projection>EPSG:32054</projection><projection>EPSG:32055</projection><projection>EPSG:32056</projection><projection>EPSG:32057</projection><projection>EPSG:32058</projection><projection>EPSG:32061</projection><projection>EPSG:32062</projection><projection>EPSG:32064</projection><projection>EPSG:32065</projection><projection>EPSG:32066</projection><projection>EPSG:32067</projection><projection>EPSG:32074</projection><projection>EPSG:32075</projection><projection>EPSG:32076</projection><projection>EPSG:32077</projection><projection>EPSG:32081</projection><projection>EPSG:32082</projection><projection>EPSG:32083</projection><projection>EPSG:32084</projection><projection>EPSG:32085</projection><projection>EPSG:32086</projection><projection>EPSG:32098</projection><projection>EPSG:32099</projection><projection>EPSG:32100</projection><projection>EPSG:32104</projection><projection>EPSG:32107</projection><projection>EPSG:32108</projection><projection>EPSG:32109</projection><projection>EPSG:32110</projection><projection>EPSG:32111</projection><projection>EPSG:32112</projection><projection>EPSG:32113</projection><projection>EPSG:32114</projection><projection>EPSG:32115</projection><projection>EPSG:32116</projection><projection>EPSG:32117</projection><projection>EPSG:32118</projection><projection>EPSG:32119</projection><projection>EPSG:32120</projection><projection>EPSG:32121</projection><projection>EPSG:32122</projection><projection>EPSG:32123</projection><projection>EPSG:32124</projection><projection>EPSG:32125</projection><projection>EPSG:32126</projection><projection>EPSG:32127</projection><projection>EPSG:32128</projection><projection>EPSG:32129</projection><projection>EPSG:32130</projection><projection>EPSG:32133</projection><projection>EPSG:32134</projection><projection>EPSG:32135</projection><projection>EPSG:32136</projection><projection>EPSG:32137</projection><projection>EPSG:32138</projection><projection>EPSG:32139</projection><projection>EPSG:32140</projection><projection>EPSG:32141</projection><projection>EPSG:32142</projection><projection>EPSG:32143</projection><projection>EPSG:32144</projection><projection>EPSG:32145</projection><projection>EPSG:32146</projection><projection>EPSG:32147</projection><projection>EPSG:32148</projection><projection>EPSG:32149</projection><projection>EPSG:32150</projection><projection>EPSG:32151</projection><projection>EPSG:32152</projection><projection>EPSG:32153</projection><projection>EPSG:32154</projection><projection>EPSG:32155</projection><projection>EPSG:32156</projection><projection>EPSG:32157</projection><projection>EPSG:32158</projection><projection>EPSG:32161</projection><projection>EPSG:32164</projection><projection>EPSG:32165</projection><projection>EPSG:32166</projection><projection>EPSG:32167</projection><projection>EPSG:32180</projection><projection>EPSG:32181</projection><projection>EPSG:32182</projection><projection>EPSG:32183</projection><projection>EPSG:32184</projection><projection>EPSG:32185</projection><projection>EPSG:32186</projection><projection>EPSG:32187</projection><projection>EPSG:32188</projection><projection>EPSG:32189</projection><projection>EPSG:32190</projection><projection>EPSG:32191</projection><projection>EPSG:32192</projection><projection>EPSG:32193</projection><projection>EPSG:32194</projection><projection>EPSG:32195</projection><projection>EPSG:32196</projection><projection>EPSG:32197</projection><projection>EPSG:32198</projection><projection>EPSG:32199</projection><projection>EPSG:32201</projection><projection>EPSG:32202</projection><projection>EPSG:32203</projection><projection>EPSG:32204</projection><projection>EPSG:32205</projection><projection>EPSG:32206</projection><projection>EPSG:32207</projection><projection>EPSG:32208</projection><projection>EPSG:32209</projection><projection>EPSG:32210</projection><projection>EPSG:32211</projection><projection>EPSG:32212</projection><projection>EPSG:32213</projection><projection>EPSG:32214</projection><projection>EPSG:32215</projection><projection>EPSG:32216</projection><projection>EPSG:32217</projection><projection>EPSG:32218</projection><projection>EPSG:32219</projection><projection>EPSG:32220</projection><projection>EPSG:32221</projection><projection>EPSG:32222</projection><projection>EPSG:32223</projection><projection>EPSG:32224</projection><projection>EPSG:32225</projection><projection>EPSG:32226</projection><projection>EPSG:32227</projection><projection>EPSG:32228</projection><projection>EPSG:32229</projection><projection>EPSG:32230</projection><projection>EPSG:32231</projection><projection>EPSG:32232</projection><projection>EPSG:32233</projection><projection>EPSG:32234</projection><projection>EPSG:32235</projection><projection>EPSG:32236</projection><projection>EPSG:32237</projection><projection>EPSG:32238</projection><projection>EPSG:32239</projection><projection>EPSG:32240</projection><projection>EPSG:32241</projection><projection>EPSG:32242</projection><projection>EPSG:32243</projection><projection>EPSG:32244</projection><projection>EPSG:32245</projection><projection>EPSG:32246</projection><projection>EPSG:32247</projection><projection>EPSG:32248</projection><projection>EPSG:32249</projection><projection>EPSG:32250</projection><projection>EPSG:32251</projection><projection>EPSG:32252</projection><projection>EPSG:32253</projection><projection>EPSG:32254</projection><projection>EPSG:32255</projection><projection>EPSG:32256</projection><projection>EPSG:32257</projection><projection>EPSG:32258</projection><projection>EPSG:32259</projection><projection>EPSG:32260</projection><projection>EPSG:32301</projection><projection>EPSG:32302</projection><projection>EPSG:32303</projection><projection>EPSG:32304</projection><projection>EPSG:32305</projection><projection>EPSG:32306</projection><projection>EPSG:32307</projection><projection>EPSG:32308</projection><projection>EPSG:32309</projection><projection>EPSG:32310</projection><projection>EPSG:32311</projection><projection>EPSG:32312</projection><projection>EPSG:32313</projection><projection>EPSG:32314</projection><projection>EPSG:32315</projection><projection>EPSG:32316</projection><projection>EPSG:32317</projection><projection>EPSG:32318</projection><projection>EPSG:32319</projection><projection>EPSG:32320</projection><projection>EPSG:32321</projection><projection>EPSG:32322</projection><projection>EPSG:32323</projection><projection>EPSG:32324</projection><projection>EPSG:32325</projection><projection>EPSG:32326</projection><projection>EPSG:32327</projection><projection>EPSG:32328</projection><projection>EPSG:32329</projection><projection>EPSG:32330</projection><projection>EPSG:32331</projection><projection>EPSG:32332</projection><projection>EPSG:32333</projection><projection>EPSG:32334</projection><projection>EPSG:32335</projection><projection>EPSG:32336</projection><projection>EPSG:32337</projection><projection>EPSG:32338</projection><projection>EPSG:32339</projection><projection>EPSG:32340</projection><projection>EPSG:32341</projection><projection>EPSG:32342</projection><projection>EPSG:32343</projection><projection>EPSG:32344</projection><projection>EPSG:32345</projection><projection>EPSG:32346</projection><projection>EPSG:32347</projection><projection>EPSG:32348</projection><projection>EPSG:32349</projection><projection>EPSG:32350</projection><projection>EPSG:32351</projection><projection>EPSG:32352</projection><projection>EPSG:32353</projection><projection>EPSG:32354</projection><projection>EPSG:32355</projection><projection>EPSG:32356</projection><projection>EPSG:32357</projection><projection>EPSG:32358</projection><projection>EPSG:32359</projection><projection>EPSG:32360</projection><projection>EPSG:32401</projection><projection>EPSG:32402</projection><projection>EPSG:32403</projection><projection>EPSG:32404</projection><projection>EPSG:32405</projection><projection>EPSG:32406</projection><projection>EPSG:32407</projection><projection>EPSG:32408</projection><projection>EPSG:32409</projection><projection>EPSG:32410</projection><projection>EPSG:32411</projection><projection>EPSG:32412</projection><projection>EPSG:32413</projection><projection>EPSG:32414</projection><projection>EPSG:32415</projection><projection>EPSG:32416</projection><projection>EPSG:32417</projection><projection>EPSG:32418</projection><projection>EPSG:32419</projection><projection>EPSG:32420</projection><projection>EPSG:32421</projection><projection>EPSG:32422</projection><projection>EPSG:32423</projection><projection>EPSG:32424</projection><projection>EPSG:32425</projection><projection>EPSG:32426</projection><projection>EPSG:32427</projection><projection>EPSG:32428</projection><projection>EPSG:32429</projection><projection>EPSG:32430</projection><projection>EPSG:32431</projection><projection>EPSG:32432</projection><projection>EPSG:32433</projection><projection>EPSG:32434</projection><projection>EPSG:32435</projection><projection>EPSG:32436</projection><projection>EPSG:32437</projection><projection>EPSG:32438</projection><projection>EPSG:32439</projection><projection>EPSG:32440</projection><projection>EPSG:32441</projection><projection>EPSG:32442</projection><projection>EPSG:32443</projection><projection>EPSG:32444</projection><projection>EPSG:32445</projection><projection>EPSG:32446</projection><projection>EPSG:32447</projection><projection>EPSG:32448</projection><projection>EPSG:32449</projection><projection>EPSG:32450</projection><projection>EPSG:32451</projection><projection>EPSG:32452</projection><projection>EPSG:32453</projection><projection>EPSG:32454</projection><projection>EPSG:32455</projection><projection>EPSG:32456</projection><projection>EPSG:32457</projection><projection>EPSG:32458</projection><projection>EPSG:32459</projection><projection>EPSG:32460</projection><projection>EPSG:32501</projection><projection>EPSG:32502</projection><projection>EPSG:32503</projection><projection>EPSG:32504</projection><projection>EPSG:32505</projection><projection>EPSG:32506</projection><projection>EPSG:32507</projection><projection>EPSG:32508</projection><projection>EPSG:32509</projection><projection>EPSG:32510</projection><projection>EPSG:32511</projection><projection>EPSG:32512</projection><projection>EPSG:32513</projection><projection>EPSG:32514</projection><projection>EPSG:32515</projection><projection>EPSG:32516</projection><projection>EPSG:32517</projection><projection>EPSG:32518</projection><projection>EPSG:32519</projection><projection>EPSG:32520</projection><projection>EPSG:32521</projection><projection>EPSG:32522</projection><projection>EPSG:32523</projection><projection>EPSG:32524</projection><projection>EPSG:32525</projection><projection>EPSG:32526</projection><projection>EPSG:32527</projection><projection>EPSG:32528</projection><projection>EPSG:32529</projection><projection>EPSG:32530</projection><projection>EPSG:32531</projection><projection>EPSG:32532</projection><projection>EPSG:32533</projection><projection>EPSG:32534</projection><projection>EPSG:32535</projection><projection>EPSG:32536</projection><projection>EPSG:32537</projection><projection>EPSG:32538</projection><projection>EPSG:32539</projection><projection>EPSG:32540</projection><projection>EPSG:32541</projection><projection>EPSG:32542</projection><projection>EPSG:32543</projection><projection>EPSG:32544</projection><projection>EPSG:32545</projection><projection>EPSG:32546</projection><projection>EPSG:32547</projection><projection>EPSG:32548</projection><projection>EPSG:32549</projection><projection>EPSG:32550</projection><projection>EPSG:32551</projection><projection>EPSG:32552</projection><projection>EPSG:32553</projection><projection>EPSG:32554</projection><projection>EPSG:32555</projection><projection>EPSG:32556</projection><projection>EPSG:32557</projection><projection>EPSG:32558</projection><projection>EPSG:32559</projection><projection>EPSG:32560</projection><projection>EPSG:32600</projection><projection>EPSG:32601</projection><projection>EPSG:32602</projection><projection>EPSG:32603</projection><projection>EPSG:32604</projection><projection>EPSG:32605</projection><projection>EPSG:32606</projection><projection>EPSG:32607</projection><projection>EPSG:32608</projection><projection>EPSG:32609</projection><projection>EPSG:32610</projection><projection>EPSG:32611</projection><projection>EPSG:32612</projection><projection>EPSG:32613</projection><projection>EPSG:32614</projection><projection>EPSG:32615</projection><projection>EPSG:32616</projection><projection>EPSG:32617</projection><projection>EPSG:32618</projection><projection>EPSG:32619</projection><projection>EPSG:32620</projection><projection>EPSG:32621</projection><projection>EPSG:32622</projection><projection>EPSG:32623</projection><projection>EPSG:32624</projection><projection>EPSG:32625</projection><projection>EPSG:32626</projection><projection>EPSG:32627</projection><projection>EPSG:32628</projection><projection>EPSG:32629</projection><projection>EPSG:32630</projection><projection>EPSG:32631</projection><projection>EPSG:32632</projection><projection>EPSG:32633</projection><projection>EPSG:32634</projection><projection>EPSG:32635</projection><projection>EPSG:32636</projection><projection>EPSG:32637</projection><projection>EPSG:32638</projection><projection>EPSG:32639</projection><projection>EPSG:32640</projection><projection>EPSG:32641</projection><projection>EPSG:32642</projection><projection>EPSG:32643</projection><projection>EPSG:32644</projection><projection>EPSG:32645</projection><projection>EPSG:32646</projection><projection>EPSG:32647</projection><projection>EPSG:32648</projection><projection>EPSG:32649</projection><projection>EPSG:32650</projection><projection>EPSG:32651</projection><projection>EPSG:32652</projection><projection>EPSG:32653</projection><projection>EPSG:32654</projection><projection>EPSG:32655</projection><projection>EPSG:32656</projection><projection>EPSG:32657</projection><projection>EPSG:32658</projection><projection>EPSG:32659</projection><projection>EPSG:32660</projection><projection>EPSG:32661</projection><projection>EPSG:32662</projection><projection>EPSG:32663</projection><projection>EPSG:32664</projection><projection>EPSG:32665</projection><projection>EPSG:32666</projection><projection>EPSG:32667</projection><projection>EPSG:32700</projection><projection>EPSG:32701</projection><projection>EPSG:32702</projection><projection>EPSG:32703</projection><projection>EPSG:32704</projection><projection>EPSG:32705</projection><projection>EPSG:32706</projection><projection>EPSG:32707</projection><projection>EPSG:32708</projection><projection>EPSG:32709</projection><projection>EPSG:32710</projection><projection>EPSG:32711</projection><projection>EPSG:32712</projection><projection>EPSG:32713</projection><projection>EPSG:32714</projection><projection>EPSG:32715</projection><projection>EPSG:32716</projection><projection>EPSG:32717</projection><projection>EPSG:32718</projection><projection>EPSG:32719</projection><projection>EPSG:32720</projection><projection>EPSG:32721</projection><projection>EPSG:32722</projection><projection>EPSG:32723</projection><projection>EPSG:32724</projection><projection>EPSG:32725</projection><projection>EPSG:32726</projection><projection>EPSG:32727</projection><projection>EPSG:32728</projection><projection>EPSG:32729</projection><projection>EPSG:32730</projection><projection>EPSG:32731</projection><projection>EPSG:32732</projection><projection>EPSG:32733</projection><projection>EPSG:32734</projection><projection>EPSG:32735</projection><projection>EPSG:32736</projection><projection>EPSG:32737</projection><projection>EPSG:32738</projection><projection>EPSG:32739</projection><projection>EPSG:32740</projection><projection>EPSG:32741</projection><projection>EPSG:32742</projection><projection>EPSG:32743</projection><projection>EPSG:32744</projection><projection>EPSG:32745</projection><projection>EPSG:32746</projection><projection>EPSG:32747</projection><projection>EPSG:32748</projection><projection>EPSG:32749</projection><projection>EPSG:32750</projection><projection>EPSG:32751</projection><projection>EPSG:32752</projection><projection>EPSG:32753</projection><projection>EPSG:32754</projection><projection>EPSG:32755</projection><projection>EPSG:32756</projection><projection>EPSG:32757</projection><projection>EPSG:32758</projection><projection>EPSG:32759</projection><projection>EPSG:32760</projection><projection>EPSG:32761</projection><projection>EPSG:32766</projection><projection>EPSG:61206405</projection><projection>EPSG:61216405</projection><projection>EPSG:61226405</projection><projection>EPSG:61236405</projection><projection>EPSG:61246405</projection><projection>EPSG:61266405</projection><projection>EPSG:61266413</projection><projection>EPSG:61276405</projection><projection>EPSG:61286405</projection><projection>EPSG:61296405</projection><projection>EPSG:61306405</projection><projection>EPSG:61306413</projection><projection>EPSG:61316405</projection><projection>EPSG:61326405</projection><projection>EPSG:61336405</projection><projection>EPSG:61346405</projection><projection>EPSG:61356405</projection><projection>EPSG:61366405</projection><projection>EPSG:61376405</projection><projection>EPSG:61386405</projection><projection>EPSG:61396405</projection><projection>EPSG:61406405</projection><projection>EPSG:61406413</projection><projection>EPSG:61416405</projection><projection>EPSG:61426405</projection><projection>EPSG:61436405</projection><projection>EPSG:61446405</projection><projection>EPSG:61456405</projection><projection>EPSG:61466405</projection><projection>EPSG:61476405</projection><projection>EPSG:61486405</projection><projection>EPSG:61486413</projection><projection>EPSG:61496405</projection><projection>EPSG:61506405</projection><projection>EPSG:61516405</projection><projection>EPSG:61516413</projection><projection>EPSG:61526405</projection><projection>EPSG:61526413</projection><projection>EPSG:61536405</projection><projection>EPSG:61546405</projection><projection>EPSG:61556405</projection><projection>EPSG:61566405</projection><projection>EPSG:61576405</projection><projection>EPSG:61586405</projection><projection>EPSG:61596405</projection><projection>EPSG:61606405</projection><projection>EPSG:61616405</projection><projection>EPSG:61626405</projection><projection>EPSG:61636405</projection><projection>EPSG:61636413</projection><projection>EPSG:61646405</projection><projection>EPSG:61656405</projection><projection>EPSG:61666405</projection><projection>EPSG:61676405</projection><projection>EPSG:61676413</projection><projection>EPSG:61686405</projection><projection>EPSG:61696405</projection><projection>EPSG:61706405</projection><projection>EPSG:61706413</projection><projection>EPSG:61716405</projection><projection>EPSG:61716413</projection><projection>EPSG:61736405</projection><projection>EPSG:61736413</projection><projection>EPSG:61746405</projection><projection>EPSG:61756405</projection><projection>EPSG:61766405</projection><projection>EPSG:61766413</projection><projection>EPSG:61786405</projection><projection>EPSG:61796405</projection><projection>EPSG:61806405</projection><projection>EPSG:61806413</projection><projection>EPSG:61816405</projection><projection>EPSG:61826405</projection><projection>EPSG:61836405</projection><projection>EPSG:61846405</projection><projection>EPSG:61886405</projection><projection>EPSG:61896405</projection><projection>EPSG:61896413</projection><projection>EPSG:61906405</projection><projection>EPSG:61906413</projection><projection>EPSG:61916405</projection><projection>EPSG:61926405</projection><projection>EPSG:61936405</projection><projection>EPSG:61946405</projection><projection>EPSG:61956405</projection><projection>EPSG:61966405</projection><projection>EPSG:61976405</projection><projection>EPSG:61986405</projection><projection>EPSG:61996405</projection><projection>EPSG:62006405</projection><projection>EPSG:62016405</projection><projection>EPSG:62026405</projection><projection>EPSG:62036405</projection><projection>EPSG:62046405</projection><projection>EPSG:62056405</projection><projection>EPSG:62066405</projection><projection>EPSG:62076405</projection><projection>EPSG:62086405</projection><projection>EPSG:62096405</projection><projection>EPSG:62106405</projection><projection>EPSG:62116405</projection><projection>EPSG:62126405</projection><projection>EPSG:62136405</projection><projection>EPSG:62146405</projection><projection>EPSG:62156405</projection><projection>EPSG:62166405</projection><projection>EPSG:62186405</projection><projection>EPSG:62196405</projection><projection>EPSG:62206405</projection><projection>EPSG:62216405</projection><projection>EPSG:62226405</projection><projection>EPSG:62236405</projection><projection>EPSG:62246405</projection><projection>EPSG:62256405</projection><projection>EPSG:62276405</projection><projection>EPSG:62296405</projection><projection>EPSG:62306405</projection><projection>EPSG:62316405</projection><projection>EPSG:62326405</projection><projection>EPSG:62336405</projection><projection>EPSG:62366405</projection><projection>EPSG:62376405</projection><projection>EPSG:62386405</projection><projection>EPSG:62396405</projection><projection>EPSG:62406405</projection><projection>EPSG:62416405</projection><projection>EPSG:62426405</projection><projection>EPSG:62436405</projection><projection>EPSG:62446405</projection><projection>EPSG:62456405</projection><projection>EPSG:62466405</projection><projection>EPSG:62476405</projection><projection>EPSG:62486405</projection><projection>EPSG:62496405</projection><projection>EPSG:62506405</projection><projection>EPSG:62516405</projection><projection>EPSG:62526405</projection><projection>EPSG:62536405</projection><projection>EPSG:62546405</projection><projection>EPSG:62556405</projection><projection>EPSG:62566405</projection><projection>EPSG:62576405</projection><projection>EPSG:62586405</projection><projection>EPSG:62586413</projection><projection>EPSG:62596405</projection><projection>EPSG:62616405</projection><projection>EPSG:62626405</projection><projection>EPSG:62636405</projection><projection>EPSG:62646405</projection><projection>EPSG:62656405</projection><projection>EPSG:62666405</projection><projection>EPSG:62676405</projection><projection>EPSG:62686405</projection><projection>EPSG:62696405</projection><projection>EPSG:62706405</projection><projection>EPSG:62716405</projection><projection>EPSG:62726405</projection><projection>EPSG:62736405</projection><projection>EPSG:62746405</projection><projection>EPSG:62756405</projection><projection>EPSG:62766405</projection><projection>EPSG:62776405</projection><projection>EPSG:62786405</projection><projection>EPSG:62796405</projection><projection>EPSG:62806405</projection><projection>EPSG:62816405</projection><projection>EPSG:62826405</projection><projection>EPSG:62836405</projection><projection>EPSG:62836413</projection><projection>EPSG:62846405</projection><projection>EPSG:62856405</projection><projection>EPSG:62866405</projection><projection>EPSG:62886405</projection><projection>EPSG:62896405</projection><projection>EPSG:62926405</projection><projection>EPSG:62936405</projection><projection>EPSG:62956405</projection><projection>EPSG:62976405</projection><projection>EPSG:62986405</projection><projection>EPSG:62996405</projection><projection>EPSG:63006405</projection><projection>EPSG:63016405</projection><projection>EPSG:63026405</projection><projection>EPSG:63036405</projection><projection>EPSG:63046405</projection><projection>EPSG:63066405</projection><projection>EPSG:63076405</projection><projection>EPSG:63086405</projection><projection>EPSG:63096405</projection><projection>EPSG:63106405</projection><projection>EPSG:63116405</projection><projection>EPSG:63126405</projection><projection>EPSG:63136405</projection><projection>EPSG:63146405</projection><projection>EPSG:63156405</projection><projection>EPSG:63166405</projection><projection>EPSG:63176405</projection><projection>EPSG:63186405</projection><projection>EPSG:63196405</projection><projection>EPSG:63226405</projection><projection>EPSG:63246405</projection><projection>EPSG:63266405</projection><projection>EPSG:63266406</projection><projection>EPSG:63266407</projection><projection>EPSG:63266408</projection><projection>EPSG:63266409</projection><projection>EPSG:63266410</projection><projection>EPSG:63266411</projection><projection>EPSG:63266412</projection><projection>EPSG:63266413</projection><projection>EPSG:63266414</projection><projection>EPSG:63266415</projection><projection>EPSG:63266416</projection><projection>EPSG:63266417</projection><projection>EPSG:63266418</projection><projection>EPSG:63266419</projection><projection>EPSG:63266420</projection><projection>EPSG:66006405</projection><projection>EPSG:66016405</projection><projection>EPSG:66026405</projection><projection>EPSG:66036405</projection><projection>EPSG:66046405</projection><projection>EPSG:66056405</projection><projection>EPSG:66066405</projection><projection>EPSG:66076405</projection><projection>EPSG:66086405</projection><projection>EPSG:66096405</projection><projection>EPSG:66106405</projection><projection>EPSG:66116405</projection><projection>EPSG:66126405</projection><projection>EPSG:66126413</projection><projection>EPSG:66136405</projection><projection>EPSG:66146405</projection><projection>EPSG:66156405</projection><projection>EPSG:66166405</projection><projection>EPSG:66186405</projection><projection>EPSG:66196405</projection><projection>EPSG:66196413</projection><projection>EPSG:66206405</projection><projection>EPSG:66216405</projection><projection>EPSG:66226405</projection><projection>EPSG:66236405</projection><projection>EPSG:66246405</projection><projection>EPSG:66246413</projection><projection>EPSG:66256405</projection><projection>EPSG:66266405</projection><projection>EPSG:66276405</projection><projection>EPSG:66276413</projection><projection>EPSG:66286405</projection><projection>EPSG:66296405</projection><projection>EPSG:66306405</projection><projection>EPSG:66316405</projection><projection>EPSG:66326405</projection><projection>EPSG:66336405</projection><projection>EPSG:66346405</projection><projection>EPSG:66356405</projection><projection>EPSG:66366405</projection><projection>EPSG:66376405</projection><projection>EPSG:66386405</projection><projection>EPSG:66396405</projection><projection>EPSG:66406405</projection><projection>EPSG:66406413</projection><projection>EPSG:66416405</projection><projection>EPSG:66426405</projection><projection>EPSG:66436405</projection><projection>EPSG:66446405</projection><projection>EPSG:66456405</projection><projection>EPSG:66456413</projection><projection>EPSG:66466405</projection><projection>EPSG:66576405</projection><projection>EPSG:66586405</projection><projection>EPSG:66596405</projection><projection>EPSG:66596413</projection><projection>EPSG:66606405</projection><projection>EPSG:66616405</projection><projection>EPSG:66616413</projection><projection>EPSG:66636405</projection><projection>EPSG:66646405</projection><projection>EPSG:66656405</projection><projection>EPSG:66666405</projection><projection>EPSG:66676405</projection><projection>EPSG:68016405</projection><projection>EPSG:68026405</projection><projection>EPSG:68036405</projection><projection>EPSG:68046405</projection><projection>EPSG:68056405</projection><projection>EPSG:68066405</projection><projection>EPSG:68086405</projection><projection>EPSG:68096405</projection><projection>EPSG:68136405</projection><projection>EPSG:68146405</projection><projection>EPSG:68156405</projection><projection>EPSG:68186405</projection><projection>EPSG:68206405</projection><projection>EPSG:69036405</projection><projection>EPSG:102113</projection><projection>EPSG:42302</projection><projection>EPSG:42301</projection><projection>EPSG:45556</projection><projection>EPSG:45555</projection><projection>EPSG:41001</projection><projection>EPSG:42311</projection><projection>EPSG:42310</projection><projection>EPSG:18001</projection><projection>EPSG:100003</projection><projection>EPSG:42106</projection><projection>EPSG:100002</projection><projection>EPSG:42105</projection><projection>EPSG:100001</projection><projection>EPSG:42309</projection><projection>EPSG:42104</projection><projection>EPSG:42308</projection><projection>EPSG:42103</projection><projection>EPSG:42307</projection><projection>EPSG:42102</projection><projection>EPSG:42306</projection><projection>EPSG:42101</projection><projection>EPSG:42305</projection><projection>EPSG:42304</projection><projection>EPSG:42303</projection><projection>EPSG:404000</projection></projections><urls><url>https://gdp-geoserver.dev.dev.east.paas.geointservices.io/geoserver/ows</url></urls><visible>true</visible><contrast>0</contrast><brightness>0</brightness><saturation>1</saturation><colorize>false</colorize><maxZoom>25</maxZoom><minZoom>2</minZoom><style></style><refreshRate>0</refreshRate><url>https://gdp-geoserver.dev.dev.east.paas.geointservices.io/geoserver/ows</url><basicFeatureStyle><pointOpacity>255</pointOpacity></basicFeatureStyle></layer></dataLayers><exclusionAreas><exclusionArea id="area_2qkux4adqvm7" title="test exclude area"><kml:Polygon xmlns:kml="http://www.opengis.net/kml/2.2"><kml:outerBoundaryIs><kml:LinearRing><kml:coordinates>9.583939031470033,-4.198242056271894 9.583939031470033,-3.4011283599860747 9.583939031470033,-2.604001474499597 10.441533968169269,-2.604001474499597 11.299128904868503,-2.604001474499597 12.156723841567738,-2.604001474499597 13.014318778266976,-2.604001474499597 13.871913714966208,-2.604001474499597 14.729508651665444,-2.604001474499597 15.587103588364682,-2.604001474499597 16.444698525063917,-2.604001474499597 17.302293461763153,-2.604001474499597 18.159888398462385,-2.604001474499597 19.017483335161625,-2.604001474499597 19.875078271860858,-2.604001474499597 20.732673208560094,-2.604001474499597 21.59026814525933,-2.604001474499597 22.447863081958566,-2.604001474499597 23.305458018657802,-2.604001474499597 24.163052955357035,-2.604001474499597 25.02064789205627,-2.604001474499597 25.878242828755504,-2.604001474499597 26.735837765454743,-2.604001474499597 27.593432702153976,-2.604001474499597 27.593432702153976,-3.4011283599860747 27.593432702153976,-4.198242056271894 26.692958018619777,-4.198242056271894 25.792483335085578,-4.198242056271894 24.892008651551382,-4.198242056271894 23.991533968017187,-4.198242056271894 23.091059284482988,-4.198242056271894 22.190584600948792,-4.198242056271894 21.2901099174146,-4.198242056271894 20.389635233880398,-4.198242056271894 19.4891605503462,-4.198242056271894 18.588685866812,-4.198242056271894 17.688211183277808,-4.198242056271894 16.78773649974361,-4.198242056271894 15.88726181620941,-4.198242056271894 14.986787132675214,-4.198242056271894 14.086312449141014,-4.198242056271894 13.185837765606818,-4.198242056271894 12.285363082072621,-4.198242056271894 11.384888398538422,-4.198242056271894 10.484413715004226,-4.198242056271894 9.583939031470033,-4.198242056271894</kml:coordinates></kml:LinearRing></kml:outerBoundaryIs></kml:Polygon></exclusionArea></exclusionAreas><featureActions xmlns:ogc="http://www.opengis.net/ogc"><featureAction id="s7yv0d9s8rv" active="true" title="high confidence" description="" type="qp3ga14c4gks#OSDS:VIIRS_Detection#features" typeHint="exact" tags="" children=""><filter><ogc:And namehint="high confidence"><ogc:PropertyIsGreaterThan><ogc:PropertyName>confidence</ogc:PropertyName><ogc:Literal><![CDATA[85]]></ogc:Literal></ogc:PropertyIsGreaterThan></ogc:And></filter><actions><featureStyleAction><color>#ffffff</color><opacity>1</opacity><size>3</size><shape>Icon</shape><iconSrc>http://maps.google.com/mapfiles/kml/paddle/red-circle.png</iconSrc><centerShape>Point</centerShape><showRotation>false</showRotation><rotationColumn>false</rotationColumn></featureStyleAction></actions></featureAction></featureActions><filters xmlns:ogc="http://www.opengis.net/ogc"><filter id="efj5066nc6dj" active="true" filterType="single" title="moderate confidence" description="" type="qp3ga14c4gks#OSDS:VIIRS_Detection#features" match="AND"><ogc:And namehint="moderate confidence"><ogc:PropertyIsGreaterThanOrEqualTo><ogc:PropertyName>confidence</ogc:PropertyName><ogc:Literal><![CDATA[50]]></ogc:Literal></ogc:PropertyIsGreaterThanOrEqualTo></ogc:And></filter></filters><queryAreas><queryArea id="area_od31xdlmup9q" title="test include area"><description/><tags/><kml:Polygon xmlns:kml="http://www.opengis.net/kml/2.2"><kml:outerBoundaryIs><kml:LinearRing><kml:coordinates>12.029714190896597,-6.276179358862478 12.029714190896597,-5.3803206237758445 12.029714190896597,-4.48443562714786 12.029714190896597,-3.5885287016412946 12.029714190896597,-2.6926042018944543 12.029714190896597,-1.7966665001600717 12.029714190896597,-0.9007199819245812 12.029714190896597,-0.004769041512787453 12.029714190896597,0.891181922317017 12.029714190896597,1.787128510783134 12.902136270465293,1.787128510783134 13.774558350033988,1.787128510783134 14.646980429602683,1.787128510783134 15.519402509171382,1.787128510783134 16.391824588740075,1.787128510783134 17.264246668308772,1.787128510783134 18.13666874787747,1.787128510783134 19.009090827446162,1.787128510783134 19.88151290701486,1.787128510783134 20.753934986583555,1.787128510783134 21.626357066152252,1.787128510783134 22.498779145720942,1.787128510783134 22.498779145720942,0.891181922317017 22.498779145720942,-0.004769041512787453 22.498779145720942,-0.9007199819245812 22.498779145720942,-1.7966665001600717 22.498779145720942,-2.69260420189444 22.498779145720942,-3.5885287016412946 22.498779145720942,-4.48443562714786 22.498779145720942,-5.38032062377583 22.498779145720942,-6.276179358862478 21.626357066152245,-6.276179358862478 20.75393498658355,-6.276179358862478 19.881512907014855,-6.276179358862478 19.009090827446162,-6.276179358862478 18.136668747877465,-6.276179358862478 17.264246668308772,-6.276179358862478 16.391824588740075,-6.276179358862478 15.519402509171378,-6.276179358862478 14.646980429602687,-6.276179358862478 13.774558350033988,-6.276179358862478 12.902136270465293,-6.276179358862478 12.029714190896597,-6.276179358862478</kml:coordinates></kml:LinearRing></kml:outerBoundaryIs></kml:Polygon></queryArea></queryAreas><queryEntries><queryEntry layerId="qp3ga14c4gks#OSDS:VIIRS_Detection#features" areaId="area_2qkux4adqvm7" filterId="efj5066nc6dj" includeArea="false" filterGroup="true"/><queryEntry layerId="qp3ga14c4gks#OSDS:VIIRS_Detection#features" areaId="area_od31xdlmup9q" filterId="efj5066nc6dj" includeArea="true" filterGroup="true"/></queryEntries><time><interval>2019-01-27T00:00:00Z/2019-01-28T00:00:00Z</interval><current>2019-01-27T00:00:00Z/2019-01-28T00:00:00Z</current><advance>PT30M</advance><duration>day</duration></time></state>